[0.249s] DEBUG:colcon:Command line arguments: ['/usr/bin/colcon', 'build']
[0.250s] DEBUG:colcon:Parsed command line arguments: Namespace(log_base=None, log_level=None, verb_name='build', build_base='build', install_base='install', merge_install=False, symlink_install=False, test_result_base=None, continue_on_error=False, executor='parallel', parallel_workers=16, event_handlers=None, ignore_user_meta=False, metas=['./colcon.meta'], base_paths=['.'], packages_ignore=None, packages_ignore_regex=None, paths=None, packages_up_to=None, packages_up_to_regex=None, packages_above=None, packages_above_and_dependencies=None, packages_above_depth=None, packages_select_by_dep=None, packages_skip_by_dep=None, packages_skip_up_to=None, packages_select_build_failed=False, packages_skip_build_finished=False, packages_select_test_failures=False, packages_skip_test_passed=False, packages_select=None, packages_skip=None, packages_select_regex=None, packages_skip_regex=None, packages_start=None, packages_end=None, allow_overriding=[], cmake_args=None, cmake_target=None, cmake_target_skip_unavailable=False, cmake_clean_cache=False, cmake_clean_first=False, cmake_force_configure=False, ament_cmake_args=None, catkin_cmake_args=None, catkin_skip_building_tests=False, verb_parser=<colcon_defaults.argument_parser.defaults.DefaultArgumentsDecorator object at 0x7f023ededd50>, verb_extension=<colcon_core.verb.build.BuildVerb object at 0x7f023ed03b20>, main=<bound method BuildVerb.main of <colcon_core.verb.build.BuildVerb object at 0x7f023ed03b20>>)
[0.277s] Level 1:colcon.colcon_core.package_discovery:discover_packages(colcon_meta) check parameters
[0.277s] Level 1:colcon.colcon_core.package_discovery:discover_packages(recursive) check parameters
[0.277s] Level 1:colcon.colcon_core.package_discovery:discover_packages(ignore) check parameters
[0.277s] Level 1:colcon.colcon_core.package_discovery:discover_packages(path) check parameters
[0.277s] Level 1:colcon.colcon_core.package_discovery:discover_packages(colcon_meta) discover
[0.277s] Level 1:colcon.colcon_core.package_discovery:discover_packages(recursive) discover
[0.277s] INFO:colcon.colcon_core.package_discovery:Crawling recursively for packages in '/home/adrien/proto_ws_ros2'
[0.277s] Level 1:colcon.colcon_core.package_identification:_identify(.) by extensions ['ignore', 'ignore_ament_install']
[0.277s] Level 1:colcon.colcon_core.package_identification:_identify(.) by extension 'ignore'
[0.277s] Level 1:colcon.colcon_core.package_identification:_identify(.) by extension 'ignore_ament_install'
[0.277s] Level 1:colcon.colcon_core.package_identification:_identify(.) by extensions ['colcon_pkg']
[0.277s] Level 1:colcon.colcon_core.package_identification:_identify(.) by extension 'colcon_pkg'
[0.277s] Level 1:colcon.colcon_core.package_identification:_identify(.) by extensions ['colcon_meta']
[0.277s] Level 1:colcon.colcon_core.package_identification:_identify(.) by extension 'colcon_meta'
[0.277s] Level 1:colcon.colcon_core.package_identification:_identify(.) by extensions ['ros']
[0.277s] Level 1:colcon.colcon_core.package_identification:_identify(.) by extension 'ros'
[0.286s] Level 1:colcon.colcon_core.package_identification:_identify(.) by extensions ['cmake', 'python']
[0.287s] Level 1:colcon.colcon_core.package_identification:_identify(.) by extension 'cmake'
[0.287s] Level 1:colcon.colcon_core.package_identification:_identify(.) by extension 'python'
[0.287s] Level 1:colcon.colcon_core.package_identification:_identify(.) by extensions ['python_setup_py']
[0.287s] Level 1:colcon.colcon_core.package_identification:_identify(.) by extension 'python_setup_py'
[0.287s] Level 1:colcon.colcon_core.package_identification:_identify(build) by extensions ['ignore', 'ignore_ament_install']
[0.287s] Level 1:colcon.colcon_core.package_identification:_identify(build) by extension 'ignore'
[0.287s] Level 1:colcon.colcon_core.package_identification:_identify(build) ignored
[0.287s] Level 1:colcon.colcon_core.package_identification:_identify(install) by extensions ['ignore', 'ignore_ament_install']
[0.287s] Level 1:colcon.colcon_core.package_identification:_identify(install) by extension 'ignore'
[0.287s] Level 1:colcon.colcon_core.package_identification:_identify(install) ignored
[0.287s] Level 1:colcon.colcon_core.package_identification:_identify(log) by extensions ['ignore', 'ignore_ament_install']
[0.287s] Level 1:colcon.colcon_core.package_identification:_identify(log) by extension 'ignore'
[0.287s] Level 1:colcon.colcon_core.package_identification:_identify(log) ignored
[0.287s] Level 1:colcon.colcon_core.package_identification:_identify(src) by extensions ['ignore', 'ignore_ament_install']
[0.287s] Level 1:colcon.colcon_core.package_identification:_identify(src) by extension 'ignore'
[0.287s] Level 1:colcon.colcon_core.package_identification:_identify(src) by extension 'ignore_ament_install'
[0.288s] Level 1:colcon.colcon_core.package_identification:_identify(src) by extensions ['colcon_pkg']
[0.288s] Level 1:colcon.colcon_core.package_identification:_identify(src) by extension 'colcon_pkg'
[0.288s] Level 1:colcon.colcon_core.package_identification:_identify(src) by extensions ['colcon_meta']
[0.288s] Level 1:colcon.colcon_core.package_identification:_identify(src) by extension 'colcon_meta'
[0.288s] Level 1:colcon.colcon_core.package_identification:_identify(src) by extensions ['ros']
[0.288s] Level 1:colcon.colcon_core.package_identification:_identify(src) by extension 'ros'
[0.288s] Level 1:colcon.colcon_core.package_identification:_identify(src) by extensions ['cmake', 'python']
[0.288s] Level 1:colcon.colcon_core.package_identification:_identify(src) by extension 'cmake'
[0.288s] Level 1:colcon.colcon_core.package_identification:_identify(src) by extension 'python'
[0.288s] Level 1:colcon.colcon_core.package_identification:_identify(src) by extensions ['python_setup_py']
[0.288s] Level 1:colcon.colcon_core.package_identification:_identify(src) by extension 'python_setup_py'
[0.288s] Level 1:colcon.colcon_core.package_identification:_identify(src/DynamixelSDK) by extensions ['ignore', 'ignore_ament_install']
[0.288s] Level 1:colcon.colcon_core.package_identification:_identify(src/DynamixelSDK) by extension 'ignore'
[0.288s] Level 1:colcon.colcon_core.package_identification:_identify(src/DynamixelSDK) by extension 'ignore_ament_install'
[0.288s] Level 1:colcon.colcon_core.package_identification:_identify(src/DynamixelSDK) by extensions ['colcon_pkg']
[0.288s] Level 1:colcon.colcon_core.package_identification:_identify(src/DynamixelSDK) by extension 'colcon_pkg'
[0.288s] Level 1:colcon.colcon_core.package_identification:_identify(src/DynamixelSDK) by extensions ['colcon_meta']
[0.288s] Level 1:colcon.colcon_core.package_identification:_identify(src/DynamixelSDK) by extension 'colcon_meta'
[0.288s] Level 1:colcon.colcon_core.package_identification:_identify(src/DynamixelSDK) by extensions ['ros']
[0.288s] Level 1:colcon.colcon_core.package_identification:_identify(src/DynamixelSDK) by extension 'ros'
[0.288s] Level 1:colcon.colcon_core.package_identification:_identify(src/DynamixelSDK) by extensions ['cmake', 'python']
[0.288s] Level 1:colcon.colcon_core.package_identification:_identify(src/DynamixelSDK) by extension 'cmake'
[0.288s] Level 1:colcon.colcon_core.package_identification:_identify(src/DynamixelSDK) by extension 'python'
[0.288s] Level 1:colcon.colcon_core.package_identification:_identify(src/DynamixelSDK) by extensions ['python_setup_py']
[0.288s] Level 1:colcon.colcon_core.package_identification:_identify(src/DynamixelSDK) by extension 'python_setup_py'
[0.288s] Level 1:colcon.colcon_core.package_identification:_identify(src/DynamixelSDK/dynamixel_sdk) by extensions ['ignore', 'ignore_ament_install']
[0.289s] Level 1:colcon.colcon_core.package_identification:_identify(src/DynamixelSDK/dynamixel_sdk) by extension 'ignore'
[0.289s] Level 1:colcon.colcon_core.package_identification:_identify(src/DynamixelSDK/dynamixel_sdk) by extension 'ignore_ament_install'
[0.289s] Level 1:colcon.colcon_core.package_identification:_identify(src/DynamixelSDK/dynamixel_sdk) by extensions ['colcon_pkg']
[0.289s] Level 1:colcon.colcon_core.package_identification:_identify(src/DynamixelSDK/dynamixel_sdk) by extension 'colcon_pkg'
[0.289s] Level 1:colcon.colcon_core.package_identification:_identify(src/DynamixelSDK/dynamixel_sdk) by extensions ['colcon_meta']
[0.289s] Level 1:colcon.colcon_core.package_identification:_identify(src/DynamixelSDK/dynamixel_sdk) by extension 'colcon_meta'
[0.289s] Level 1:colcon.colcon_core.package_identification:_identify(src/DynamixelSDK/dynamixel_sdk) by extensions ['ros']
[0.289s] Level 1:colcon.colcon_core.package_identification:_identify(src/DynamixelSDK/dynamixel_sdk) by extension 'ros'
[0.291s] DEBUG:colcon.colcon_core.package_identification:Package 'src/DynamixelSDK/dynamixel_sdk' with type 'ros.ament_cmake' and name 'dynamixel_sdk'
[0.291s] Level 1:colcon.colcon_core.package_identification:_identify(src/DynamixelSDK/dynamixel_sdk_custom_interfaces) by extensions ['ignore', 'ignore_ament_install']
[0.291s] Level 1:colcon.colcon_core.package_identification:_identify(src/DynamixelSDK/dynamixel_sdk_custom_interfaces) by extension 'ignore'
[0.291s] Level 1:colcon.colcon_core.package_identification:_identify(src/DynamixelSDK/dynamixel_sdk_custom_interfaces) by extension 'ignore_ament_install'
[0.291s] Level 1:colcon.colcon_core.package_identification:_identify(src/DynamixelSDK/dynamixel_sdk_custom_interfaces) by extensions ['colcon_pkg']
[0.291s] Level 1:colcon.colcon_core.package_identification:_identify(src/DynamixelSDK/dynamixel_sdk_custom_interfaces) by extension 'colcon_pkg'
[0.291s] Level 1:colcon.colcon_core.package_identification:_identify(src/DynamixelSDK/dynamixel_sdk_custom_interfaces) by extensions ['colcon_meta']
[0.291s] Level 1:colcon.colcon_core.package_identification:_identify(src/DynamixelSDK/dynamixel_sdk_custom_interfaces) by extension 'colcon_meta'
[0.291s] Level 1:colcon.colcon_core.package_identification:_identify(src/DynamixelSDK/dynamixel_sdk_custom_interfaces) by extensions ['ros']
[0.291s] Level 1:colcon.colcon_core.package_identification:_identify(src/DynamixelSDK/dynamixel_sdk_custom_interfaces) by extension 'ros'
[0.292s] DEBUG:colcon.colcon_core.package_identification:Package 'src/DynamixelSDK/dynamixel_sdk_custom_interfaces' with type 'ros.ament_cmake' and name 'dynamixel_sdk_custom_interfaces'
[0.292s] Level 1:colcon.colcon_core.package_identification:_identify(src/DynamixelSDK/dynamixel_sdk_examples) by extensions ['ignore', 'ignore_ament_install']
[0.292s] Level 1:colcon.colcon_core.package_identification:_identify(src/DynamixelSDK/dynamixel_sdk_examples) by extension 'ignore'
[0.292s] Level 1:colcon.colcon_core.package_identification:_identify(src/DynamixelSDK/dynamixel_sdk_examples) by extension 'ignore_ament_install'
[0.292s] Level 1:colcon.colcon_core.package_identification:_identify(src/DynamixelSDK/dynamixel_sdk_examples) by extensions ['colcon_pkg']
[0.292s] Level 1:colcon.colcon_core.package_identification:_identify(src/DynamixelSDK/dynamixel_sdk_examples) by extension 'colcon_pkg'
[0.292s] Level 1:colcon.colcon_core.package_identification:_identify(src/DynamixelSDK/dynamixel_sdk_examples) by extensions ['colcon_meta']
[0.292s] Level 1:colcon.colcon_core.package_identification:_identify(src/DynamixelSDK/dynamixel_sdk_examples) by extension 'colcon_meta'
[0.292s] Level 1:colcon.colcon_core.package_identification:_identify(src/DynamixelSDK/dynamixel_sdk_examples) by extensions ['ros']
[0.292s] Level 1:colcon.colcon_core.package_identification:_identify(src/DynamixelSDK/dynamixel_sdk_examples) by extension 'ros'
[0.293s] DEBUG:colcon.colcon_core.package_identification:Package 'src/DynamixelSDK/dynamixel_sdk_examples' with type 'ros.ament_cmake' and name 'dynamixel_sdk_examples'
[0.293s] Level 1:colcon.colcon_core.package_discovery:discover_packages(recursive) using defaults
[0.293s] Level 1:colcon.colcon_core.package_discovery:discover_packages(ignore) discover
[0.293s] Level 1:colcon.colcon_core.package_discovery:discover_packages(ignore) using defaults
[0.293s] Level 1:colcon.colcon_core.package_discovery:discover_packages(path) discover
[0.293s] Level 1:colcon.colcon_core.package_discovery:discover_packages(path) using defaults
[0.311s] Level 1:colcon.colcon_core.package_discovery:discover_packages(prefix_path) check parameters
[0.311s] Level 1:colcon.colcon_core.package_discovery:discover_packages(prefix_path) discover
[0.313s] DEBUG:colcon.colcon_installed_package_information.package_discovery:Found 3 installed packages in /home/adrien/proto_ws_ros2/install
[0.315s] DEBUG:colcon.colcon_installed_package_information.package_discovery:Found 285 installed packages in /opt/ros/humble
[0.316s] Level 1:colcon.colcon_core.package_discovery:discover_packages(prefix_path) using defaults
[0.364s] Level 5:colcon.colcon_core.verb:set package 'dynamixel_sdk' build argument 'cmake_args' from command line to 'None'
[0.364s] Level 5:colcon.colcon_core.verb:set package 'dynamixel_sdk' build argument 'cmake_target' from command line to 'None'
[0.364s] Level 5:colcon.colcon_core.verb:set package 'dynamixel_sdk' build argument 'cmake_target_skip_unavailable' from command line to 'False'
[0.364s] Level 5:colcon.colcon_core.verb:set package 'dynamixel_sdk' build argument 'cmake_clean_cache' from command line to 'False'
[0.364s] Level 5:colcon.colcon_core.verb:set package 'dynamixel_sdk' build argument 'cmake_clean_first' from command line to 'False'
[0.364s] Level 5:colcon.colcon_core.verb:set package 'dynamixel_sdk' build argument 'cmake_force_configure' from command line to 'False'
[0.364s] Level 5:colcon.colcon_core.verb:set package 'dynamixel_sdk' build argument 'ament_cmake_args' from command line to 'None'
[0.364s] Level 5:colcon.colcon_core.verb:set package 'dynamixel_sdk' build argument 'catkin_cmake_args' from command line to 'None'
[0.364s] Level 5:colcon.colcon_core.verb:set package 'dynamixel_sdk' build argument 'catkin_skip_building_tests' from command line to 'False'
[0.364s] DEBUG:colcon.colcon_core.verb:Building package 'dynamixel_sdk' with the following arguments: {'ament_cmake_args': None, 'build_base': '/home/adrien/proto_ws_ros2/build/dynamixel_sdk', 'catkin_cmake_args': None, 'catkin_skip_building_tests': False, 'cmake_args': None, 'cmake_clean_cache': False, 'cmake_clean_first': False, 'cmake_force_configure': False, 'cmake_target': None, 'cmake_target_skip_unavailable': False, 'install_base': '/home/adrien/proto_ws_ros2/install/dynamixel_sdk', 'merge_install': False, 'path': '/home/adrien/proto_ws_ros2/src/DynamixelSDK/dynamixel_sdk', 'symlink_install': False, 'test_result_base': None}
[0.365s] Level 5:colcon.colcon_core.verb:set package 'dynamixel_sdk_custom_interfaces' build argument 'cmake_args' from command line to 'None'
[0.365s] Level 5:colcon.colcon_core.verb:set package 'dynamixel_sdk_custom_interfaces' build argument 'cmake_target' from command line to 'None'
[0.365s] Level 5:colcon.colcon_core.verb:set package 'dynamixel_sdk_custom_interfaces' build argument 'cmake_target_skip_unavailable' from command line to 'False'
[0.365s] Level 5:colcon.colcon_core.verb:set package 'dynamixel_sdk_custom_interfaces' build argument 'cmake_clean_cache' from command line to 'False'
[0.365s] Level 5:colcon.colcon_core.verb:set package 'dynamixel_sdk_custom_interfaces' build argument 'cmake_clean_first' from command line to 'False'
[0.365s] Level 5:colcon.colcon_core.verb:set package 'dynamixel_sdk_custom_interfaces' build argument 'cmake_force_configure' from command line to 'False'
[0.365s] Level 5:colcon.colcon_core.verb:set package 'dynamixel_sdk_custom_interfaces' build argument 'ament_cmake_args' from command line to 'None'
[0.365s] Level 5:colcon.colcon_core.verb:set package 'dynamixel_sdk_custom_interfaces' build argument 'catkin_cmake_args' from command line to 'None'
[0.365s] Level 5:colcon.colcon_core.verb:set package 'dynamixel_sdk_custom_interfaces' build argument 'catkin_skip_building_tests' from command line to 'False'
[0.365s] DEBUG:colcon.colcon_core.verb:Building package 'dynamixel_sdk_custom_interfaces' with the following arguments: {'ament_cmake_args': None, 'build_base': '/home/adrien/proto_ws_ros2/build/dynamixel_sdk_custom_interfaces', 'catkin_cmake_args': None, 'catkin_skip_building_tests': False, 'cmake_args': None, 'cmake_clean_cache': False, 'cmake_clean_first': False, 'cmake_force_configure': False, 'cmake_target': None, 'cmake_target_skip_unavailable': False, 'install_base': '/home/adrien/proto_ws_ros2/install/dynamixel_sdk_custom_interfaces', 'merge_install': False, 'path': '/home/adrien/proto_ws_ros2/src/DynamixelSDK/dynamixel_sdk_custom_interfaces', 'symlink_install': False, 'test_result_base': None}
[0.365s] Level 5:colcon.colcon_core.verb:set package 'dynamixel_sdk_examples' build argument 'cmake_args' from command line to 'None'
[0.366s] Level 5:colcon.colcon_core.verb:set package 'dynamixel_sdk_examples' build argument 'cmake_target' from command line to 'None'
[0.366s] Level 5:colcon.colcon_core.verb:set package 'dynamixel_sdk_examples' build argument 'cmake_target_skip_unavailable' from command line to 'False'
[0.366s] Level 5:colcon.colcon_core.verb:set package 'dynamixel_sdk_examples' build argument 'cmake_clean_cache' from command line to 'False'
[0.366s] Level 5:colcon.colcon_core.verb:set package 'dynamixel_sdk_examples' build argument 'cmake_clean_first' from command line to 'False'
[0.366s] Level 5:colcon.colcon_core.verb:set package 'dynamixel_sdk_examples' build argument 'cmake_force_configure' from command line to 'False'
[0.366s] Level 5:colcon.colcon_core.verb:set package 'dynamixel_sdk_examples' build argument 'ament_cmake_args' from command line to 'None'
[0.366s] Level 5:colcon.colcon_core.verb:set package 'dynamixel_sdk_examples' build argument 'catkin_cmake_args' from command line to 'None'
[0.366s] Level 5:colcon.colcon_core.verb:set package 'dynamixel_sdk_examples' build argument 'catkin_skip_building_tests' from command line to 'False'
[0.366s] DEBUG:colcon.colcon_core.verb:Building package 'dynamixel_sdk_examples' with the following arguments: {'ament_cmake_args': None, 'build_base': '/home/adrien/proto_ws_ros2/build/dynamixel_sdk_examples', 'catkin_cmake_args': None, 'catkin_skip_building_tests': False, 'cmake_args': None, 'cmake_clean_cache': False, 'cmake_clean_first': False, 'cmake_force_configure': False, 'cmake_target': None, 'cmake_target_skip_unavailable': False, 'install_base': '/home/adrien/proto_ws_ros2/install/dynamixel_sdk_examples', 'merge_install': False, 'path': '/home/adrien/proto_ws_ros2/src/DynamixelSDK/dynamixel_sdk_examples', 'symlink_install': False, 'test_result_base': None}
[0.366s] INFO:colcon.colcon_core.executor:Executing jobs using 'parallel' executor
[0.369s] DEBUG:colcon.colcon_parallel_executor.executor.parallel:run_until_complete
[0.369s] INFO:colcon.colcon_ros.task.ament_cmake.build:Building ROS package in '/home/adrien/proto_ws_ros2/src/DynamixelSDK/dynamixel_sdk' with build type 'ament_cmake'
[0.369s] INFO:colcon.colcon_cmake.task.cmake.build:Building CMake package in '/home/adrien/proto_ws_ros2/src/DynamixelSDK/dynamixel_sdk'
[0.373s] INFO:colcon.colcon_core.plugin_system:Skipping extension 'colcon_core.shell.bat': Not used on non-Windows systems
[0.373s] INFO:colcon.colcon_core.shell:Skip shell extension 'powershell' for command environment: Not usable outside of PowerShell
[0.373s] DEBUG:colcon.colcon_core.shell:Skip shell extension 'dsv' for command environment
[0.377s] INFO:colcon.colcon_ros.task.ament_cmake.build:Building ROS package in '/home/adrien/proto_ws_ros2/src/DynamixelSDK/dynamixel_sdk_custom_interfaces' with build type 'ament_cmake'
[0.378s] INFO:colcon.colcon_cmake.task.cmake.build:Building CMake package in '/home/adrien/proto_ws_ros2/src/DynamixelSDK/dynamixel_sdk_custom_interfaces'
[0.379s] INFO:colcon.colcon_core.shell:Skip shell extension 'powershell' for command environment: Not usable outside of PowerShell
[0.379s] DEBUG:colcon.colcon_core.shell:Skip shell extension 'dsv' for command environment
[0.390s] DEBUG:colcon.colcon_core.event_handler.log_command:Invoking command in '/home/adrien/proto_ws_ros2/build/dynamixel_sdk': CMAKE_PREFIX_PATH=${CMAKE_PREFIX_PATH}:/opt/ros/humble /usr/bin/cmake --build /home/adrien/proto_ws_ros2/build/dynamixel_sdk -- -j16 -l16
[0.393s] DEBUG:colcon.colcon_core.event_handler.log_command:Invoking command in '/home/adrien/proto_ws_ros2/build/dynamixel_sdk_custom_interfaces': CMAKE_PREFIX_PATH=${CMAKE_PREFIX_PATH}:/opt/ros/humble /usr/bin/cmake --build /home/adrien/proto_ws_ros2/build/dynamixel_sdk_custom_interfaces -- -j16 -l16
[0.467s] DEBUG:colcon.colcon_core.event_handler.log_command:Invoked command in '/home/adrien/proto_ws_ros2/build/dynamixel_sdk' returned '0': CMAKE_PREFIX_PATH=${CMAKE_PREFIX_PATH}:/opt/ros/humble /usr/bin/cmake --build /home/adrien/proto_ws_ros2/build/dynamixel_sdk -- -j16 -l16
[0.538s] DEBUG:colcon.colcon_core.event_handler.log_command:Invoking command in '/home/adrien/proto_ws_ros2/build/dynamixel_sdk': CMAKE_PREFIX_PATH=${CMAKE_PREFIX_PATH}:/opt/ros/humble /usr/bin/cmake --install /home/adrien/proto_ws_ros2/build/dynamixel_sdk
[0.549s] Level 1:colcon.colcon_core.environment:create_environment_scripts_only(dynamixel_sdk)
[0.550s] DEBUG:colcon.colcon_core.event_handler.log_command:Invoked command in '/home/adrien/proto_ws_ros2/build/dynamixel_sdk' returned '0': CMAKE_PREFIX_PATH=${CMAKE_PREFIX_PATH}:/opt/ros/humble /usr/bin/cmake --install /home/adrien/proto_ws_ros2/build/dynamixel_sdk
[0.553s] Level 1:colcon.colcon_core.environment:checking '/home/adrien/proto_ws_ros2/install/dynamixel_sdk' for CMake module files
[0.553s] Level 1:colcon.colcon_core.environment:checking '/home/adrien/proto_ws_ros2/install/dynamixel_sdk' for CMake config files
[0.553s] Level 1:colcon.colcon_core.shell:create_environment_hook('dynamixel_sdk', 'cmake_prefix_path')
[0.554s] INFO:colcon.colcon_core.shell:Creating environment hook '/home/adrien/proto_ws_ros2/install/dynamixel_sdk/share/dynamixel_sdk/hook/cmake_prefix_path.ps1'
[0.555s] INFO:colcon.colcon_core.shell:Creating environment descriptor '/home/adrien/proto_ws_ros2/install/dynamixel_sdk/share/dynamixel_sdk/hook/cmake_prefix_path.dsv'
[0.555s] INFO:colcon.colcon_core.shell:Creating environment hook '/home/adrien/proto_ws_ros2/install/dynamixel_sdk/share/dynamixel_sdk/hook/cmake_prefix_path.sh'
[0.556s] Level 1:colcon.colcon_core.environment:checking '/home/adrien/proto_ws_ros2/install/dynamixel_sdk/lib'
[0.556s] Level 1:colcon.colcon_core.shell:create_environment_hook('dynamixel_sdk', 'ld_library_path_lib')
[0.557s] INFO:colcon.colcon_core.shell:Creating environment hook '/home/adrien/proto_ws_ros2/install/dynamixel_sdk/share/dynamixel_sdk/hook/ld_library_path_lib.ps1'
[0.557s] INFO:colcon.colcon_core.shell:Creating environment descriptor '/home/adrien/proto_ws_ros2/install/dynamixel_sdk/share/dynamixel_sdk/hook/ld_library_path_lib.dsv'
[0.558s] INFO:colcon.colcon_core.shell:Creating environment hook '/home/adrien/proto_ws_ros2/install/dynamixel_sdk/share/dynamixel_sdk/hook/ld_library_path_lib.sh'
[0.558s] Level 1:colcon.colcon_core.environment:checking '/home/adrien/proto_ws_ros2/install/dynamixel_sdk/bin'
[0.558s] Level 1:colcon.colcon_core.environment:checking '/home/adrien/proto_ws_ros2/install/dynamixel_sdk/lib/pkgconfig/dynamixel_sdk.pc'
[0.558s] Level 1:colcon.colcon_core.environment:checking '/home/adrien/proto_ws_ros2/install/dynamixel_sdk/lib/python3.10/site-packages'
[0.558s] Level 1:colcon.colcon_core.environment:checking '/home/adrien/proto_ws_ros2/install/dynamixel_sdk/bin'
[0.559s] INFO:colcon.colcon_core.shell:Creating package script '/home/adrien/proto_ws_ros2/install/dynamixel_sdk/share/dynamixel_sdk/package.ps1'
[0.560s] INFO:colcon.colcon_core.shell:Creating package descriptor '/home/adrien/proto_ws_ros2/install/dynamixel_sdk/share/dynamixel_sdk/package.dsv'
[0.561s] INFO:colcon.colcon_core.shell:Creating package script '/home/adrien/proto_ws_ros2/install/dynamixel_sdk/share/dynamixel_sdk/package.sh'
[0.561s] INFO:colcon.colcon_core.shell:Creating package script '/home/adrien/proto_ws_ros2/install/dynamixel_sdk/share/dynamixel_sdk/package.bash'
[0.562s] INFO:colcon.colcon_core.shell:Creating package script '/home/adrien/proto_ws_ros2/install/dynamixel_sdk/share/dynamixel_sdk/package.zsh'
[0.562s] Level 1:colcon.colcon_core.environment:create_file_with_runtime_dependencies(/home/adrien/proto_ws_ros2/install/dynamixel_sdk/share/colcon-core/packages/dynamixel_sdk)
[0.614s] Level 1:colcon.colcon_core.environment:create_environment_scripts_only(dynamixel_sdk)
[0.616s] Level 1:colcon.colcon_core.environment:checking '/home/adrien/proto_ws_ros2/install/dynamixel_sdk' for CMake module files
[0.616s] Level 1:colcon.colcon_core.environment:checking '/home/adrien/proto_ws_ros2/install/dynamixel_sdk' for CMake config files
[0.616s] Level 1:colcon.colcon_core.shell:create_environment_hook('dynamixel_sdk', 'cmake_prefix_path')
[0.617s] INFO:colcon.colcon_core.shell:Creating environment hook '/home/adrien/proto_ws_ros2/install/dynamixel_sdk/share/dynamixel_sdk/hook/cmake_prefix_path.ps1'
[0.618s] INFO:colcon.colcon_core.shell:Creating environment descriptor '/home/adrien/proto_ws_ros2/install/dynamixel_sdk/share/dynamixel_sdk/hook/cmake_prefix_path.dsv'
[0.618s] INFO:colcon.colcon_core.shell:Creating environment hook '/home/adrien/proto_ws_ros2/install/dynamixel_sdk/share/dynamixel_sdk/hook/cmake_prefix_path.sh'
[0.618s] Level 1:colcon.colcon_core.environment:checking '/home/adrien/proto_ws_ros2/install/dynamixel_sdk/lib'
[0.618s] Level 1:colcon.colcon_core.shell:create_environment_hook('dynamixel_sdk', 'ld_library_path_lib')
[0.619s] INFO:colcon.colcon_core.shell:Creating environment hook '/home/adrien/proto_ws_ros2/install/dynamixel_sdk/share/dynamixel_sdk/hook/ld_library_path_lib.ps1'
[0.620s] INFO:colcon.colcon_core.shell:Creating environment descriptor '/home/adrien/proto_ws_ros2/install/dynamixel_sdk/share/dynamixel_sdk/hook/ld_library_path_lib.dsv'
[0.620s] INFO:colcon.colcon_core.shell:Creating environment hook '/home/adrien/proto_ws_ros2/install/dynamixel_sdk/share/dynamixel_sdk/hook/ld_library_path_lib.sh'
[0.620s] Level 1:colcon.colcon_core.environment:checking '/home/adrien/proto_ws_ros2/install/dynamixel_sdk/bin'
[0.620s] Level 1:colcon.colcon_core.environment:checking '/home/adrien/proto_ws_ros2/install/dynamixel_sdk/lib/pkgconfig/dynamixel_sdk.pc'
[0.620s] Level 1:colcon.colcon_core.environment:checking '/home/adrien/proto_ws_ros2/install/dynamixel_sdk/lib/python3.10/site-packages'
[0.620s] Level 1:colcon.colcon_core.environment:checking '/home/adrien/proto_ws_ros2/install/dynamixel_sdk/bin'
[0.622s] INFO:colcon.colcon_core.shell:Creating package script '/home/adrien/proto_ws_ros2/install/dynamixel_sdk/share/dynamixel_sdk/package.ps1'
[0.622s] INFO:colcon.colcon_core.shell:Creating package descriptor '/home/adrien/proto_ws_ros2/install/dynamixel_sdk/share/dynamixel_sdk/package.dsv'
[0.623s] INFO:colcon.colcon_core.shell:Creating package script '/home/adrien/proto_ws_ros2/install/dynamixel_sdk/share/dynamixel_sdk/package.sh'
[0.623s] INFO:colcon.colcon_core.shell:Creating package script '/home/adrien/proto_ws_ros2/install/dynamixel_sdk/share/dynamixel_sdk/package.bash'
[0.623s] INFO:colcon.colcon_core.shell:Creating package script '/home/adrien/proto_ws_ros2/install/dynamixel_sdk/share/dynamixel_sdk/package.zsh'
[0.623s] Level 1:colcon.colcon_core.environment:create_file_with_runtime_dependencies(/home/adrien/proto_ws_ros2/install/dynamixel_sdk/share/colcon-core/packages/dynamixel_sdk)
[0.761s] DEBUG:colcon.colcon_core.event_handler.log_command:Invoked command in '/home/adrien/proto_ws_ros2/build/dynamixel_sdk_custom_interfaces' returned '0': CMAKE_PREFIX_PATH=${CMAKE_PREFIX_PATH}:/opt/ros/humble /usr/bin/cmake --build /home/adrien/proto_ws_ros2/build/dynamixel_sdk_custom_interfaces -- -j16 -l16
[0.928s] DEBUG:colcon.colcon_core.event_handler.log_command:Invoking command in '/home/adrien/proto_ws_ros2/build/dynamixel_sdk_custom_interfaces': CMAKE_PREFIX_PATH=${CMAKE_PREFIX_PATH}:/opt/ros/humble /usr/bin/cmake --install /home/adrien/proto_ws_ros2/build/dynamixel_sdk_custom_interfaces
[1.000s] Level 1:colcon.colcon_core.environment:create_environment_scripts_only(dynamixel_sdk_custom_interfaces)
[1.003s] Level 1:colcon.colcon_core.environment:checking '/home/adrien/proto_ws_ros2/install/dynamixel_sdk_custom_interfaces' for CMake module files
[1.004s] DEBUG:colcon.colcon_core.event_handler.log_command:Invoked command in '/home/adrien/proto_ws_ros2/build/dynamixel_sdk_custom_interfaces' returned '0': CMAKE_PREFIX_PATH=${CMAKE_PREFIX_PATH}:/opt/ros/humble /usr/bin/cmake --install /home/adrien/proto_ws_ros2/build/dynamixel_sdk_custom_interfaces
[1.005s] Level 1:colcon.colcon_core.environment:checking '/home/adrien/proto_ws_ros2/install/dynamixel_sdk_custom_interfaces' for CMake config files
[1.006s] Level 1:colcon.colcon_core.shell:create_environment_hook('dynamixel_sdk_custom_interfaces', 'cmake_prefix_path')
[1.008s] INFO:colcon.colcon_core.shell:Creating environment hook '/home/adrien/proto_ws_ros2/install/dynamixel_sdk_custom_interfaces/share/dynamixel_sdk_custom_interfaces/hook/cmake_prefix_path.ps1'
[1.009s] INFO:colcon.colcon_core.shell:Creating environment descriptor '/home/adrien/proto_ws_ros2/install/dynamixel_sdk_custom_interfaces/share/dynamixel_sdk_custom_interfaces/hook/cmake_prefix_path.dsv'
[1.009s] INFO:colcon.colcon_core.shell:Creating environment hook '/home/adrien/proto_ws_ros2/install/dynamixel_sdk_custom_interfaces/share/dynamixel_sdk_custom_interfaces/hook/cmake_prefix_path.sh'
[1.010s] Level 1:colcon.colcon_core.environment:checking '/home/adrien/proto_ws_ros2/install/dynamixel_sdk_custom_interfaces/lib'
[1.010s] Level 1:colcon.colcon_core.shell:create_environment_hook('dynamixel_sdk_custom_interfaces', 'ld_library_path_lib')
[1.013s] INFO:colcon.colcon_core.shell:Creating environment hook '/home/adrien/proto_ws_ros2/install/dynamixel_sdk_custom_interfaces/share/dynamixel_sdk_custom_interfaces/hook/ld_library_path_lib.ps1'
[1.014s] INFO:colcon.colcon_core.shell:Creating environment descriptor '/home/adrien/proto_ws_ros2/install/dynamixel_sdk_custom_interfaces/share/dynamixel_sdk_custom_interfaces/hook/ld_library_path_lib.dsv'
[1.014s] INFO:colcon.colcon_core.shell:Creating environment hook '/home/adrien/proto_ws_ros2/install/dynamixel_sdk_custom_interfaces/share/dynamixel_sdk_custom_interfaces/hook/ld_library_path_lib.sh'
[1.015s] Level 1:colcon.colcon_core.environment:checking '/home/adrien/proto_ws_ros2/install/dynamixel_sdk_custom_interfaces/bin'
[1.015s] Level 1:colcon.colcon_core.environment:checking '/home/adrien/proto_ws_ros2/install/dynamixel_sdk_custom_interfaces/lib/pkgconfig/dynamixel_sdk_custom_interfaces.pc'
[1.015s] Level 1:colcon.colcon_core.environment:checking '/home/adrien/proto_ws_ros2/install/dynamixel_sdk_custom_interfaces/lib/python3.10/site-packages'
[1.015s] Level 1:colcon.colcon_core.environment:checking '/home/adrien/proto_ws_ros2/install/dynamixel_sdk_custom_interfaces/bin'
[1.018s] INFO:colcon.colcon_core.shell:Creating package script '/home/adrien/proto_ws_ros2/install/dynamixel_sdk_custom_interfaces/share/dynamixel_sdk_custom_interfaces/package.ps1'
[1.019s] INFO:colcon.colcon_core.shell:Creating package descriptor '/home/adrien/proto_ws_ros2/install/dynamixel_sdk_custom_interfaces/share/dynamixel_sdk_custom_interfaces/package.dsv'
[1.020s] INFO:colcon.colcon_core.shell:Creating package script '/home/adrien/proto_ws_ros2/install/dynamixel_sdk_custom_interfaces/share/dynamixel_sdk_custom_interfaces/package.sh'
[1.021s] INFO:colcon.colcon_core.shell:Creating package script '/home/adrien/proto_ws_ros2/install/dynamixel_sdk_custom_interfaces/share/dynamixel_sdk_custom_interfaces/package.bash'
[1.021s] INFO:colcon.colcon_core.shell:Creating package script '/home/adrien/proto_ws_ros2/install/dynamixel_sdk_custom_interfaces/share/dynamixel_sdk_custom_interfaces/package.zsh'
[1.022s] Level 1:colcon.colcon_core.environment:create_file_with_runtime_dependencies(/home/adrien/proto_ws_ros2/install/dynamixel_sdk_custom_interfaces/share/colcon-core/packages/dynamixel_sdk_custom_interfaces)
[1.234s] Level 1:colcon.colcon_core.environment:create_environment_scripts_only(dynamixel_sdk_custom_interfaces)
[1.238s] Level 1:colcon.colcon_core.environment:checking '/home/adrien/proto_ws_ros2/install/dynamixel_sdk_custom_interfaces' for CMake module files
[1.239s] Level 1:colcon.colcon_core.environment:checking '/home/adrien/proto_ws_ros2/install/dynamixel_sdk_custom_interfaces' for CMake config files
[1.240s] Level 1:colcon.colcon_core.shell:create_environment_hook('dynamixel_sdk_custom_interfaces', 'cmake_prefix_path')
[1.243s] INFO:colcon.colcon_core.shell:Creating environment hook '/home/adrien/proto_ws_ros2/install/dynamixel_sdk_custom_interfaces/share/dynamixel_sdk_custom_interfaces/hook/cmake_prefix_path.ps1'
[1.243s] INFO:colcon.colcon_core.shell:Creating environment descriptor '/home/adrien/proto_ws_ros2/install/dynamixel_sdk_custom_interfaces/share/dynamixel_sdk_custom_interfaces/hook/cmake_prefix_path.dsv'
[1.244s] INFO:colcon.colcon_core.shell:Creating environment hook '/home/adrien/proto_ws_ros2/install/dynamixel_sdk_custom_interfaces/share/dynamixel_sdk_custom_interfaces/hook/cmake_prefix_path.sh'
[1.245s] Level 1:colcon.colcon_core.environment:checking '/home/adrien/proto_ws_ros2/install/dynamixel_sdk_custom_interfaces/lib'
[1.245s] Level 1:colcon.colcon_core.shell:create_environment_hook('dynamixel_sdk_custom_interfaces', 'ld_library_path_lib')
[1.248s] INFO:colcon.colcon_core.shell:Creating environment hook '/home/adrien/proto_ws_ros2/install/dynamixel_sdk_custom_interfaces/share/dynamixel_sdk_custom_interfaces/hook/ld_library_path_lib.ps1'
[1.249s] INFO:colcon.colcon_core.shell:Creating environment descriptor '/home/adrien/proto_ws_ros2/install/dynamixel_sdk_custom_interfaces/share/dynamixel_sdk_custom_interfaces/hook/ld_library_path_lib.dsv'
[1.249s] INFO:colcon.colcon_core.shell:Creating environment hook '/home/adrien/proto_ws_ros2/install/dynamixel_sdk_custom_interfaces/share/dynamixel_sdk_custom_interfaces/hook/ld_library_path_lib.sh'
[1.250s] Level 1:colcon.colcon_core.environment:checking '/home/adrien/proto_ws_ros2/install/dynamixel_sdk_custom_interfaces/bin'
[1.250s] Level 1:colcon.colcon_core.environment:checking '/home/adrien/proto_ws_ros2/install/dynamixel_sdk_custom_interfaces/lib/pkgconfig/dynamixel_sdk_custom_interfaces.pc'
[1.251s] Level 1:colcon.colcon_core.environment:checking '/home/adrien/proto_ws_ros2/install/dynamixel_sdk_custom_interfaces/lib/python3.10/site-packages'
[1.251s] Level 1:colcon.colcon_core.environment:checking '/home/adrien/proto_ws_ros2/install/dynamixel_sdk_custom_interfaces/bin'
[1.254s] INFO:colcon.colcon_core.shell:Creating package script '/home/adrien/proto_ws_ros2/install/dynamixel_sdk_custom_interfaces/share/dynamixel_sdk_custom_interfaces/package.ps1'
[1.255s] INFO:colcon.colcon_core.shell:Creating package descriptor '/home/adrien/proto_ws_ros2/install/dynamixel_sdk_custom_interfaces/share/dynamixel_sdk_custom_interfaces/package.dsv'
[1.256s] INFO:colcon.colcon_core.shell:Creating package script '/home/adrien/proto_ws_ros2/install/dynamixel_sdk_custom_interfaces/share/dynamixel_sdk_custom_interfaces/package.sh'
[1.257s] INFO:colcon.colcon_core.shell:Creating package script '/home/adrien/proto_ws_ros2/install/dynamixel_sdk_custom_interfaces/share/dynamixel_sdk_custom_interfaces/package.bash'
[1.258s] INFO:colcon.colcon_core.shell:Creating package script '/home/adrien/proto_ws_ros2/install/dynamixel_sdk_custom_interfaces/share/dynamixel_sdk_custom_interfaces/package.zsh'
[1.258s] Level 1:colcon.colcon_core.environment:create_file_with_runtime_dependencies(/home/adrien/proto_ws_ros2/install/dynamixel_sdk_custom_interfaces/share/colcon-core/packages/dynamixel_sdk_custom_interfaces)
[1.259s] INFO:colcon.colcon_ros.task.ament_cmake.build:Building ROS package in '/home/adrien/proto_ws_ros2/src/DynamixelSDK/dynamixel_sdk_examples' with build type 'ament_cmake'
[1.260s] INFO:colcon.colcon_cmake.task.cmake.build:Building CMake package in '/home/adrien/proto_ws_ros2/src/DynamixelSDK/dynamixel_sdk_examples'
[1.262s] INFO:colcon.colcon_core.shell:Skip shell extension 'powershell' for command environment: Not usable outside of PowerShell
[1.262s] DEBUG:colcon.colcon_core.shell:Skip shell extension 'dsv' for command environment
[1.289s] DEBUG:colcon.colcon_core.event_handler.log_command:Invoking command in '/home/adrien/proto_ws_ros2/build/dynamixel_sdk_examples': CMAKE_PREFIX_PATH=/home/adrien/proto_ws_ros2/install/dynamixel_sdk_custom_interfaces:/home/adrien/proto_ws_ros2/install/dynamixel_sdk:/home/adrien/proto_ws_ros2/install/dynamixel_sdk_examples:/opt/ros/humble /usr/bin/cmake --build /home/adrien/proto_ws_ros2/build/dynamixel_sdk_examples -- -j16 -l16
[8.454s] DEBUG:colcon.colcon_core.event_handler.log_command:Invoked command in '/home/adrien/proto_ws_ros2/build/dynamixel_sdk_examples' returned '0': CMAKE_PREFIX_PATH=/home/adrien/proto_ws_ros2/install/dynamixel_sdk_custom_interfaces:/home/adrien/proto_ws_ros2/install/dynamixel_sdk:/home/adrien/proto_ws_ros2/install/dynamixel_sdk_examples:/opt/ros/humble /usr/bin/cmake --build /home/adrien/proto_ws_ros2/build/dynamixel_sdk_examples -- -j16 -l16
[8.501s] DEBUG:colcon.colcon_core.event_handler.log_command:Invoking command in '/home/adrien/proto_ws_ros2/build/dynamixel_sdk_examples': CMAKE_PREFIX_PATH=/home/adrien/proto_ws_ros2/install/dynamixel_sdk_custom_interfaces:/home/adrien/proto_ws_ros2/install/dynamixel_sdk:/home/adrien/proto_ws_ros2/install/dynamixel_sdk_examples:/opt/ros/humble /usr/bin/cmake --install /home/adrien/proto_ws_ros2/build/dynamixel_sdk_examples
[8.519s] Level 1:colcon.colcon_core.environment:create_environment_scripts_only(dynamixel_sdk_examples)
[8.519s] DEBUG:colcon.colcon_core.event_handler.log_command:Invoked command in '/home/adrien/proto_ws_ros2/build/dynamixel_sdk_examples' returned '0': CMAKE_PREFIX_PATH=/home/adrien/proto_ws_ros2/install/dynamixel_sdk_custom_interfaces:/home/adrien/proto_ws_ros2/install/dynamixel_sdk:/home/adrien/proto_ws_ros2/install/dynamixel_sdk_examples:/opt/ros/humble /usr/bin/cmake --install /home/adrien/proto_ws_ros2/build/dynamixel_sdk_examples
[8.523s] Level 1:colcon.colcon_core.environment:checking '/home/adrien/proto_ws_ros2/install/dynamixel_sdk_examples' for CMake module files
[8.524s] Level 1:colcon.colcon_core.environment:checking '/home/adrien/proto_ws_ros2/install/dynamixel_sdk_examples' for CMake config files
[8.525s] Level 1:colcon.colcon_core.shell:create_environment_hook('dynamixel_sdk_examples', 'cmake_prefix_path')
[8.527s] INFO:colcon.colcon_core.shell:Creating environment hook '/home/adrien/proto_ws_ros2/install/dynamixel_sdk_examples/share/dynamixel_sdk_examples/hook/cmake_prefix_path.ps1'
[8.528s] INFO:colcon.colcon_core.shell:Creating environment descriptor '/home/adrien/proto_ws_ros2/install/dynamixel_sdk_examples/share/dynamixel_sdk_examples/hook/cmake_prefix_path.dsv'
[8.529s] INFO:colcon.colcon_core.shell:Creating environment hook '/home/adrien/proto_ws_ros2/install/dynamixel_sdk_examples/share/dynamixel_sdk_examples/hook/cmake_prefix_path.sh'
[8.530s] Level 1:colcon.colcon_core.environment:checking '/home/adrien/proto_ws_ros2/install/dynamixel_sdk_examples/lib'
[8.530s] Level 1:colcon.colcon_core.environment:checking '/home/adrien/proto_ws_ros2/install/dynamixel_sdk_examples/bin'
[8.530s] Level 1:colcon.colcon_core.environment:checking '/home/adrien/proto_ws_ros2/install/dynamixel_sdk_examples/lib/pkgconfig/dynamixel_sdk_examples.pc'
[8.531s] Level 1:colcon.colcon_core.environment:checking '/home/adrien/proto_ws_ros2/install/dynamixel_sdk_examples/lib/python3.10/site-packages'
[8.531s] Level 1:colcon.colcon_core.environment:checking '/home/adrien/proto_ws_ros2/install/dynamixel_sdk_examples/bin'
[8.534s] INFO:colcon.colcon_core.shell:Creating package script '/home/adrien/proto_ws_ros2/install/dynamixel_sdk_examples/share/dynamixel_sdk_examples/package.ps1'
[8.535s] INFO:colcon.colcon_core.shell:Creating package descriptor '/home/adrien/proto_ws_ros2/install/dynamixel_sdk_examples/share/dynamixel_sdk_examples/package.dsv'
[8.536s] INFO:colcon.colcon_core.shell:Creating package script '/home/adrien/proto_ws_ros2/install/dynamixel_sdk_examples/share/dynamixel_sdk_examples/package.sh'
[8.537s] INFO:colcon.colcon_core.shell:Creating package script '/home/adrien/proto_ws_ros2/install/dynamixel_sdk_examples/share/dynamixel_sdk_examples/package.bash'
[8.537s] INFO:colcon.colcon_core.shell:Creating package script '/home/adrien/proto_ws_ros2/install/dynamixel_sdk_examples/share/dynamixel_sdk_examples/package.zsh'
[8.538s] Level 1:colcon.colcon_core.environment:create_file_with_runtime_dependencies(/home/adrien/proto_ws_ros2/install/dynamixel_sdk_examples/share/colcon-core/packages/dynamixel_sdk_examples)
[8.609s] Level 1:colcon.colcon_core.environment:create_environment_scripts_only(dynamixel_sdk_examples)
[8.612s] Level 1:colcon.colcon_core.environment:checking '/home/adrien/proto_ws_ros2/install/dynamixel_sdk_examples' for CMake module files
[8.614s] Level 1:colcon.colcon_core.environment:checking '/home/adrien/proto_ws_ros2/install/dynamixel_sdk_examples' for CMake config files
[8.614s] Level 1:colcon.colcon_core.shell:create_environment_hook('dynamixel_sdk_examples', 'cmake_prefix_path')
[8.617s] INFO:colcon.colcon_core.shell:Creating environment hook '/home/adrien/proto_ws_ros2/install/dynamixel_sdk_examples/share/dynamixel_sdk_examples/hook/cmake_prefix_path.ps1'
[8.618s] INFO:colcon.colcon_core.shell:Creating environment descriptor '/home/adrien/proto_ws_ros2/install/dynamixel_sdk_examples/share/dynamixel_sdk_examples/hook/cmake_prefix_path.dsv'
[8.618s] INFO:colcon.colcon_core.shell:Creating environment hook '/home/adrien/proto_ws_ros2/install/dynamixel_sdk_examples/share/dynamixel_sdk_examples/hook/cmake_prefix_path.sh'
[8.620s] Level 1:colcon.colcon_core.environment:checking '/home/adrien/proto_ws_ros2/install/dynamixel_sdk_examples/lib'
[8.620s] Level 1:colcon.colcon_core.environment:checking '/home/adrien/proto_ws_ros2/install/dynamixel_sdk_examples/bin'
[8.620s] Level 1:colcon.colcon_core.environment:checking '/home/adrien/proto_ws_ros2/install/dynamixel_sdk_examples/lib/pkgconfig/dynamixel_sdk_examples.pc'
[8.620s] Level 1:colcon.colcon_core.environment:checking '/home/adrien/proto_ws_ros2/install/dynamixel_sdk_examples/lib/python3.10/site-packages'
[8.621s] Level 1:colcon.colcon_core.environment:checking '/home/adrien/proto_ws_ros2/install/dynamixel_sdk_examples/bin'
[8.624s] INFO:colcon.colcon_core.shell:Creating package script '/home/adrien/proto_ws_ros2/install/dynamixel_sdk_examples/share/dynamixel_sdk_examples/package.ps1'
[8.625s] INFO:colcon.colcon_core.shell:Creating package descriptor '/home/adrien/proto_ws_ros2/install/dynamixel_sdk_examples/share/dynamixel_sdk_examples/package.dsv'
[8.626s] INFO:colcon.colcon_core.shell:Creating package script '/home/adrien/proto_ws_ros2/install/dynamixel_sdk_examples/share/dynamixel_sdk_examples/package.sh'
[8.627s] INFO:colcon.colcon_core.shell:Creating package script '/home/adrien/proto_ws_ros2/install/dynamixel_sdk_examples/share/dynamixel_sdk_examples/package.bash'
[8.627s] INFO:colcon.colcon_core.shell:Creating package script '/home/adrien/proto_ws_ros2/install/dynamixel_sdk_examples/share/dynamixel_sdk_examples/package.zsh'
[8.628s] Level 1:colcon.colcon_core.environment:create_file_with_runtime_dependencies(/home/adrien/proto_ws_ros2/install/dynamixel_sdk_examples/share/colcon-core/packages/dynamixel_sdk_examples)
[8.629s] DEBUG:colcon.colcon_parallel_executor.executor.parallel:closing loop
[8.629s] DEBUG:colcon.colcon_parallel_executor.executor.parallel:loop closed
[8.630s] DEBUG:colcon.colcon_parallel_executor.executor.parallel:run_until_complete finished with '0'
[8.630s] DEBUG:colcon.colcon_core.event_reactor:joining thread
[8.641s] INFO:colcon.colcon_core.plugin_system:Skipping extension 'colcon_notification.desktop_notification.terminal_notifier': Not used on non-Darwin systems
[8.641s] INFO:colcon.colcon_core.plugin_system:Skipping extension 'colcon_notification.desktop_notification.win32': Not used on non-Windows systems
[8.642s] INFO:colcon.colcon_notification.desktop_notification:Sending desktop notification using 'notify2'
[8.665s] DEBUG:colcon.colcon_core.event_reactor:joined thread
[8.669s] INFO:colcon.colcon_core.shell:Creating prefix script '/home/adrien/proto_ws_ros2/install/local_setup.ps1'
[8.671s] INFO:colcon.colcon_core.shell:Creating prefix util module '/home/adrien/proto_ws_ros2/install/_local_setup_util_ps1.py'
[8.673s] INFO:colcon.colcon_core.shell:Creating prefix chain script '/home/adrien/proto_ws_ros2/install/setup.ps1'
[8.676s] INFO:colcon.colcon_core.shell:Creating prefix script '/home/adrien/proto_ws_ros2/install/local_setup.sh'
[8.677s] INFO:colcon.colcon_core.shell:Creating prefix util module '/home/adrien/proto_ws_ros2/install/_local_setup_util_sh.py'
[8.678s] INFO:colcon.colcon_core.shell:Creating prefix chain script '/home/adrien/proto_ws_ros2/install/setup.sh'
[8.682s] INFO:colcon.colcon_core.shell:Creating prefix script '/home/adrien/proto_ws_ros2/install/local_setup.bash'
[8.683s] INFO:colcon.colcon_core.shell:Creating prefix chain script '/home/adrien/proto_ws_ros2/install/setup.bash'
[8.685s] INFO:colcon.colcon_core.shell:Creating prefix script '/home/adrien/proto_ws_ros2/install/local_setup.zsh'
[8.686s] INFO:colcon.colcon_core.shell:Creating prefix chain script '/home/adrien/proto_ws_ros2/install/setup.zsh'
