running egg_info
creating ../../build/dinamyxelAx12/dinamyxelAx12.egg-info
writing ../../build/dinamyxelAx12/dinamyxelAx12.egg-info/PKG-INFO
writing dependency_links to ../../build/dinamyxelAx12/dinamyxelAx12.egg-info/dependency_links.txt
writing entry points to ../../build/dinamyxelAx12/dinamyxelAx12.egg-info/entry_points.txt
writing requirements to ../../build/dinamyxelAx12/dinamyxelAx12.egg-info/requires.txt
writing top-level names to ../../build/dinamyxelAx12/dinamyxelAx12.egg-info/top_level.txt
writing manifest file '../../build/dinamyxelAx12/dinamyxelAx12.egg-info/SOURCES.txt'
reading manifest file '../../build/dinamyxelAx12/dinamyxelAx12.egg-info/SOURCES.txt'
writing manifest file '../../build/dinamyxelAx12/dinamyxelAx12.egg-info/SOURCES.txt'
running build
running build_py
creating /home/adrien/py_proto_ros2/build/dinamyxelAx12/build
creating /home/adrien/py_proto_ros2/build/dinamyxelAx12/build/lib
creating /home/adrien/py_proto_ros2/build/dinamyxelAx12/build/lib/dinamyxelAx12
copying dinamyxelAx12/__init__.py -> /home/adrien/py_proto_ros2/build/dinamyxelAx12/build/lib/dinamyxelAx12
copying dinamyxelAx12/dinamyxelAx12.py -> /home/adrien/py_proto_ros2/build/dinamyxelAx12/build/lib/dinamyxelAx12
running install
/usr/lib/python3/dist-packages/setuptools/command/install.py:34: SetuptoolsDeprecationWarning: setup.py install is deprecated. Use build and pip and other standards-based tools.
  warnings.warn(
running install_lib
creating /home/adrien/py_proto_ros2/install/dinamyxelAx12/lib/python3.10/site-packages/dinamyxelAx12
copying /home/adrien/py_proto_ros2/build/dinamyxelAx12/build/lib/dinamyxelAx12/__init__.py -> /home/adrien/py_proto_ros2/install/dinamyxelAx12/lib/python3.10/site-packages/dinamyxelAx12
copying /home/adrien/py_proto_ros2/build/dinamyxelAx12/build/lib/dinamyxelAx12/dinamyxelAx12.py -> /home/adrien/py_proto_ros2/install/dinamyxelAx12/lib/python3.10/site-packages/dinamyxelAx12
byte-compiling /home/adrien/py_proto_ros2/install/dinamyxelAx12/lib/python3.10/site-packages/dinamyxelAx12/__init__.py to __init__.cpython-310.pyc
byte-compiling /home/adrien/py_proto_ros2/install/dinamyxelAx12/lib/python3.10/site-packages/dinamyxelAx12/dinamyxelAx12.py to dinamyxelAx12.cpython-310.pyc
running install_data
creating /home/adrien/py_proto_ros2/install/dinamyxelAx12/share/ament_index
creating /home/adrien/py_proto_ros2/install/dinamyxelAx12/share/ament_index/resource_index
creating /home/adrien/py_proto_ros2/install/dinamyxelAx12/share/ament_index/resource_index/packages
copying resource/dinamyxelAx12 -> /home/adrien/py_proto_ros2/install/dinamyxelAx12/share/ament_index/resource_index/packages
copying package.xml -> /home/adrien/py_proto_ros2/install/dinamyxelAx12/share/dinamyxelAx12
running install_egg_info
Copying ../../build/dinamyxelAx12/dinamyxelAx12.egg-info to /home/adrien/py_proto_ros2/install/dinamyxelAx12/lib/python3.10/site-packages/dinamyxelAx12-0.0.0-py3.10.egg-info
running install_scripts
Installing dinamyxelAx12 script to /home/adrien/py_proto_ros2/install/dinamyxelAx12/lib/dinamyxelAx12
writing list of installed files to '/home/adrien/py_proto_ros2/build/dinamyxelAx12/install.log'
