[0.024s] Invoking command in '/home/adrien/proto_ws_ros2/build/dynamixel_sdk_examples': AMENT_PREFIX_PATH=/home/adrien/proto_ws_ros2/install/dynamixel_sdk_custom_interfaces:/home/adrien/proto_ws_ros2/install/dynamixel_sdk:${AMENT_PREFIX_PATH} CMAKE_PREFIX_PATH=/home/adrien/proto_ws_ros2/install/dynamixel_sdk_custom_interfaces:/home/adrien/proto_ws_ros2/install/dynamixel_sdk:/opt/ros/humble LD_LIBRARY_PATH=/home/adrien/proto_ws_ros2/install/dynamixel_sdk_custom_interfaces/lib:/home/adrien/proto_ws_ros2/install/dynamixel_sdk/lib:${LD_LIBRARY_PATH} PYTHONPATH=/home/adrien/proto_ws_ros2/install/dynamixel_sdk_custom_interfaces/local/lib/python3.10/dist-packages:${PYTHONPATH} /usr/bin/cmake /home/adrien/proto_ws_ros2/src/DynamixelSDK/dynamixel_sdk_examples -DCMAKE_INSTALL_PREFIX=/home/adrien/proto_ws_ros2/install/dynamixel_sdk_examples
[0.101s] -- The C compiler identification is GNU 11.4.0
[0.189s] -- The CXX compiler identification is GNU 11.4.0
[0.197s] -- Detecting C compiler ABI info
[0.325s] -- Detecting C compiler ABI info - done
[0.344s] -- Check for working C compiler: /usr/bin/cc - skipped
[0.344s] -- Detecting C compile features
[0.345s] -- Detecting C compile features - done
[0.353s] -- Detecting CXX compiler ABI info
[0.541s] -- Detecting CXX compiler ABI info - done
[0.559s] -- Check for working CXX compiler: /usr/bin/c++ - skipped
[0.559s] -- Detecting CXX compile features
[0.560s] -- Detecting CXX compile features - done
[0.567s] -- Found ament_cmake: 1.3.5 (/opt/ros/humble/share/ament_cmake/cmake)
[0.859s] -- Found Python3: /usr/bin/python3.10 (found version "3.10.12") found components: Interpreter 
[0.978s] -- Found dynamixel_sdk: 3.7.60 (/home/adrien/proto_ws_ros2/install/dynamixel_sdk/share/dynamixel_sdk/cmake)
[0.981s] -- Found dynamixel_sdk_custom_interfaces: 3.7.60 (/home/adrien/proto_ws_ros2/install/dynamixel_sdk_custom_interfaces/share/dynamixel_sdk_custom_interfaces/cmake)
[1.023s] -- Found rosidl_generator_c: 3.1.5 (/opt/ros/humble/share/rosidl_generator_c/cmake)
[1.028s] -- Found rosidl_adapter: 3.1.5 (/opt/ros/humble/share/rosidl_adapter/cmake)
[1.035s] -- Found rosidl_generator_cpp: 3.1.5 (/opt/ros/humble/share/rosidl_generator_cpp/cmake)
[1.047s] -- Using all available rosidl_typesupport_c: rosidl_typesupport_fastrtps_c;rosidl_typesupport_introspection_c
[1.064s] -- Using all available rosidl_typesupport_cpp: rosidl_typesupport_fastrtps_cpp;rosidl_typesupport_introspection_cpp
[1.118s] -- Found rclcpp: 16.0.5 (/opt/ros/humble/share/rclcpp/cmake)
[1.181s] -- Found rmw_implementation_cmake: 6.1.1 (/opt/ros/humble/share/rmw_implementation_cmake/cmake)
[1.184s] -- Found rmw_fastrtps_cpp: 6.2.3 (/opt/ros/humble/share/rmw_fastrtps_cpp/cmake)
[1.356s] -- Found OpenSSL: /usr/lib/x86_64-linux-gnu/libcrypto.so (found version "3.0.2")  
[1.413s] -- Found FastRTPS: /opt/ros/humble/include  
[1.466s] -- Using RMW implementation 'rmw_fastrtps_cpp' as default
[1.477s] -- Looking for pthread.h
[1.593s] -- Looking for pthread.h - found
[1.593s] -- Performing Test CMAKE_HAVE_LIBC_PTHREAD
[1.739s] -- Performing Test CMAKE_HAVE_LIBC_PTHREAD - Success
[1.740s] -- Found Threads: TRUE  
[1.888s] -- Found ament_lint_auto: 0.12.7 (/opt/ros/humble/share/ament_lint_auto/cmake)
[1.996s] -- Added test 'copyright' to check source files copyright and LICENSE
[1.997s] -- Added test 'cppcheck' to perform static code analysis on C / C++ code
[1.997s] -- Configured cppcheck include dirs: /home/adrien/proto_ws_ros2/src/DynamixelSDK/dynamixel_sdk_examples/include
[1.997s] -- Configured cppcheck exclude dirs and/or files: 
[1.998s] -- Added test 'cpplint' to check C / C++ code against the Google style
[1.998s] -- Configured cpplint exclude dirs and/or files: 
[1.999s] -- Added test 'lint_cmake' to check CMake code style
[2.000s] -- Added test 'uncrustify' to check C / C++ code style
[2.000s] -- Configured uncrustify additional arguments: 
[2.001s] -- Added test 'xmllint' to check XML markup files
[2.002s] -- Configuring done
[2.012s] -- Generating done
[2.013s] -- Build files have been written to: /home/adrien/proto_ws_ros2/build/dynamixel_sdk_examples
[2.022s] Invoked command in '/home/adrien/proto_ws_ros2/build/dynamixel_sdk_examples' returned '0': AMENT_PREFIX_PATH=/home/adrien/proto_ws_ros2/install/dynamixel_sdk_custom_interfaces:/home/adrien/proto_ws_ros2/install/dynamixel_sdk:${AMENT_PREFIX_PATH} CMAKE_PREFIX_PATH=/home/adrien/proto_ws_ros2/install/dynamixel_sdk_custom_interfaces:/home/adrien/proto_ws_ros2/install/dynamixel_sdk:/opt/ros/humble LD_LIBRARY_PATH=/home/adrien/proto_ws_ros2/install/dynamixel_sdk_custom_interfaces/lib:/home/adrien/proto_ws_ros2/install/dynamixel_sdk/lib:${LD_LIBRARY_PATH} PYTHONPATH=/home/adrien/proto_ws_ros2/install/dynamixel_sdk_custom_interfaces/local/lib/python3.10/dist-packages:${PYTHONPATH} /usr/bin/cmake /home/adrien/proto_ws_ros2/src/DynamixelSDK/dynamixel_sdk_examples -DCMAKE_INSTALL_PREFIX=/home/adrien/proto_ws_ros2/install/dynamixel_sdk_examples
[2.024s] Invoking command in '/home/adrien/proto_ws_ros2/build/dynamixel_sdk_examples': AMENT_PREFIX_PATH=/home/adrien/proto_ws_ros2/install/dynamixel_sdk_custom_interfaces:/home/adrien/proto_ws_ros2/install/dynamixel_sdk:${AMENT_PREFIX_PATH} CMAKE_PREFIX_PATH=/home/adrien/proto_ws_ros2/install/dynamixel_sdk_custom_interfaces:/home/adrien/proto_ws_ros2/install/dynamixel_sdk:/opt/ros/humble LD_LIBRARY_PATH=/home/adrien/proto_ws_ros2/install/dynamixel_sdk_custom_interfaces/lib:/home/adrien/proto_ws_ros2/install/dynamixel_sdk/lib:${LD_LIBRARY_PATH} PYTHONPATH=/home/adrien/proto_ws_ros2/install/dynamixel_sdk_custom_interfaces/local/lib/python3.10/dist-packages:${PYTHONPATH} /usr/bin/cmake --build /home/adrien/proto_ws_ros2/build/dynamixel_sdk_examples -- -j16 -l16
[2.113s] [ 50%] [32mBuilding CXX object CMakeFiles/read_write_node.dir/src/read_write_node.cpp.o[0m
[8.710s] [100%] [32m[1mLinking CXX executable read_write_node[0m
[9.134s] [100%] Built target read_write_node
[9.166s] Invoked command in '/home/adrien/proto_ws_ros2/build/dynamixel_sdk_examples' returned '0': AMENT_PREFIX_PATH=/home/adrien/proto_ws_ros2/install/dynamixel_sdk_custom_interfaces:/home/adrien/proto_ws_ros2/install/dynamixel_sdk:${AMENT_PREFIX_PATH} CMAKE_PREFIX_PATH=/home/adrien/proto_ws_ros2/install/dynamixel_sdk_custom_interfaces:/home/adrien/proto_ws_ros2/install/dynamixel_sdk:/opt/ros/humble LD_LIBRARY_PATH=/home/adrien/proto_ws_ros2/install/dynamixel_sdk_custom_interfaces/lib:/home/adrien/proto_ws_ros2/install/dynamixel_sdk/lib:${LD_LIBRARY_PATH} PYTHONPATH=/home/adrien/proto_ws_ros2/install/dynamixel_sdk_custom_interfaces/local/lib/python3.10/dist-packages:${PYTHONPATH} /usr/bin/cmake --build /home/adrien/proto_ws_ros2/build/dynamixel_sdk_examples -- -j16 -l16
[9.221s] Invoking command in '/home/adrien/proto_ws_ros2/build/dynamixel_sdk_examples': AMENT_PREFIX_PATH=/home/adrien/proto_ws_ros2/install/dynamixel_sdk_custom_interfaces:/home/adrien/proto_ws_ros2/install/dynamixel_sdk:${AMENT_PREFIX_PATH} CMAKE_PREFIX_PATH=/home/adrien/proto_ws_ros2/install/dynamixel_sdk_custom_interfaces:/home/adrien/proto_ws_ros2/install/dynamixel_sdk:/opt/ros/humble LD_LIBRARY_PATH=/home/adrien/proto_ws_ros2/install/dynamixel_sdk_custom_interfaces/lib:/home/adrien/proto_ws_ros2/install/dynamixel_sdk/lib:${LD_LIBRARY_PATH} PYTHONPATH=/home/adrien/proto_ws_ros2/install/dynamixel_sdk_custom_interfaces/local/lib/python3.10/dist-packages:${PYTHONPATH} /usr/bin/cmake --install /home/adrien/proto_ws_ros2/build/dynamixel_sdk_examples
[9.229s] -- Install configuration: ""
[9.229s] -- Installing: /home/adrien/proto_ws_ros2/install/dynamixel_sdk_examples/lib/dynamixel_sdk_examples/read_write_node
[9.233s] -- Set runtime path of "/home/adrien/proto_ws_ros2/install/dynamixel_sdk_examples/lib/dynamixel_sdk_examples/read_write_node" to ""
[9.234s] -- Installing: /home/adrien/proto_ws_ros2/install/dynamixel_sdk_examples/share/ament_index/resource_index/package_run_dependencies/dynamixel_sdk_examples
[9.234s] -- Installing: /home/adrien/proto_ws_ros2/install/dynamixel_sdk_examples/share/ament_index/resource_index/parent_prefix_path/dynamixel_sdk_examples
[9.234s] -- Installing: /home/adrien/proto_ws_ros2/install/dynamixel_sdk_examples/share/dynamixel_sdk_examples/environment/ament_prefix_path.sh
[9.234s] -- Installing: /home/adrien/proto_ws_ros2/install/dynamixel_sdk_examples/share/dynamixel_sdk_examples/environment/ament_prefix_path.dsv
[9.234s] -- Installing: /home/adrien/proto_ws_ros2/install/dynamixel_sdk_examples/share/dynamixel_sdk_examples/environment/path.sh
[9.234s] -- Installing: /home/adrien/proto_ws_ros2/install/dynamixel_sdk_examples/share/dynamixel_sdk_examples/environment/path.dsv
[9.234s] -- Installing: /home/adrien/proto_ws_ros2/install/dynamixel_sdk_examples/share/dynamixel_sdk_examples/local_setup.bash
[9.234s] -- Installing: /home/adrien/proto_ws_ros2/install/dynamixel_sdk_examples/share/dynamixel_sdk_examples/local_setup.sh
[9.235s] -- Installing: /home/adrien/proto_ws_ros2/install/dynamixel_sdk_examples/share/dynamixel_sdk_examples/local_setup.zsh
[9.235s] -- Installing: /home/adrien/proto_ws_ros2/install/dynamixel_sdk_examples/share/dynamixel_sdk_examples/local_setup.dsv
[9.235s] -- Installing: /home/adrien/proto_ws_ros2/install/dynamixel_sdk_examples/share/dynamixel_sdk_examples/package.dsv
[9.235s] -- Installing: /home/adrien/proto_ws_ros2/install/dynamixel_sdk_examples/share/ament_index/resource_index/packages/dynamixel_sdk_examples
[9.235s] -- Installing: /home/adrien/proto_ws_ros2/install/dynamixel_sdk_examples/share/dynamixel_sdk_examples/cmake/dynamixel_sdk_examplesConfig.cmake
[9.235s] -- Installing: /home/adrien/proto_ws_ros2/install/dynamixel_sdk_examples/share/dynamixel_sdk_examples/cmake/dynamixel_sdk_examplesConfig-version.cmake
[9.235s] -- Installing: /home/adrien/proto_ws_ros2/install/dynamixel_sdk_examples/share/dynamixel_sdk_examples/package.xml
[9.240s] Invoked command in '/home/adrien/proto_ws_ros2/build/dynamixel_sdk_examples' returned '0': AMENT_PREFIX_PATH=/home/adrien/proto_ws_ros2/install/dynamixel_sdk_custom_interfaces:/home/adrien/proto_ws_ros2/install/dynamixel_sdk:${AMENT_PREFIX_PATH} CMAKE_PREFIX_PATH=/home/adrien/proto_ws_ros2/install/dynamixel_sdk_custom_interfaces:/home/adrien/proto_ws_ros2/install/dynamixel_sdk:/opt/ros/humble LD_LIBRARY_PATH=/home/adrien/proto_ws_ros2/install/dynamixel_sdk_custom_interfaces/lib:/home/adrien/proto_ws_ros2/install/dynamixel_sdk/lib:${LD_LIBRARY_PATH} PYTHONPATH=/home/adrien/proto_ws_ros2/install/dynamixel_sdk_custom_interfaces/local/lib/python3.10/dist-packages:${PYTHONPATH} /usr/bin/cmake --install /home/adrien/proto_ws_ros2/build/dynamixel_sdk_examples
