[0.644s] Invoking command in '/home/adrien/py_proto_ros2/src/dinamyxelAx12': PYTHONPATH=/home/adrien/py_proto_ros2/build/dinamyxelAx12/prefix_override:/home/adrien/py_proto_ros2/install/dinamyxelAx12/lib/python3.10/site-packages:${PYTHONPATH} /usr/bin/python3 setup.py egg_info --egg-base ../../build/dinamyxelAx12 build --build-base /home/adrien/py_proto_ros2/build/dinamyxelAx12/build install --record /home/adrien/py_proto_ros2/build/dinamyxelAx12/install.log --single-version-externally-managed
[0.840s] running egg_info
[0.852s] writing ../../build/dinamyxelAx12/dinamyxelAx12.egg-info/PKG-INFO
[0.853s] writing dependency_links to ../../build/dinamyxelAx12/dinamyxelAx12.egg-info/dependency_links.txt
[0.853s] writing entry points to ../../build/dinamyxelAx12/dinamyxelAx12.egg-info/entry_points.txt
[0.853s] writing requirements to ../../build/dinamyxelAx12/dinamyxelAx12.egg-info/requires.txt
[0.853s] writing top-level names to ../../build/dinamyxelAx12/dinamyxelAx12.egg-info/top_level.txt
[0.878s] reading manifest file '../../build/dinamyxelAx12/dinamyxelAx12.egg-info/SOURCES.txt'
[0.879s] writing manifest file '../../build/dinamyxelAx12/dinamyxelAx12.egg-info/SOURCES.txt'
[0.879s] running build
[0.879s] running build_py
[0.879s] copying dinamyxelAx12/cmd_manuelle.py -> /home/adrien/py_proto_ros2/build/dinamyxelAx12/build/lib/dinamyxelAx12
[0.879s] running install
[0.880s] /home/adrien/.local/lib/python3.10/site-packages/setuptools/_distutils/cmd.py:66: SetuptoolsDeprecationWarning: setup.py install is deprecated.
[0.880s] !!
[0.880s] 
[0.880s]         ********************************************************************************
[0.880s]         Please avoid running ``setup.py`` directly.
[0.880s]         Instead, use pypa/build, pypa/installer or other
[0.880s]         standards-based tools.
[0.881s] 
[0.881s]         See https://blog.ganssle.io/articles/2021/10/setup-py-deprecated.html for details.
[0.881s]         ********************************************************************************
[0.881s] 
[0.881s] !!
[0.881s]   self.initialize_options()
[0.884s] running install_lib
[0.896s] copying /home/adrien/py_proto_ros2/build/dinamyxelAx12/build/lib/dinamyxelAx12/cmd_manuelle.py -> /home/adrien/py_proto_ros2/install/dinamyxelAx12/lib/python3.10/site-packages/dinamyxelAx12
[0.897s] byte-compiling /home/adrien/py_proto_ros2/install/dinamyxelAx12/lib/python3.10/site-packages/dinamyxelAx12/cmd_manuelle.py to cmd_manuelle.cpython-310.pyc
[0.898s] running install_data
[0.910s] running install_egg_info
[0.923s] removing '/home/adrien/py_proto_ros2/install/dinamyxelAx12/lib/python3.10/site-packages/dinamyxelAx12-0.0.0-py3.10.egg-info' (and everything under it)
[0.924s] Copying ../../build/dinamyxelAx12/dinamyxelAx12.egg-info to /home/adrien/py_proto_ros2/install/dinamyxelAx12/lib/python3.10/site-packages/dinamyxelAx12-0.0.0-py3.10.egg-info
[0.924s] running install_scripts
[1.039s] Installing cmd_bluetooth script to /home/adrien/py_proto_ros2/install/dinamyxelAx12/lib/dinamyxelAx12
[1.040s] Installing cmd_manuelle script to /home/adrien/py_proto_ros2/install/dinamyxelAx12/lib/dinamyxelAx12
[1.040s] writing list of installed files to '/home/adrien/py_proto_ros2/build/dinamyxelAx12/install.log'
[1.071s] Invoked command in '/home/adrien/py_proto_ros2/src/dinamyxelAx12' returned '0': PYTHONPATH=/home/adrien/py_proto_ros2/build/dinamyxelAx12/prefix_override:/home/adrien/py_proto_ros2/install/dinamyxelAx12/lib/python3.10/site-packages:${PYTHONPATH} /usr/bin/python3 setup.py egg_info --egg-base ../../build/dinamyxelAx12 build --build-base /home/adrien/py_proto_ros2/build/dinamyxelAx12/build install --record /home/adrien/py_proto_ros2/build/dinamyxelAx12/install.log --single-version-externally-managed
