[0.204s] DEBUG:colcon:Command line arguments: ['/usr/bin/colcon', 'build']
[0.204s] DEBUG:colcon:Parsed command line arguments: Namespace(log_base=None, log_level=None, verb_name='build', build_base='build', install_base='install', merge_install=False, symlink_install=False, test_result_base=None, continue_on_error=False, executor='parallel', parallel_workers=16, event_handlers=None, ignore_user_meta=False, metas=['./colcon.meta'], base_paths=['.'], packages_ignore=None, packages_ignore_regex=None, paths=None, packages_up_to=None, packages_up_to_regex=None, packages_above=None, packages_above_and_dependencies=None, packages_above_depth=None, packages_select_by_dep=None, packages_skip_by_dep=None, packages_skip_up_to=None, packages_select_build_failed=False, packages_skip_build_finished=False, packages_select_test_failures=False, packages_skip_test_passed=False, packages_select=None, packages_skip=None, packages_select_regex=None, packages_skip_regex=None, packages_start=None, packages_end=None, allow_overriding=[], cmake_args=None, cmake_target=None, cmake_target_skip_unavailable=False, cmake_clean_cache=False, cmake_clean_first=False, cmake_force_configure=False, ament_cmake_args=None, catkin_cmake_args=None, catkin_skip_building_tests=False, verb_parser=<colcon_defaults.argument_parser.defaults.DefaultArgumentsDecorator object at 0x7fa50834cb50>, verb_extension=<colcon_core.verb.build.BuildVerb object at 0x7fa508486560>, main=<bound method BuildVerb.main of <colcon_core.verb.build.BuildVerb object at 0x7fa508486560>>)
[0.228s] Level 1:colcon.colcon_core.package_discovery:discover_packages(colcon_meta) check parameters
[0.228s] Level 1:colcon.colcon_core.package_discovery:discover_packages(recursive) check parameters
[0.228s] Level 1:colcon.colcon_core.package_discovery:discover_packages(ignore) check parameters
[0.228s] Level 1:colcon.colcon_core.package_discovery:discover_packages(path) check parameters
[0.228s] Level 1:colcon.colcon_core.package_discovery:discover_packages(colcon_meta) discover
[0.228s] Level 1:colcon.colcon_core.package_discovery:discover_packages(recursive) discover
[0.228s] INFO:colcon.colcon_core.package_discovery:Crawling recursively for packages in '/home/adrien/py_proto_ros2'
[0.228s] Level 1:colcon.colcon_core.package_identification:_identify(.) by extensions ['ignore', 'ignore_ament_install']
[0.228s] Level 1:colcon.colcon_core.package_identification:_identify(.) by extension 'ignore'
[0.228s] Level 1:colcon.colcon_core.package_identification:_identify(.) by extension 'ignore_ament_install'
[0.228s] Level 1:colcon.colcon_core.package_identification:_identify(.) by extensions ['colcon_pkg']
[0.228s] Level 1:colcon.colcon_core.package_identification:_identify(.) by extension 'colcon_pkg'
[0.228s] Level 1:colcon.colcon_core.package_identification:_identify(.) by extensions ['colcon_meta']
[0.228s] Level 1:colcon.colcon_core.package_identification:_identify(.) by extension 'colcon_meta'
[0.229s] Level 1:colcon.colcon_core.package_identification:_identify(.) by extensions ['ros']
[0.229s] Level 1:colcon.colcon_core.package_identification:_identify(.) by extension 'ros'
[0.240s] Level 1:colcon.colcon_core.package_identification:_identify(.) by extensions ['cmake', 'python']
[0.240s] Level 1:colcon.colcon_core.package_identification:_identify(.) by extension 'cmake'
[0.240s] Level 1:colcon.colcon_core.package_identification:_identify(.) by extension 'python'
[0.240s] Level 1:colcon.colcon_core.package_identification:_identify(.) by extensions ['python_setup_py']
[0.240s] Level 1:colcon.colcon_core.package_identification:_identify(.) by extension 'python_setup_py'
[0.240s] Level 1:colcon.colcon_core.package_identification:_identify(build) by extensions ['ignore', 'ignore_ament_install']
[0.240s] Level 1:colcon.colcon_core.package_identification:_identify(build) by extension 'ignore'
[0.240s] Level 1:colcon.colcon_core.package_identification:_identify(build) ignored
[0.240s] Level 1:colcon.colcon_core.package_identification:_identify(install) by extensions ['ignore', 'ignore_ament_install']
[0.240s] Level 1:colcon.colcon_core.package_identification:_identify(install) by extension 'ignore'
[0.240s] Level 1:colcon.colcon_core.package_identification:_identify(install) ignored
[0.240s] Level 1:colcon.colcon_core.package_identification:_identify(log) by extensions ['ignore', 'ignore_ament_install']
[0.241s] Level 1:colcon.colcon_core.package_identification:_identify(log) by extension 'ignore'
[0.241s] Level 1:colcon.colcon_core.package_identification:_identify(log) ignored
[0.241s] Level 1:colcon.colcon_core.package_identification:_identify(src) by extensions ['ignore', 'ignore_ament_install']
[0.241s] Level 1:colcon.colcon_core.package_identification:_identify(src) by extension 'ignore'
[0.241s] Level 1:colcon.colcon_core.package_identification:_identify(src) by extension 'ignore_ament_install'
[0.241s] Level 1:colcon.colcon_core.package_identification:_identify(src) by extensions ['colcon_pkg']
[0.241s] Level 1:colcon.colcon_core.package_identification:_identify(src) by extension 'colcon_pkg'
[0.241s] Level 1:colcon.colcon_core.package_identification:_identify(src) by extensions ['colcon_meta']
[0.241s] Level 1:colcon.colcon_core.package_identification:_identify(src) by extension 'colcon_meta'
[0.241s] Level 1:colcon.colcon_core.package_identification:_identify(src) by extensions ['ros']
[0.241s] Level 1:colcon.colcon_core.package_identification:_identify(src) by extension 'ros'
[0.241s] Level 1:colcon.colcon_core.package_identification:_identify(src) by extensions ['cmake', 'python']
[0.241s] Level 1:colcon.colcon_core.package_identification:_identify(src) by extension 'cmake'
[0.241s] Level 1:colcon.colcon_core.package_identification:_identify(src) by extension 'python'
[0.241s] Level 1:colcon.colcon_core.package_identification:_identify(src) by extensions ['python_setup_py']
[0.241s] Level 1:colcon.colcon_core.package_identification:_identify(src) by extension 'python_setup_py'
[0.241s] Level 1:colcon.colcon_core.package_identification:_identify(src/dinamyxelAx12) by extensions ['ignore', 'ignore_ament_install']
[0.241s] Level 1:colcon.colcon_core.package_identification:_identify(src/dinamyxelAx12) by extension 'ignore'
[0.241s] Level 1:colcon.colcon_core.package_identification:_identify(src/dinamyxelAx12) by extension 'ignore_ament_install'
[0.241s] Level 1:colcon.colcon_core.package_identification:_identify(src/dinamyxelAx12) by extensions ['colcon_pkg']
[0.241s] Level 1:colcon.colcon_core.package_identification:_identify(src/dinamyxelAx12) by extension 'colcon_pkg'
[0.241s] Level 1:colcon.colcon_core.package_identification:_identify(src/dinamyxelAx12) by extensions ['colcon_meta']
[0.241s] Level 1:colcon.colcon_core.package_identification:_identify(src/dinamyxelAx12) by extension 'colcon_meta'
[0.241s] Level 1:colcon.colcon_core.package_identification:_identify(src/dinamyxelAx12) by extensions ['ros']
[0.241s] Level 1:colcon.colcon_core.package_identification:_identify(src/dinamyxelAx12) by extension 'ros'
[0.243s] DEBUG:colcon.colcon_core.package_identification:Package 'src/dinamyxelAx12' with type 'ros.ament_python' and name 'dinamyxelAx12'
[0.243s] Level 1:colcon.colcon_core.package_discovery:discover_packages(recursive) using defaults
[0.243s] Level 1:colcon.colcon_core.package_discovery:discover_packages(ignore) discover
[0.243s] Level 1:colcon.colcon_core.package_discovery:discover_packages(ignore) using defaults
[0.243s] Level 1:colcon.colcon_core.package_discovery:discover_packages(path) discover
[0.243s] Level 1:colcon.colcon_core.package_discovery:discover_packages(path) using defaults
[0.261s] Level 1:colcon.colcon_core.package_discovery:discover_packages(prefix_path) check parameters
[0.261s] Level 1:colcon.colcon_core.package_discovery:discover_packages(prefix_path) discover
[0.264s] DEBUG:colcon.colcon_installed_package_information.package_discovery:Found 285 installed packages in /opt/ros/humble
[0.265s] Level 1:colcon.colcon_core.package_discovery:discover_packages(prefix_path) using defaults
[0.312s] Level 5:colcon.colcon_core.verb:set package 'dinamyxelAx12' build argument 'cmake_args' from command line to 'None'
[0.312s] Level 5:colcon.colcon_core.verb:set package 'dinamyxelAx12' build argument 'cmake_target' from command line to 'None'
[0.312s] Level 5:colcon.colcon_core.verb:set package 'dinamyxelAx12' build argument 'cmake_target_skip_unavailable' from command line to 'False'
[0.312s] Level 5:colcon.colcon_core.verb:set package 'dinamyxelAx12' build argument 'cmake_clean_cache' from command line to 'False'
[0.312s] Level 5:colcon.colcon_core.verb:set package 'dinamyxelAx12' build argument 'cmake_clean_first' from command line to 'False'
[0.312s] Level 5:colcon.colcon_core.verb:set package 'dinamyxelAx12' build argument 'cmake_force_configure' from command line to 'False'
[0.312s] Level 5:colcon.colcon_core.verb:set package 'dinamyxelAx12' build argument 'ament_cmake_args' from command line to 'None'
[0.312s] Level 5:colcon.colcon_core.verb:set package 'dinamyxelAx12' build argument 'catkin_cmake_args' from command line to 'None'
[0.312s] Level 5:colcon.colcon_core.verb:set package 'dinamyxelAx12' build argument 'catkin_skip_building_tests' from command line to 'False'
[0.312s] DEBUG:colcon.colcon_core.verb:Building package 'dinamyxelAx12' with the following arguments: {'ament_cmake_args': None, 'build_base': '/home/adrien/py_proto_ros2/build/dinamyxelAx12', 'catkin_cmake_args': None, 'catkin_skip_building_tests': False, 'cmake_args': None, 'cmake_clean_cache': False, 'cmake_clean_first': False, 'cmake_force_configure': False, 'cmake_target': None, 'cmake_target_skip_unavailable': False, 'install_base': '/home/adrien/py_proto_ros2/install/dinamyxelAx12', 'merge_install': False, 'path': '/home/adrien/py_proto_ros2/src/dinamyxelAx12', 'symlink_install': False, 'test_result_base': None}
[0.312s] INFO:colcon.colcon_core.executor:Executing jobs using 'parallel' executor
[0.315s] DEBUG:colcon.colcon_parallel_executor.executor.parallel:run_until_complete
[0.315s] INFO:colcon.colcon_ros.task.ament_python.build:Building ROS package in '/home/adrien/py_proto_ros2/src/dinamyxelAx12' with build type 'ament_python'
[0.315s] Level 1:colcon.colcon_core.shell:create_environment_hook('dinamyxelAx12', 'ament_prefix_path')
[0.318s] INFO:colcon.colcon_core.plugin_system:Skipping extension 'colcon_core.shell.bat': Not used on non-Windows systems
[0.319s] INFO:colcon.colcon_core.shell:Creating environment hook '/home/adrien/py_proto_ros2/install/dinamyxelAx12/share/dinamyxelAx12/hook/ament_prefix_path.ps1'
[0.319s] INFO:colcon.colcon_core.shell:Creating environment descriptor '/home/adrien/py_proto_ros2/install/dinamyxelAx12/share/dinamyxelAx12/hook/ament_prefix_path.dsv'
[0.319s] INFO:colcon.colcon_core.shell:Creating environment hook '/home/adrien/py_proto_ros2/install/dinamyxelAx12/share/dinamyxelAx12/hook/ament_prefix_path.sh'
[0.321s] INFO:colcon.colcon_core.shell:Skip shell extension 'powershell' for command environment: Not usable outside of PowerShell
[0.321s] DEBUG:colcon.colcon_core.shell:Skip shell extension 'dsv' for command environment
[0.517s] INFO:colcon.colcon_core.task.python.build:Building Python package in '/home/adrien/py_proto_ros2/src/dinamyxelAx12'
[0.519s] INFO:colcon.colcon_core.shell:Skip shell extension 'powershell' for command environment: Not usable outside of PowerShell
[0.519s] DEBUG:colcon.colcon_core.shell:Skip shell extension 'dsv' for command environment
[0.956s] DEBUG:colcon.colcon_core.event_handler.log_command:Invoking command in '/home/adrien/py_proto_ros2/src/dinamyxelAx12': PYTHONPATH=/home/adrien/py_proto_ros2/build/dinamyxelAx12/prefix_override:/home/adrien/py_proto_ros2/install/dinamyxelAx12/lib/python3.10/site-packages:${PYTHONPATH} /usr/bin/python3 setup.py egg_info --egg-base ../../build/dinamyxelAx12 build --build-base /home/adrien/py_proto_ros2/build/dinamyxelAx12/build install --record /home/adrien/py_proto_ros2/build/dinamyxelAx12/install.log --single-version-externally-managed
[1.355s] DEBUG:colcon.colcon_core.event_handler.log_command:Invoked command in '/home/adrien/py_proto_ros2/src/dinamyxelAx12' returned '0': PYTHONPATH=/home/adrien/py_proto_ros2/build/dinamyxelAx12/prefix_override:/home/adrien/py_proto_ros2/install/dinamyxelAx12/lib/python3.10/site-packages:${PYTHONPATH} /usr/bin/python3 setup.py egg_info --egg-base ../../build/dinamyxelAx12 build --build-base /home/adrien/py_proto_ros2/build/dinamyxelAx12/build install --record /home/adrien/py_proto_ros2/build/dinamyxelAx12/install.log --single-version-externally-managed
[1.362s] Level 1:colcon.colcon_core.environment:checking '/home/adrien/py_proto_ros2/install/dinamyxelAx12' for CMake module files
[1.363s] Level 1:colcon.colcon_core.environment:checking '/home/adrien/py_proto_ros2/install/dinamyxelAx12' for CMake config files
[1.364s] Level 1:colcon.colcon_core.environment:checking '/home/adrien/py_proto_ros2/install/dinamyxelAx12/lib'
[1.364s] Level 1:colcon.colcon_core.environment:checking '/home/adrien/py_proto_ros2/install/dinamyxelAx12/bin'
[1.364s] Level 1:colcon.colcon_core.environment:checking '/home/adrien/py_proto_ros2/install/dinamyxelAx12/lib/pkgconfig/dinamyxelAx12.pc'
[1.365s] Level 1:colcon.colcon_core.environment:checking '/home/adrien/py_proto_ros2/install/dinamyxelAx12/lib/python3.10/site-packages'
[1.365s] Level 1:colcon.colcon_core.shell:create_environment_hook('dinamyxelAx12', 'pythonpath')
[1.367s] INFO:colcon.colcon_core.shell:Creating environment hook '/home/adrien/py_proto_ros2/install/dinamyxelAx12/share/dinamyxelAx12/hook/pythonpath.ps1'
[1.368s] INFO:colcon.colcon_core.shell:Creating environment descriptor '/home/adrien/py_proto_ros2/install/dinamyxelAx12/share/dinamyxelAx12/hook/pythonpath.dsv'
[1.369s] INFO:colcon.colcon_core.shell:Creating environment hook '/home/adrien/py_proto_ros2/install/dinamyxelAx12/share/dinamyxelAx12/hook/pythonpath.sh'
[1.370s] Level 1:colcon.colcon_core.environment:checking '/home/adrien/py_proto_ros2/install/dinamyxelAx12/bin'
[1.370s] Level 1:colcon.colcon_core.environment:create_environment_scripts_only(dinamyxelAx12)
[1.372s] INFO:colcon.colcon_core.shell:Creating package script '/home/adrien/py_proto_ros2/install/dinamyxelAx12/share/dinamyxelAx12/package.ps1'
[1.374s] INFO:colcon.colcon_core.shell:Creating package descriptor '/home/adrien/py_proto_ros2/install/dinamyxelAx12/share/dinamyxelAx12/package.dsv'
[1.375s] INFO:colcon.colcon_core.shell:Creating package script '/home/adrien/py_proto_ros2/install/dinamyxelAx12/share/dinamyxelAx12/package.sh'
[1.377s] INFO:colcon.colcon_core.shell:Creating package script '/home/adrien/py_proto_ros2/install/dinamyxelAx12/share/dinamyxelAx12/package.bash'
[1.378s] INFO:colcon.colcon_core.shell:Creating package script '/home/adrien/py_proto_ros2/install/dinamyxelAx12/share/dinamyxelAx12/package.zsh'
[1.379s] Level 1:colcon.colcon_core.environment:create_file_with_runtime_dependencies(/home/adrien/py_proto_ros2/install/dinamyxelAx12/share/colcon-core/packages/dinamyxelAx12)
[1.379s] DEBUG:colcon.colcon_parallel_executor.executor.parallel:closing loop
[1.380s] DEBUG:colcon.colcon_parallel_executor.executor.parallel:loop closed
[1.380s] DEBUG:colcon.colcon_parallel_executor.executor.parallel:run_until_complete finished with '0'
[1.380s] DEBUG:colcon.colcon_core.event_reactor:joining thread
[1.390s] INFO:colcon.colcon_core.plugin_system:Skipping extension 'colcon_notification.desktop_notification.terminal_notifier': Not used on non-Darwin systems
[1.390s] INFO:colcon.colcon_core.plugin_system:Skipping extension 'colcon_notification.desktop_notification.win32': Not used on non-Windows systems
[1.391s] INFO:colcon.colcon_notification.desktop_notification:Sending desktop notification using 'notify2'
[1.410s] DEBUG:colcon.colcon_core.event_reactor:joined thread
[1.412s] INFO:colcon.colcon_core.shell:Creating prefix script '/home/adrien/py_proto_ros2/install/local_setup.ps1'
[1.412s] INFO:colcon.colcon_core.shell:Creating prefix util module '/home/adrien/py_proto_ros2/install/_local_setup_util_ps1.py'
[1.413s] INFO:colcon.colcon_core.shell:Creating prefix chain script '/home/adrien/py_proto_ros2/install/setup.ps1'
[1.414s] INFO:colcon.colcon_core.shell:Creating prefix script '/home/adrien/py_proto_ros2/install/local_setup.sh'
[1.415s] INFO:colcon.colcon_core.shell:Creating prefix util module '/home/adrien/py_proto_ros2/install/_local_setup_util_sh.py'
[1.415s] INFO:colcon.colcon_core.shell:Creating prefix chain script '/home/adrien/py_proto_ros2/install/setup.sh'
[1.416s] INFO:colcon.colcon_core.shell:Creating prefix script '/home/adrien/py_proto_ros2/install/local_setup.bash'
[1.416s] INFO:colcon.colcon_core.shell:Creating prefix chain script '/home/adrien/py_proto_ros2/install/setup.bash'
[1.417s] INFO:colcon.colcon_core.shell:Creating prefix script '/home/adrien/py_proto_ros2/install/local_setup.zsh'
[1.418s] INFO:colcon.colcon_core.shell:Creating prefix chain script '/home/adrien/py_proto_ros2/install/setup.zsh'
