[0.645s] Invoking command in '/home/adrien/py_proto_ros2/src/dinamyxelAx12': PYTHONPATH=/home/adrien/py_proto_ros2/build/dinamyxelAx12/prefix_override:/home/adrien/py_proto_ros2/install/dinamyxelAx12/lib/python3.10/site-packages:${PYTHONPATH} /usr/bin/python3 setup.py egg_info --egg-base ../../build/dinamyxelAx12 build --build-base /home/adrien/py_proto_ros2/build/dinamyxelAx12/build install --record /home/adrien/py_proto_ros2/build/dinamyxelAx12/install.log --single-version-externally-managed
[0.829s] running egg_info
[0.842s] writing ../../build/dinamyxelAx12/dinamyxelAx12.egg-info/PKG-INFO
[0.842s] writing dependency_links to ../../build/dinamyxelAx12/dinamyxelAx12.egg-info/dependency_links.txt
[0.842s] writing entry points to ../../build/dinamyxelAx12/dinamyxelAx12.egg-info/entry_points.txt
[0.843s] writing requirements to ../../build/dinamyxelAx12/dinamyxelAx12.egg-info/requires.txt
[0.843s] writing top-level names to ../../build/dinamyxelAx12/dinamyxelAx12.egg-info/top_level.txt
[0.868s] reading manifest file '../../build/dinamyxelAx12/dinamyxelAx12.egg-info/SOURCES.txt'
[0.868s] writing manifest file '../../build/dinamyxelAx12/dinamyxelAx12.egg-info/SOURCES.txt'
[0.868s] running build
[0.869s] running build_py
[0.869s] copying dinamyxelAx12/cmd_manuelle.py -> /home/adrien/py_proto_ros2/build/dinamyxelAx12/build/lib/dinamyxelAx12
[0.869s] running install
[0.869s] /home/adrien/.local/lib/python3.10/site-packages/setuptools/_distutils/cmd.py:66: SetuptoolsDeprecationWarning: setup.py install is deprecated.
[0.869s] !!
[0.869s] 
[0.870s]         ********************************************************************************
[0.870s]         Please avoid running ``setup.py`` directly.
[0.870s]         Instead, use pypa/build, pypa/installer or other
[0.870s]         standards-based tools.
[0.870s] 
[0.870s]         See https://blog.ganssle.io/articles/2021/10/setup-py-deprecated.html for details.
[0.870s]         ********************************************************************************
[0.870s] 
[0.870s] !!
[0.871s]   self.initialize_options()
[0.873s] running install_lib
[0.886s] copying /home/adrien/py_proto_ros2/build/dinamyxelAx12/build/lib/dinamyxelAx12/cmd_manuelle.py -> /home/adrien/py_proto_ros2/install/dinamyxelAx12/lib/python3.10/site-packages/dinamyxelAx12
[0.886s] byte-compiling /home/adrien/py_proto_ros2/install/dinamyxelAx12/lib/python3.10/site-packages/dinamyxelAx12/cmd_manuelle.py to cmd_manuelle.cpython-310.pyc
[0.887s] running install_data
[0.899s] running install_egg_info
[0.913s] removing '/home/adrien/py_proto_ros2/install/dinamyxelAx12/lib/python3.10/site-packages/dinamyxelAx12-0.0.0-py3.10.egg-info' (and everything under it)
[0.913s] Copying ../../build/dinamyxelAx12/dinamyxelAx12.egg-info to /home/adrien/py_proto_ros2/install/dinamyxelAx12/lib/python3.10/site-packages/dinamyxelAx12-0.0.0-py3.10.egg-info
[0.914s] running install_scripts
[1.030s] Installing cmd_bluetooth script to /home/adrien/py_proto_ros2/install/dinamyxelAx12/lib/dinamyxelAx12
[1.030s] Installing cmd_manuelle script to /home/adrien/py_proto_ros2/install/dinamyxelAx12/lib/dinamyxelAx12
[1.030s] writing list of installed files to '/home/adrien/py_proto_ros2/build/dinamyxelAx12/install.log'
[1.065s] Invoked command in '/home/adrien/py_proto_ros2/src/dinamyxelAx12' returned '0': PYTHONPATH=/home/adrien/py_proto_ros2/build/dinamyxelAx12/prefix_override:/home/adrien/py_proto_ros2/install/dinamyxelAx12/lib/python3.10/site-packages:${PYTHONPATH} /usr/bin/python3 setup.py egg_info --egg-base ../../build/dinamyxelAx12 build --build-base /home/adrien/py_proto_ros2/build/dinamyxelAx12/build install --record /home/adrien/py_proto_ros2/build/dinamyxelAx12/install.log --single-version-externally-managed
