[0.023s] Invoking command in '/home/adrien/proto_ws_ros2/build/dynamixel_sdk_examples': AMENT_PREFIX_PATH=/home/adrien/proto_ws_ros2/install/dynamixel_sdk_custom_interfaces:/home/adrien/proto_ws_ros2/install/dynamixel_sdk:${AMENT_PREFIX_PATH} CMAKE_PREFIX_PATH=/home/adrien/proto_ws_ros2/install/dynamixel_sdk_custom_interfaces:/home/adrien/proto_ws_ros2/install/dynamixel_sdk:/opt/ros/humble LD_LIBRARY_PATH=/home/adrien/proto_ws_ros2/install/dynamixel_sdk_custom_interfaces/lib:/home/adrien/proto_ws_ros2/install/dynamixel_sdk/lib:${LD_LIBRARY_PATH} PYTHONPATH=/home/adrien/proto_ws_ros2/install/dynamixel_sdk_custom_interfaces/local/lib/python3.10/dist-packages:${PYTHONPATH} /usr/bin/cmake --build /home/adrien/proto_ws_ros2/build/dynamixel_sdk_examples -- -j16 -l16
[0.108s] [35m[1mConsolidate compiler generated dependencies of target read_write_node[0m
[0.161s] [ 50%] [32mBuilding CXX object CMakeFiles/read_write_node.dir/src/read_write_node.cpp.o[0m
[6.753s] [100%] [32m[1mLinking CXX executable read_write_node[0m
[7.192s] [100%] Built target read_write_node
[7.220s] Invoked command in '/home/adrien/proto_ws_ros2/build/dynamixel_sdk_examples' returned '0': AMENT_PREFIX_PATH=/home/adrien/proto_ws_ros2/install/dynamixel_sdk_custom_interfaces:/home/adrien/proto_ws_ros2/install/dynamixel_sdk:${AMENT_PREFIX_PATH} CMAKE_PREFIX_PATH=/home/adrien/proto_ws_ros2/install/dynamixel_sdk_custom_interfaces:/home/adrien/proto_ws_ros2/install/dynamixel_sdk:/opt/ros/humble LD_LIBRARY_PATH=/home/adrien/proto_ws_ros2/install/dynamixel_sdk_custom_interfaces/lib:/home/adrien/proto_ws_ros2/install/dynamixel_sdk/lib:${LD_LIBRARY_PATH} PYTHONPATH=/home/adrien/proto_ws_ros2/install/dynamixel_sdk_custom_interfaces/local/lib/python3.10/dist-packages:${PYTHONPATH} /usr/bin/cmake --build /home/adrien/proto_ws_ros2/build/dynamixel_sdk_examples -- -j16 -l16
[7.269s] Invoking command in '/home/adrien/proto_ws_ros2/build/dynamixel_sdk_examples': AMENT_PREFIX_PATH=/home/adrien/proto_ws_ros2/install/dynamixel_sdk_custom_interfaces:/home/adrien/proto_ws_ros2/install/dynamixel_sdk:${AMENT_PREFIX_PATH} CMAKE_PREFIX_PATH=/home/adrien/proto_ws_ros2/install/dynamixel_sdk_custom_interfaces:/home/adrien/proto_ws_ros2/install/dynamixel_sdk:/opt/ros/humble LD_LIBRARY_PATH=/home/adrien/proto_ws_ros2/install/dynamixel_sdk_custom_interfaces/lib:/home/adrien/proto_ws_ros2/install/dynamixel_sdk/lib:${LD_LIBRARY_PATH} PYTHONPATH=/home/adrien/proto_ws_ros2/install/dynamixel_sdk_custom_interfaces/local/lib/python3.10/dist-packages:${PYTHONPATH} /usr/bin/cmake --install /home/adrien/proto_ws_ros2/build/dynamixel_sdk_examples
[7.285s] -- Install configuration: ""
[7.286s] -- Installing: /home/adrien/proto_ws_ros2/install/dynamixel_sdk_examples/lib/dynamixel_sdk_examples/read_write_node
[7.303s] -- Set runtime path of "/home/adrien/proto_ws_ros2/install/dynamixel_sdk_examples/lib/dynamixel_sdk_examples/read_write_node" to ""
[7.303s] -- Up-to-date: /home/adrien/proto_ws_ros2/install/dynamixel_sdk_examples/share/ament_index/resource_index/package_run_dependencies/dynamixel_sdk_examples
[7.303s] -- Up-to-date: /home/adrien/proto_ws_ros2/install/dynamixel_sdk_examples/share/ament_index/resource_index/parent_prefix_path/dynamixel_sdk_examples
[7.304s] -- Up-to-date: /home/adrien/proto_ws_ros2/install/dynamixel_sdk_examples/share/dynamixel_sdk_examples/environment/ament_prefix_path.sh
[7.304s] -- Up-to-date: /home/adrien/proto_ws_ros2/install/dynamixel_sdk_examples/share/dynamixel_sdk_examples/environment/ament_prefix_path.dsv
[7.304s] -- Up-to-date: /home/adrien/proto_ws_ros2/install/dynamixel_sdk_examples/share/dynamixel_sdk_examples/environment/path.sh
[7.304s] -- Up-to-date: /home/adrien/proto_ws_ros2/install/dynamixel_sdk_examples/share/dynamixel_sdk_examples/environment/path.dsv
[7.304s] -- Up-to-date: /home/adrien/proto_ws_ros2/install/dynamixel_sdk_examples/share/dynamixel_sdk_examples/local_setup.bash
[7.305s] -- Up-to-date: /home/adrien/proto_ws_ros2/install/dynamixel_sdk_examples/share/dynamixel_sdk_examples/local_setup.sh
[7.305s] -- Up-to-date: /home/adrien/proto_ws_ros2/install/dynamixel_sdk_examples/share/dynamixel_sdk_examples/local_setup.zsh
[7.305s] -- Up-to-date: /home/adrien/proto_ws_ros2/install/dynamixel_sdk_examples/share/dynamixel_sdk_examples/local_setup.dsv
[7.305s] -- Installing: /home/adrien/proto_ws_ros2/install/dynamixel_sdk_examples/share/dynamixel_sdk_examples/package.dsv
[7.305s] -- Up-to-date: /home/adrien/proto_ws_ros2/install/dynamixel_sdk_examples/share/ament_index/resource_index/packages/dynamixel_sdk_examples
[7.305s] -- Up-to-date: /home/adrien/proto_ws_ros2/install/dynamixel_sdk_examples/share/dynamixel_sdk_examples/cmake/dynamixel_sdk_examplesConfig.cmake
[7.305s] -- Up-to-date: /home/adrien/proto_ws_ros2/install/dynamixel_sdk_examples/share/dynamixel_sdk_examples/cmake/dynamixel_sdk_examplesConfig-version.cmake
[7.306s] -- Up-to-date: /home/adrien/proto_ws_ros2/install/dynamixel_sdk_examples/share/dynamixel_sdk_examples/package.xml
[7.309s] Invoked command in '/home/adrien/proto_ws_ros2/build/dynamixel_sdk_examples' returned '0': AMENT_PREFIX_PATH=/home/adrien/proto_ws_ros2/install/dynamixel_sdk_custom_interfaces:/home/adrien/proto_ws_ros2/install/dynamixel_sdk:${AMENT_PREFIX_PATH} CMAKE_PREFIX_PATH=/home/adrien/proto_ws_ros2/install/dynamixel_sdk_custom_interfaces:/home/adrien/proto_ws_ros2/install/dynamixel_sdk:/opt/ros/humble LD_LIBRARY_PATH=/home/adrien/proto_ws_ros2/install/dynamixel_sdk_custom_interfaces/lib:/home/adrien/proto_ws_ros2/install/dynamixel_sdk/lib:${LD_LIBRARY_PATH} PYTHONPATH=/home/adrien/proto_ws_ros2/install/dynamixel_sdk_custom_interfaces/local/lib/python3.10/dist-packages:${PYTHONPATH} /usr/bin/cmake --install /home/adrien/proto_ws_ros2/build/dynamixel_sdk_examples
