[0.015s] Invoking command in '/home/adrien/proto_ws_ros2/build/dynamixel_sdk': CMAKE_PREFIX_PATH=/opt/ros/humble /usr/bin/cmake /home/adrien/proto_ws_ros2/src/DynamixelSDK/dynamixel_sdk -DCMAKE_INSTALL_PREFIX=/home/adrien/proto_ws_ros2/install/dynamixel_sdk
[0.082s] -- The C compiler identification is GNU 11.4.0
[0.139s] -- The CXX compiler identification is GNU 11.4.0
[0.147s] -- Detecting C compiler ABI info
[0.231s] -- Detecting C compiler ABI info - done
[0.237s] -- Check for working C compiler: /usr/bin/cc - skipped
[0.237s] -- Detecting C compile features
[0.237s] -- Detecting C compile features - done
[0.240s] -- Detecting CXX compiler ABI info
[0.365s] -- Detecting CXX compiler ABI info - done
[0.371s] -- Check for working CXX compiler: /usr/bin/c++ - skipped
[0.371s] -- Detecting CXX compile features
[0.372s] -- Detecting CXX compile features - done
[0.376s] -- Found ament_cmake: 1.3.5 (/opt/ros/humble/share/ament_cmake/cmake)
[0.546s] -- Found Python3: /usr/bin/python3.10 (found version "3.10.12") found components: Interpreter 
[0.686s] -- Configuring done
[0.691s] -- Generating done
[0.691s] -- Build files have been written to: /home/adrien/proto_ws_ros2/build/dynamixel_sdk
[0.696s] Invoked command in '/home/adrien/proto_ws_ros2/build/dynamixel_sdk' returned '0': CMAKE_PREFIX_PATH=/opt/ros/humble /usr/bin/cmake /home/adrien/proto_ws_ros2/src/DynamixelSDK/dynamixel_sdk -DCMAKE_INSTALL_PREFIX=/home/adrien/proto_ws_ros2/install/dynamixel_sdk
[0.700s] Invoking command in '/home/adrien/proto_ws_ros2/build/dynamixel_sdk': CMAKE_PREFIX_PATH=/opt/ros/humble /usr/bin/cmake --build /home/adrien/proto_ws_ros2/build/dynamixel_sdk -- -j16 -l16
[0.774s] [ 20%] [32mBuilding CXX object CMakeFiles/dynamixel_sdk.dir/src/dynamixel_sdk/protocol1_packet_handler.cpp.o[0m
[0.774s] [ 20%] [32mBuilding CXX object CMakeFiles/dynamixel_sdk.dir/src/dynamixel_sdk/protocol2_packet_handler.cpp.o[0m
[0.778s] [ 30%] [32mBuilding CXX object CMakeFiles/dynamixel_sdk.dir/src/dynamixel_sdk/group_bulk_read.cpp.o[0m
[0.778s] [ 50%] [32mBuilding CXX object CMakeFiles/dynamixel_sdk.dir/src/dynamixel_sdk/group_bulk_write.cpp.o[0m
[0.779s] [ 50%] [32mBuilding CXX object CMakeFiles/dynamixel_sdk.dir/src/dynamixel_sdk/port_handler.cpp.o[0m
[0.784s] [ 60%] [32mBuilding CXX object CMakeFiles/dynamixel_sdk.dir/src/dynamixel_sdk/packet_handler.cpp.o[0m
[0.786s] [ 70%] [32mBuilding CXX object CMakeFiles/dynamixel_sdk.dir/src/dynamixel_sdk/group_sync_read.cpp.o[0m
[0.789s] [ 80%] [32mBuilding CXX object CMakeFiles/dynamixel_sdk.dir/src/dynamixel_sdk/port_handler_linux.cpp.o[0m
[0.791s] [ 90%] [32mBuilding CXX object CMakeFiles/dynamixel_sdk.dir/src/dynamixel_sdk/group_sync_write.cpp.o[0m
[1.190s] [100%] [32m[1mLinking CXX shared library libdynamixel_sdk.so[0m
[1.299s] [100%] Built target dynamixel_sdk
[1.326s] Invoked command in '/home/adrien/proto_ws_ros2/build/dynamixel_sdk' returned '0': CMAKE_PREFIX_PATH=/opt/ros/humble /usr/bin/cmake --build /home/adrien/proto_ws_ros2/build/dynamixel_sdk -- -j16 -l16
[1.439s] Invoking command in '/home/adrien/proto_ws_ros2/build/dynamixel_sdk': CMAKE_PREFIX_PATH=/opt/ros/humble /usr/bin/cmake --install /home/adrien/proto_ws_ros2/build/dynamixel_sdk
[1.454s] -- Install configuration: ""
[1.454s] -- Installing: /home/adrien/proto_ws_ros2/install/dynamixel_sdk/include/
[1.455s] -- Installing: /home/adrien/proto_ws_ros2/install/dynamixel_sdk/include//dynamixel_sdk
[1.455s] -- Installing: /home/adrien/proto_ws_ros2/install/dynamixel_sdk/include//dynamixel_sdk/group_sync_write.h
[1.455s] -- Installing: /home/adrien/proto_ws_ros2/install/dynamixel_sdk/include//dynamixel_sdk/group_bulk_write.h
[1.455s] -- Installing: /home/adrien/proto_ws_ros2/install/dynamixel_sdk/include//dynamixel_sdk/dynamixel_sdk.h
[1.455s] -- Installing: /home/adrien/proto_ws_ros2/install/dynamixel_sdk/include//dynamixel_sdk/group_bulk_read.h
[1.455s] -- Installing: /home/adrien/proto_ws_ros2/install/dynamixel_sdk/include//dynamixel_sdk/port_handler_mac.h
[1.455s] -- Installing: /home/adrien/proto_ws_ros2/install/dynamixel_sdk/include//dynamixel_sdk/port_handler_windows.h
[1.456s] -- Installing: /home/adrien/proto_ws_ros2/install/dynamixel_sdk/include//dynamixel_sdk/protocol2_packet_handler.h
[1.456s] -- Installing: /home/adrien/proto_ws_ros2/install/dynamixel_sdk/include//dynamixel_sdk/packet_handler.h
[1.456s] -- Installing: /home/adrien/proto_ws_ros2/install/dynamixel_sdk/include//dynamixel_sdk/port_handler_arduino.h
[1.457s] -- Installing: /home/adrien/proto_ws_ros2/install/dynamixel_sdk/include//dynamixel_sdk/port_handler.h
[1.457s] -- Installing: /home/adrien/proto_ws_ros2/install/dynamixel_sdk/include//dynamixel_sdk/protocol1_packet_handler.h
[1.457s] -- Installing: /home/adrien/proto_ws_ros2/install/dynamixel_sdk/include//dynamixel_sdk/group_sync_read.h
[1.458s] -- Installing: /home/adrien/proto_ws_ros2/install/dynamixel_sdk/include//dynamixel_sdk/port_handler_linux.h
[1.458s] -- Installing: /home/adrien/proto_ws_ros2/install/dynamixel_sdk/lib/libdynamixel_sdk.so
[1.459s] -- Installing: /home/adrien/proto_ws_ros2/install/dynamixel_sdk/share/dynamixel_sdk/environment/library_path.sh
[1.459s] -- Installing: /home/adrien/proto_ws_ros2/install/dynamixel_sdk/share/dynamixel_sdk/environment/library_path.dsv
[1.460s] -- Installing: /home/adrien/proto_ws_ros2/install/dynamixel_sdk/share/ament_index/resource_index/package_run_dependencies/dynamixel_sdk
[1.460s] -- Installing: /home/adrien/proto_ws_ros2/install/dynamixel_sdk/share/ament_index/resource_index/parent_prefix_path/dynamixel_sdk
[1.460s] -- Installing: /home/adrien/proto_ws_ros2/install/dynamixel_sdk/share/dynamixel_sdk/environment/ament_prefix_path.sh
[1.461s] -- Installing: /home/adrien/proto_ws_ros2/install/dynamixel_sdk/share/dynamixel_sdk/environment/ament_prefix_path.dsv
[1.461s] -- Installing: /home/adrien/proto_ws_ros2/install/dynamixel_sdk/share/dynamixel_sdk/environment/path.sh
[1.461s] -- Installing: /home/adrien/proto_ws_ros2/install/dynamixel_sdk/share/dynamixel_sdk/environment/path.dsv
[1.462s] -- Installing: /home/adrien/proto_ws_ros2/install/dynamixel_sdk/share/dynamixel_sdk/local_setup.bash
[1.462s] -- Installing: /home/adrien/proto_ws_ros2/install/dynamixel_sdk/share/dynamixel_sdk/local_setup.sh
[1.462s] -- Installing: /home/adrien/proto_ws_ros2/install/dynamixel_sdk/share/dynamixel_sdk/local_setup.zsh
[1.462s] -- Installing: /home/adrien/proto_ws_ros2/install/dynamixel_sdk/share/dynamixel_sdk/local_setup.dsv
[1.463s] -- Installing: /home/adrien/proto_ws_ros2/install/dynamixel_sdk/share/dynamixel_sdk/package.dsv
[1.463s] -- Installing: /home/adrien/proto_ws_ros2/install/dynamixel_sdk/share/ament_index/resource_index/packages/dynamixel_sdk
[1.463s] -- Installing: /home/adrien/proto_ws_ros2/install/dynamixel_sdk/share/dynamixel_sdk/cmake/ament_cmake_export_include_directories-extras.cmake
[1.464s] -- Installing: /home/adrien/proto_ws_ros2/install/dynamixel_sdk/share/dynamixel_sdk/cmake/ament_cmake_export_libraries-extras.cmake
[1.464s] -- Installing: /home/adrien/proto_ws_ros2/install/dynamixel_sdk/share/dynamixel_sdk/cmake/dynamixel_sdkConfig.cmake
[1.464s] -- Installing: /home/adrien/proto_ws_ros2/install/dynamixel_sdk/share/dynamixel_sdk/cmake/dynamixel_sdkConfig-version.cmake
[1.465s] -- Installing: /home/adrien/proto_ws_ros2/install/dynamixel_sdk/share/dynamixel_sdk/package.xml
[1.469s] Invoked command in '/home/adrien/proto_ws_ros2/build/dynamixel_sdk' returned '0': CMAKE_PREFIX_PATH=/opt/ros/humble /usr/bin/cmake --install /home/adrien/proto_ws_ros2/build/dynamixel_sdk
