[0.642s] Invoking command in '/home/adrien/py_proto_ros2/src/dinamyxelAx12': PYTHONPATH=/home/adrien/py_proto_ros2/build/dinamyxelAx12/prefix_override:/home/adrien/py_proto_ros2/install/dinamyxelAx12/lib/python3.10/site-packages:${PYTHONPATH} /usr/bin/python3 setup.py egg_info --egg-base ../../build/dinamyxelAx12 build --build-base /home/adrien/py_proto_ros2/build/dinamyxelAx12/build install --record /home/adrien/py_proto_ros2/build/dinamyxelAx12/install.log --single-version-externally-managed
[0.884s] running egg_info
[0.901s] writing ../../build/dinamyxelAx12/dinamyxelAx12.egg-info/PKG-INFO
[0.902s] writing dependency_links to ../../build/dinamyxelAx12/dinamyxelAx12.egg-info/dependency_links.txt
[0.902s] writing entry points to ../../build/dinamyxelAx12/dinamyxelAx12.egg-info/entry_points.txt
[0.902s] writing requirements to ../../build/dinamyxelAx12/dinamyxelAx12.egg-info/requires.txt
[0.902s] writing top-level names to ../../build/dinamyxelAx12/dinamyxelAx12.egg-info/top_level.txt
[0.931s] reading manifest file '../../build/dinamyxelAx12/dinamyxelAx12.egg-info/SOURCES.txt'
[0.932s] writing manifest file '../../build/dinamyxelAx12/dinamyxelAx12.egg-info/SOURCES.txt'
[0.932s] running build
[0.932s] running build_py
[0.932s] copying dinamyxelAx12/cmd_man.py -> /home/adrien/py_proto_ros2/build/dinamyxelAx12/build/lib/dinamyxelAx12
[0.932s] running install
[0.933s] /home/adrien/.local/lib/python3.10/site-packages/setuptools/_distutils/cmd.py:66: SetuptoolsDeprecationWarning: setup.py install is deprecated.
[0.933s] !!
[0.933s] 
[0.933s]         ********************************************************************************
[0.933s]         Please avoid running ``setup.py`` directly.
[0.933s]         Instead, use pypa/build, pypa/installer or other
[0.933s]         standards-based tools.
[0.933s] 
[0.934s]         See https://blog.ganssle.io/articles/2021/10/setup-py-deprecated.html for details.
[0.934s]         ********************************************************************************
[0.934s] 
[0.934s] !!
[0.934s]   self.initialize_options()
[0.937s] running install_lib
[0.951s] copying /home/adrien/py_proto_ros2/build/dinamyxelAx12/build/lib/dinamyxelAx12/cmd_man.py -> /home/adrien/py_proto_ros2/install/dinamyxelAx12/lib/python3.10/site-packages/dinamyxelAx12
[0.951s] byte-compiling /home/adrien/py_proto_ros2/install/dinamyxelAx12/lib/python3.10/site-packages/dinamyxelAx12/cmd_man.py to cmd_man.cpython-310.pyc
[0.952s] running install_data
[0.965s] running install_egg_info
[0.979s] removing '/home/adrien/py_proto_ros2/install/dinamyxelAx12/lib/python3.10/site-packages/dinamyxelAx12-0.0.0-py3.10.egg-info' (and everything under it)
[0.979s] Copying ../../build/dinamyxelAx12/dinamyxelAx12.egg-info to /home/adrien/py_proto_ros2/install/dinamyxelAx12/lib/python3.10/site-packages/dinamyxelAx12-0.0.0-py3.10.egg-info
[0.980s] running install_scripts
[1.100s] Installing cmd_man script to /home/adrien/py_proto_ros2/install/dinamyxelAx12/lib/dinamyxelAx12
[1.100s] Installing cmd_manuelle script to /home/adrien/py_proto_ros2/install/dinamyxelAx12/lib/dinamyxelAx12
[1.101s] writing list of installed files to '/home/adrien/py_proto_ros2/build/dinamyxelAx12/install.log'
[1.130s] Invoked command in '/home/adrien/py_proto_ros2/src/dinamyxelAx12' returned '0': PYTHONPATH=/home/adrien/py_proto_ros2/build/dinamyxelAx12/prefix_override:/home/adrien/py_proto_ros2/install/dinamyxelAx12/lib/python3.10/site-packages:${PYTHONPATH} /usr/bin/python3 setup.py egg_info --egg-base ../../build/dinamyxelAx12 build --build-base /home/adrien/py_proto_ros2/build/dinamyxelAx12/build install --record /home/adrien/py_proto_ros2/build/dinamyxelAx12/install.log --single-version-externally-managed
