[0.015s] Invoking command in '/home/adrien/proto_ws_ros2/build/dynamixel_sdk_examples': CMAKE_PREFIX_PATH=/home/adrien/proto_ws_ros2/install/dynamixel_sdk_custom_interfaces:/home/adrien/proto_ws_ros2/install/dynamixel_sdk:/home/adrien/proto_ws_ros2/install/dynamixel_sdk_examples:/opt/ros/humble /usr/bin/cmake --build /home/adrien/proto_ws_ros2/build/dynamixel_sdk_examples -- -j16 -l16
[0.062s] [35m[1mConsolidate compiler generated dependencies of target read_write_node[0m
[0.091s] [ 50%] [32mBuilding CXX object CMakeFiles/read_write_node.dir/src/read_write_node.cpp.o[0m
[1.986s] [01m[K/home/adrien/proto_ws_ros2/src/DynamixelSDK/dynamixel_sdk_examples/src/read_write_node.cpp:[m[K In lambda function:
[1.987s] [01m[K/home/adrien/proto_ws_ros2/src/DynamixelSDK/dynamixel_sdk_examples/src/read_write_node.cpp:118:9:[m[K [01;31m[Kerror: [m[Kcannot convert ‘[01m[Kuint32_t*[m[K’ {aka ‘[01m[Kunsigned int*[m[K’} to ‘[01m[Kuint16_t*[m[K’ {aka ‘[01m[Kshort unsigned int*[m[K’}
[1.987s]   118 |         [01;31m[Kreinterpret_cast<uint32_t *>(&present_position)[m[K,
[1.987s]       |         [01;31m[K^~~~~~~~~~~~~~~~~~~~~~~~~~~~~~~~~~~~~~~~~~~~~~~[m[K
[1.988s]       |         [01;31m[K|[m[K
[1.988s]       |         [01;31m[Kuint32_t* {aka unsigned int*}[m[K
[1.988s] In file included from [01m[K/home/adrien/proto_ws_ros2/install/dynamixel_sdk/include/dynamixel_sdk/group_bulk_read.h:29[m[K,
[1.988s]                  from [01m[K/home/adrien/proto_ws_ros2/install/dynamixel_sdk/include/dynamixel_sdk/dynamixel_sdk.h:26[m[K,
[1.988s]                  from [01m[K/home/adrien/proto_ws_ros2/src/DynamixelSDK/dynamixel_sdk_examples/src/read_write_node.cpp:34[m[K:
[1.988s] [01m[K/home/adrien/proto_ws_ros2/install/dynamixel_sdk/include/dynamixel_sdk/packet_handler.h:372:91:[m[K [01;36m[Knote: [m[K  initializing argument 4 of ‘[01m[Kvirtual int dynamixel::PacketHandler::read2ByteTxRx(dynamixel::PortHandler*, uint8_t, uint16_t, uint16_t*, uint8_t*)[m[K’
[1.988s]   372 | ad2ByteTxRx   (PortHandler *port, uint8_t id, uint16_t address, [01;36m[Kuint16_t *data[m[K, uint8_t *error = 0) = 0;
[1.988s]       |                                                                 [01;36m[K~~~~~~~~~~^~~~[m[K
[1.988s] 
[3.947s] gmake[2]: *** [CMakeFiles/read_write_node.dir/build.make:76 : CMakeFiles/read_write_node.dir/src/read_write_node.cpp.o] Erreur 1
[3.948s] gmake[1]: *** [CMakeFiles/Makefile2:137 : CMakeFiles/read_write_node.dir/all] Erreur 2
[3.948s] gmake: *** [Makefile:146 : all] Erreur 2
[3.953s] Invoked command in '/home/adrien/proto_ws_ros2/build/dynamixel_sdk_examples' returned '2': CMAKE_PREFIX_PATH=/home/adrien/proto_ws_ros2/install/dynamixel_sdk_custom_interfaces:/home/adrien/proto_ws_ros2/install/dynamixel_sdk:/home/adrien/proto_ws_ros2/install/dynamixel_sdk_examples:/opt/ros/humble /usr/bin/cmake --build /home/adrien/proto_ws_ros2/build/dynamixel_sdk_examples -- -j16 -l16
