[0.017s] Invoking command in '/home/adrien/proto_ws_ros2/build/dynamixel_sdk': CMAKE_PREFIX_PATH=${CMAKE_PREFIX_PATH}:/opt/ros/humble /usr/bin/cmake --build /home/adrien/proto_ws_ros2/build/dynamixel_sdk -- -j16 -l16
[0.085s] [100%] Built target dynamixel_sdk
[0.100s] Invoked command in '/home/adrien/proto_ws_ros2/build/dynamixel_sdk' returned '0': CMAKE_PREFIX_PATH=${CMAKE_PREFIX_PATH}:/opt/ros/humble /usr/bin/cmake --build /home/adrien/proto_ws_ros2/build/dynamixel_sdk -- -j16 -l16
[0.170s] Invoking command in '/home/adrien/proto_ws_ros2/build/dynamixel_sdk': CMAKE_PREFIX_PATH=${CMAKE_PREFIX_PATH}:/opt/ros/humble /usr/bin/cmake --install /home/adrien/proto_ws_ros2/build/dynamixel_sdk
[0.178s] -- Install configuration: ""
[0.178s] -- Up-to-date: /home/adrien/proto_ws_ros2/install/dynamixel_sdk/include/
[0.178s] -- Up-to-date: /home/adrien/proto_ws_ros2/install/dynamixel_sdk/include//dynamixel_sdk
[0.178s] -- Up-to-date: /home/adrien/proto_ws_ros2/install/dynamixel_sdk/include//dynamixel_sdk/group_sync_write.h
[0.178s] -- Up-to-date: /home/adrien/proto_ws_ros2/install/dynamixel_sdk/include//dynamixel_sdk/group_bulk_write.h
[0.178s] -- Up-to-date: /home/adrien/proto_ws_ros2/install/dynamixel_sdk/include//dynamixel_sdk/dynamixel_sdk.h
[0.178s] -- Up-to-date: /home/adrien/proto_ws_ros2/install/dynamixel_sdk/include//dynamixel_sdk/group_bulk_read.h
[0.178s] -- Up-to-date: /home/adrien/proto_ws_ros2/install/dynamixel_sdk/include//dynamixel_sdk/port_handler_mac.h
[0.178s] -- Up-to-date: /home/adrien/proto_ws_ros2/install/dynamixel_sdk/include//dynamixel_sdk/port_handler_windows.h
[0.179s] -- Up-to-date: /home/adrien/proto_ws_ros2/install/dynamixel_sdk/include//dynamixel_sdk/protocol2_packet_handler.h
[0.179s] -- Up-to-date: /home/adrien/proto_ws_ros2/install/dynamixel_sdk/include//dynamixel_sdk/packet_handler.h
[0.179s] -- Up-to-date: /home/adrien/proto_ws_ros2/install/dynamixel_sdk/include//dynamixel_sdk/port_handler_arduino.h
[0.179s] -- Up-to-date: /home/adrien/proto_ws_ros2/install/dynamixel_sdk/include//dynamixel_sdk/port_handler.h
[0.179s] -- Up-to-date: /home/adrien/proto_ws_ros2/install/dynamixel_sdk/include//dynamixel_sdk/protocol1_packet_handler.h
[0.179s] -- Up-to-date: /home/adrien/proto_ws_ros2/install/dynamixel_sdk/include//dynamixel_sdk/group_sync_read.h
[0.179s] -- Up-to-date: /home/adrien/proto_ws_ros2/install/dynamixel_sdk/include//dynamixel_sdk/port_handler_linux.h
[0.179s] -- Up-to-date: /home/adrien/proto_ws_ros2/install/dynamixel_sdk/lib/libdynamixel_sdk.so
[0.179s] -- Up-to-date: /home/adrien/proto_ws_ros2/install/dynamixel_sdk/share/dynamixel_sdk/environment/library_path.sh
[0.179s] -- Up-to-date: /home/adrien/proto_ws_ros2/install/dynamixel_sdk/share/dynamixel_sdk/environment/library_path.dsv
[0.179s] -- Up-to-date: /home/adrien/proto_ws_ros2/install/dynamixel_sdk/share/ament_index/resource_index/package_run_dependencies/dynamixel_sdk
[0.179s] -- Up-to-date: /home/adrien/proto_ws_ros2/install/dynamixel_sdk/share/ament_index/resource_index/parent_prefix_path/dynamixel_sdk
[0.180s] -- Up-to-date: /home/adrien/proto_ws_ros2/install/dynamixel_sdk/share/dynamixel_sdk/environment/ament_prefix_path.sh
[0.180s] -- Up-to-date: /home/adrien/proto_ws_ros2/install/dynamixel_sdk/share/dynamixel_sdk/environment/ament_prefix_path.dsv
[0.180s] -- Up-to-date: /home/adrien/proto_ws_ros2/install/dynamixel_sdk/share/dynamixel_sdk/environment/path.sh
[0.180s] -- Up-to-date: /home/adrien/proto_ws_ros2/install/dynamixel_sdk/share/dynamixel_sdk/environment/path.dsv
[0.180s] -- Up-to-date: /home/adrien/proto_ws_ros2/install/dynamixel_sdk/share/dynamixel_sdk/local_setup.bash
[0.180s] -- Up-to-date: /home/adrien/proto_ws_ros2/install/dynamixel_sdk/share/dynamixel_sdk/local_setup.sh
[0.180s] -- Up-to-date: /home/adrien/proto_ws_ros2/install/dynamixel_sdk/share/dynamixel_sdk/local_setup.zsh
[0.180s] -- Up-to-date: /home/adrien/proto_ws_ros2/install/dynamixel_sdk/share/dynamixel_sdk/local_setup.dsv
[0.180s] -- Installing: /home/adrien/proto_ws_ros2/install/dynamixel_sdk/share/dynamixel_sdk/package.dsv
[0.180s] -- Up-to-date: /home/adrien/proto_ws_ros2/install/dynamixel_sdk/share/ament_index/resource_index/packages/dynamixel_sdk
[0.180s] -- Up-to-date: /home/adrien/proto_ws_ros2/install/dynamixel_sdk/share/dynamixel_sdk/cmake/ament_cmake_export_include_directories-extras.cmake
[0.180s] -- Up-to-date: /home/adrien/proto_ws_ros2/install/dynamixel_sdk/share/dynamixel_sdk/cmake/ament_cmake_export_libraries-extras.cmake
[0.180s] -- Up-to-date: /home/adrien/proto_ws_ros2/install/dynamixel_sdk/share/dynamixel_sdk/cmake/dynamixel_sdkConfig.cmake
[0.180s] -- Up-to-date: /home/adrien/proto_ws_ros2/install/dynamixel_sdk/share/dynamixel_sdk/cmake/dynamixel_sdkConfig-version.cmake
[0.180s] -- Up-to-date: /home/adrien/proto_ws_ros2/install/dynamixel_sdk/share/dynamixel_sdk/package.xml
[0.181s] Invoked command in '/home/adrien/proto_ws_ros2/build/dynamixel_sdk' returned '0': CMAKE_PREFIX_PATH=${CMAKE_PREFIX_PATH}:/opt/ros/humble /usr/bin/cmake --install /home/adrien/proto_ws_ros2/build/dynamixel_sdk
