[0.240s] DEBUG:colcon:Command line arguments: ['/usr/bin/colcon', 'build']
[0.240s] DEBUG:colcon:Parsed command line arguments: Namespace(log_base=None, log_level=None, verb_name='build', build_base='build', install_base='install', merge_install=False, symlink_install=False, test_result_base=None, continue_on_error=False, executor='parallel', parallel_workers=16, event_handlers=None, ignore_user_meta=False, metas=['./colcon.meta'], base_paths=['.'], packages_ignore=None, packages_ignore_regex=None, paths=None, packages_up_to=None, packages_up_to_regex=None, packages_above=None, packages_above_and_dependencies=None, packages_above_depth=None, packages_select_by_dep=None, packages_skip_by_dep=None, packages_skip_up_to=None, packages_select_build_failed=False, packages_skip_build_finished=False, packages_select_test_failures=False, packages_skip_test_passed=False, packages_select=None, packages_skip=None, packages_select_regex=None, packages_skip_regex=None, packages_start=None, packages_end=None, allow_overriding=[], cmake_args=None, cmake_target=None, cmake_target_skip_unavailable=False, cmake_clean_cache=False, cmake_clean_first=False, cmake_force_configure=False, ament_cmake_args=None, catkin_cmake_args=None, catkin_skip_building_tests=False, verb_parser=<colcon_defaults.argument_parser.defaults.DefaultArgumentsDecorator object at 0x7f13a2ad5f00>, verb_extension=<colcon_core.verb.build.BuildVerb object at 0x7f13a2bebca0>, main=<bound method BuildVerb.main of <colcon_core.verb.build.BuildVerb object at 0x7f13a2bebca0>>)
[0.266s] Level 1:colcon.colcon_core.package_discovery:discover_packages(colcon_meta) check parameters
[0.266s] Level 1:colcon.colcon_core.package_discovery:discover_packages(recursive) check parameters
[0.266s] Level 1:colcon.colcon_core.package_discovery:discover_packages(ignore) check parameters
[0.266s] Level 1:colcon.colcon_core.package_discovery:discover_packages(path) check parameters
[0.266s] Level 1:colcon.colcon_core.package_discovery:discover_packages(colcon_meta) discover
[0.266s] Level 1:colcon.colcon_core.package_discovery:discover_packages(recursive) discover
[0.267s] INFO:colcon.colcon_core.package_discovery:Crawling recursively for packages in '/home/adrien/proto_ws_ros2'
[0.267s] Level 1:colcon.colcon_core.package_identification:_identify(.) by extensions ['ignore', 'ignore_ament_install']
[0.267s] Level 1:colcon.colcon_core.package_identification:_identify(.) by extension 'ignore'
[0.267s] Level 1:colcon.colcon_core.package_identification:_identify(.) by extension 'ignore_ament_install'
[0.267s] Level 1:colcon.colcon_core.package_identification:_identify(.) by extensions ['colcon_pkg']
[0.267s] Level 1:colcon.colcon_core.package_identification:_identify(.) by extension 'colcon_pkg'
[0.267s] Level 1:colcon.colcon_core.package_identification:_identify(.) by extensions ['colcon_meta']
[0.267s] Level 1:colcon.colcon_core.package_identification:_identify(.) by extension 'colcon_meta'
[0.267s] Level 1:colcon.colcon_core.package_identification:_identify(.) by extensions ['ros']
[0.267s] Level 1:colcon.colcon_core.package_identification:_identify(.) by extension 'ros'
[0.276s] Level 1:colcon.colcon_core.package_identification:_identify(.) by extensions ['cmake', 'python']
[0.276s] Level 1:colcon.colcon_core.package_identification:_identify(.) by extension 'cmake'
[0.276s] Level 1:colcon.colcon_core.package_identification:_identify(.) by extension 'python'
[0.276s] Level 1:colcon.colcon_core.package_identification:_identify(.) by extensions ['python_setup_py']
[0.276s] Level 1:colcon.colcon_core.package_identification:_identify(.) by extension 'python_setup_py'
[0.276s] Level 1:colcon.colcon_core.package_identification:_identify(build) by extensions ['ignore', 'ignore_ament_install']
[0.276s] Level 1:colcon.colcon_core.package_identification:_identify(build) by extension 'ignore'
[0.276s] Level 1:colcon.colcon_core.package_identification:_identify(build) ignored
[0.276s] Level 1:colcon.colcon_core.package_identification:_identify(install) by extensions ['ignore', 'ignore_ament_install']
[0.276s] Level 1:colcon.colcon_core.package_identification:_identify(install) by extension 'ignore'
[0.276s] Level 1:colcon.colcon_core.package_identification:_identify(install) ignored
[0.277s] Level 1:colcon.colcon_core.package_identification:_identify(log) by extensions ['ignore', 'ignore_ament_install']
[0.277s] Level 1:colcon.colcon_core.package_identification:_identify(log) by extension 'ignore'
[0.277s] Level 1:colcon.colcon_core.package_identification:_identify(log) ignored
[0.277s] Level 1:colcon.colcon_core.package_identification:_identify(src) by extensions ['ignore', 'ignore_ament_install']
[0.277s] Level 1:colcon.colcon_core.package_identification:_identify(src) by extension 'ignore'
[0.277s] Level 1:colcon.colcon_core.package_identification:_identify(src) by extension 'ignore_ament_install'
[0.277s] Level 1:colcon.colcon_core.package_identification:_identify(src) by extensions ['colcon_pkg']
[0.277s] Level 1:colcon.colcon_core.package_identification:_identify(src) by extension 'colcon_pkg'
[0.277s] Level 1:colcon.colcon_core.package_identification:_identify(src) by extensions ['colcon_meta']
[0.277s] Level 1:colcon.colcon_core.package_identification:_identify(src) by extension 'colcon_meta'
[0.277s] Level 1:colcon.colcon_core.package_identification:_identify(src) by extensions ['ros']
[0.277s] Level 1:colcon.colcon_core.package_identification:_identify(src) by extension 'ros'
[0.277s] Level 1:colcon.colcon_core.package_identification:_identify(src) by extensions ['cmake', 'python']
[0.277s] Level 1:colcon.colcon_core.package_identification:_identify(src) by extension 'cmake'
[0.277s] Level 1:colcon.colcon_core.package_identification:_identify(src) by extension 'python'
[0.277s] Level 1:colcon.colcon_core.package_identification:_identify(src) by extensions ['python_setup_py']
[0.277s] Level 1:colcon.colcon_core.package_identification:_identify(src) by extension 'python_setup_py'
[0.277s] Level 1:colcon.colcon_core.package_identification:_identify(src/DynamixelSDK) by extensions ['ignore', 'ignore_ament_install']
[0.277s] Level 1:colcon.colcon_core.package_identification:_identify(src/DynamixelSDK) by extension 'ignore'
[0.277s] Level 1:colcon.colcon_core.package_identification:_identify(src/DynamixelSDK) by extension 'ignore_ament_install'
[0.277s] Level 1:colcon.colcon_core.package_identification:_identify(src/DynamixelSDK) by extensions ['colcon_pkg']
[0.277s] Level 1:colcon.colcon_core.package_identification:_identify(src/DynamixelSDK) by extension 'colcon_pkg'
[0.277s] Level 1:colcon.colcon_core.package_identification:_identify(src/DynamixelSDK) by extensions ['colcon_meta']
[0.277s] Level 1:colcon.colcon_core.package_identification:_identify(src/DynamixelSDK) by extension 'colcon_meta'
[0.278s] Level 1:colcon.colcon_core.package_identification:_identify(src/DynamixelSDK) by extensions ['ros']
[0.278s] Level 1:colcon.colcon_core.package_identification:_identify(src/DynamixelSDK) by extension 'ros'
[0.278s] Level 1:colcon.colcon_core.package_identification:_identify(src/DynamixelSDK) by extensions ['cmake', 'python']
[0.278s] Level 1:colcon.colcon_core.package_identification:_identify(src/DynamixelSDK) by extension 'cmake'
[0.278s] Level 1:colcon.colcon_core.package_identification:_identify(src/DynamixelSDK) by extension 'python'
[0.278s] Level 1:colcon.colcon_core.package_identification:_identify(src/DynamixelSDK) by extensions ['python_setup_py']
[0.278s] Level 1:colcon.colcon_core.package_identification:_identify(src/DynamixelSDK) by extension 'python_setup_py'
[0.278s] Level 1:colcon.colcon_core.package_identification:_identify(src/DynamixelSDK/dynamixel_sdk) by extensions ['ignore', 'ignore_ament_install']
[0.278s] Level 1:colcon.colcon_core.package_identification:_identify(src/DynamixelSDK/dynamixel_sdk) by extension 'ignore'
[0.278s] Level 1:colcon.colcon_core.package_identification:_identify(src/DynamixelSDK/dynamixel_sdk) by extension 'ignore_ament_install'
[0.278s] Level 1:colcon.colcon_core.package_identification:_identify(src/DynamixelSDK/dynamixel_sdk) by extensions ['colcon_pkg']
[0.278s] Level 1:colcon.colcon_core.package_identification:_identify(src/DynamixelSDK/dynamixel_sdk) by extension 'colcon_pkg'
[0.278s] Level 1:colcon.colcon_core.package_identification:_identify(src/DynamixelSDK/dynamixel_sdk) by extensions ['colcon_meta']
[0.278s] Level 1:colcon.colcon_core.package_identification:_identify(src/DynamixelSDK/dynamixel_sdk) by extension 'colcon_meta'
[0.278s] Level 1:colcon.colcon_core.package_identification:_identify(src/DynamixelSDK/dynamixel_sdk) by extensions ['ros']
[0.278s] Level 1:colcon.colcon_core.package_identification:_identify(src/DynamixelSDK/dynamixel_sdk) by extension 'ros'
[0.280s] DEBUG:colcon.colcon_core.package_identification:Package 'src/DynamixelSDK/dynamixel_sdk' with type 'ros.ament_cmake' and name 'dynamixel_sdk'
[0.280s] Level 1:colcon.colcon_core.package_identification:_identify(src/DynamixelSDK/dynamixel_sdk_custom_interfaces) by extensions ['ignore', 'ignore_ament_install']
[0.280s] Level 1:colcon.colcon_core.package_identification:_identify(src/DynamixelSDK/dynamixel_sdk_custom_interfaces) by extension 'ignore'
[0.280s] Level 1:colcon.colcon_core.package_identification:_identify(src/DynamixelSDK/dynamixel_sdk_custom_interfaces) by extension 'ignore_ament_install'
[0.280s] Level 1:colcon.colcon_core.package_identification:_identify(src/DynamixelSDK/dynamixel_sdk_custom_interfaces) by extensions ['colcon_pkg']
[0.280s] Level 1:colcon.colcon_core.package_identification:_identify(src/DynamixelSDK/dynamixel_sdk_custom_interfaces) by extension 'colcon_pkg'
[0.280s] Level 1:colcon.colcon_core.package_identification:_identify(src/DynamixelSDK/dynamixel_sdk_custom_interfaces) by extensions ['colcon_meta']
[0.280s] Level 1:colcon.colcon_core.package_identification:_identify(src/DynamixelSDK/dynamixel_sdk_custom_interfaces) by extension 'colcon_meta'
[0.280s] Level 1:colcon.colcon_core.package_identification:_identify(src/DynamixelSDK/dynamixel_sdk_custom_interfaces) by extensions ['ros']
[0.280s] Level 1:colcon.colcon_core.package_identification:_identify(src/DynamixelSDK/dynamixel_sdk_custom_interfaces) by extension 'ros'
[0.281s] DEBUG:colcon.colcon_core.package_identification:Package 'src/DynamixelSDK/dynamixel_sdk_custom_interfaces' with type 'ros.ament_cmake' and name 'dynamixel_sdk_custom_interfaces'
[0.281s] Level 1:colcon.colcon_core.package_identification:_identify(src/DynamixelSDK/dynamixel_sdk_examples) by extensions ['ignore', 'ignore_ament_install']
[0.281s] Level 1:colcon.colcon_core.package_identification:_identify(src/DynamixelSDK/dynamixel_sdk_examples) by extension 'ignore'
[0.281s] Level 1:colcon.colcon_core.package_identification:_identify(src/DynamixelSDK/dynamixel_sdk_examples) by extension 'ignore_ament_install'
[0.281s] Level 1:colcon.colcon_core.package_identification:_identify(src/DynamixelSDK/dynamixel_sdk_examples) by extensions ['colcon_pkg']
[0.281s] Level 1:colcon.colcon_core.package_identification:_identify(src/DynamixelSDK/dynamixel_sdk_examples) by extension 'colcon_pkg'
[0.281s] Level 1:colcon.colcon_core.package_identification:_identify(src/DynamixelSDK/dynamixel_sdk_examples) by extensions ['colcon_meta']
[0.281s] Level 1:colcon.colcon_core.package_identification:_identify(src/DynamixelSDK/dynamixel_sdk_examples) by extension 'colcon_meta'
[0.281s] Level 1:colcon.colcon_core.package_identification:_identify(src/DynamixelSDK/dynamixel_sdk_examples) by extensions ['ros']
[0.281s] Level 1:colcon.colcon_core.package_identification:_identify(src/DynamixelSDK/dynamixel_sdk_examples) by extension 'ros'
[0.282s] DEBUG:colcon.colcon_core.package_identification:Package 'src/DynamixelSDK/dynamixel_sdk_examples' with type 'ros.ament_cmake' and name 'dynamixel_sdk_examples'
[0.282s] Level 1:colcon.colcon_core.package_discovery:discover_packages(recursive) using defaults
[0.282s] Level 1:colcon.colcon_core.package_discovery:discover_packages(ignore) discover
[0.282s] Level 1:colcon.colcon_core.package_discovery:discover_packages(ignore) using defaults
[0.282s] Level 1:colcon.colcon_core.package_discovery:discover_packages(path) discover
[0.282s] Level 1:colcon.colcon_core.package_discovery:discover_packages(path) using defaults
[0.300s] Level 1:colcon.colcon_core.package_discovery:discover_packages(prefix_path) check parameters
[0.300s] Level 1:colcon.colcon_core.package_discovery:discover_packages(prefix_path) discover
[0.302s] DEBUG:colcon.colcon_installed_package_information.package_discovery:Found 3 installed packages in /home/adrien/proto_ws_ros2/install
[0.303s] DEBUG:colcon.colcon_installed_package_information.package_discovery:Found 285 installed packages in /opt/ros/humble
[0.304s] Level 1:colcon.colcon_core.package_discovery:discover_packages(prefix_path) using defaults
[0.351s] Level 5:colcon.colcon_core.verb:set package 'dynamixel_sdk' build argument 'cmake_args' from command line to 'None'
[0.351s] Level 5:colcon.colcon_core.verb:set package 'dynamixel_sdk' build argument 'cmake_target' from command line to 'None'
[0.351s] Level 5:colcon.colcon_core.verb:set package 'dynamixel_sdk' build argument 'cmake_target_skip_unavailable' from command line to 'False'
[0.351s] Level 5:colcon.colcon_core.verb:set package 'dynamixel_sdk' build argument 'cmake_clean_cache' from command line to 'False'
[0.351s] Level 5:colcon.colcon_core.verb:set package 'dynamixel_sdk' build argument 'cmake_clean_first' from command line to 'False'
[0.351s] Level 5:colcon.colcon_core.verb:set package 'dynamixel_sdk' build argument 'cmake_force_configure' from command line to 'False'
[0.351s] Level 5:colcon.colcon_core.verb:set package 'dynamixel_sdk' build argument 'ament_cmake_args' from command line to 'None'
[0.351s] Level 5:colcon.colcon_core.verb:set package 'dynamixel_sdk' build argument 'catkin_cmake_args' from command line to 'None'
[0.351s] Level 5:colcon.colcon_core.verb:set package 'dynamixel_sdk' build argument 'catkin_skip_building_tests' from command line to 'False'
[0.351s] DEBUG:colcon.colcon_core.verb:Building package 'dynamixel_sdk' with the following arguments: {'ament_cmake_args': None, 'build_base': '/home/adrien/proto_ws_ros2/build/dynamixel_sdk', 'catkin_cmake_args': None, 'catkin_skip_building_tests': False, 'cmake_args': None, 'cmake_clean_cache': False, 'cmake_clean_first': False, 'cmake_force_configure': False, 'cmake_target': None, 'cmake_target_skip_unavailable': False, 'install_base': '/home/adrien/proto_ws_ros2/install/dynamixel_sdk', 'merge_install': False, 'path': '/home/adrien/proto_ws_ros2/src/DynamixelSDK/dynamixel_sdk', 'symlink_install': False, 'test_result_base': None}
[0.352s] Level 5:colcon.colcon_core.verb:set package 'dynamixel_sdk_custom_interfaces' build argument 'cmake_args' from command line to 'None'
[0.352s] Level 5:colcon.colcon_core.verb:set package 'dynamixel_sdk_custom_interfaces' build argument 'cmake_target' from command line to 'None'
[0.352s] Level 5:colcon.colcon_core.verb:set package 'dynamixel_sdk_custom_interfaces' build argument 'cmake_target_skip_unavailable' from command line to 'False'
[0.352s] Level 5:colcon.colcon_core.verb:set package 'dynamixel_sdk_custom_interfaces' build argument 'cmake_clean_cache' from command line to 'False'
[0.352s] Level 5:colcon.colcon_core.verb:set package 'dynamixel_sdk_custom_interfaces' build argument 'cmake_clean_first' from command line to 'False'
[0.352s] Level 5:colcon.colcon_core.verb:set package 'dynamixel_sdk_custom_interfaces' build argument 'cmake_force_configure' from command line to 'False'
[0.352s] Level 5:colcon.colcon_core.verb:set package 'dynamixel_sdk_custom_interfaces' build argument 'ament_cmake_args' from command line to 'None'
[0.352s] Level 5:colcon.colcon_core.verb:set package 'dynamixel_sdk_custom_interfaces' build argument 'catkin_cmake_args' from command line to 'None'
[0.352s] Level 5:colcon.colcon_core.verb:set package 'dynamixel_sdk_custom_interfaces' build argument 'catkin_skip_building_tests' from command line to 'False'
[0.352s] DEBUG:colcon.colcon_core.verb:Building package 'dynamixel_sdk_custom_interfaces' with the following arguments: {'ament_cmake_args': None, 'build_base': '/home/adrien/proto_ws_ros2/build/dynamixel_sdk_custom_interfaces', 'catkin_cmake_args': None, 'catkin_skip_building_tests': False, 'cmake_args': None, 'cmake_clean_cache': False, 'cmake_clean_first': False, 'cmake_force_configure': False, 'cmake_target': None, 'cmake_target_skip_unavailable': False, 'install_base': '/home/adrien/proto_ws_ros2/install/dynamixel_sdk_custom_interfaces', 'merge_install': False, 'path': '/home/adrien/proto_ws_ros2/src/DynamixelSDK/dynamixel_sdk_custom_interfaces', 'symlink_install': False, 'test_result_base': None}
[0.353s] Level 5:colcon.colcon_core.verb:set package 'dynamixel_sdk_examples' build argument 'cmake_args' from command line to 'None'
[0.353s] Level 5:colcon.colcon_core.verb:set package 'dynamixel_sdk_examples' build argument 'cmake_target' from command line to 'None'
[0.353s] Level 5:colcon.colcon_core.verb:set package 'dynamixel_sdk_examples' build argument 'cmake_target_skip_unavailable' from command line to 'False'
[0.353s] Level 5:colcon.colcon_core.verb:set package 'dynamixel_sdk_examples' build argument 'cmake_clean_cache' from command line to 'False'
[0.353s] Level 5:colcon.colcon_core.verb:set package 'dynamixel_sdk_examples' build argument 'cmake_clean_first' from command line to 'False'
[0.353s] Level 5:colcon.colcon_core.verb:set package 'dynamixel_sdk_examples' build argument 'cmake_force_configure' from command line to 'False'
[0.353s] Level 5:colcon.colcon_core.verb:set package 'dynamixel_sdk_examples' build argument 'ament_cmake_args' from command line to 'None'
[0.353s] Level 5:colcon.colcon_core.verb:set package 'dynamixel_sdk_examples' build argument 'catkin_cmake_args' from command line to 'None'
[0.353s] Level 5:colcon.colcon_core.verb:set package 'dynamixel_sdk_examples' build argument 'catkin_skip_building_tests' from command line to 'False'
[0.353s] DEBUG:colcon.colcon_core.verb:Building package 'dynamixel_sdk_examples' with the following arguments: {'ament_cmake_args': None, 'build_base': '/home/adrien/proto_ws_ros2/build/dynamixel_sdk_examples', 'catkin_cmake_args': None, 'catkin_skip_building_tests': False, 'cmake_args': None, 'cmake_clean_cache': False, 'cmake_clean_first': False, 'cmake_force_configure': False, 'cmake_target': None, 'cmake_target_skip_unavailable': False, 'install_base': '/home/adrien/proto_ws_ros2/install/dynamixel_sdk_examples', 'merge_install': False, 'path': '/home/adrien/proto_ws_ros2/src/DynamixelSDK/dynamixel_sdk_examples', 'symlink_install': False, 'test_result_base': None}
[0.354s] INFO:colcon.colcon_core.executor:Executing jobs using 'parallel' executor
[0.356s] DEBUG:colcon.colcon_parallel_executor.executor.parallel:run_until_complete
[0.356s] INFO:colcon.colcon_ros.task.ament_cmake.build:Building ROS package in '/home/adrien/proto_ws_ros2/src/DynamixelSDK/dynamixel_sdk' with build type 'ament_cmake'
[0.356s] INFO:colcon.colcon_cmake.task.cmake.build:Building CMake package in '/home/adrien/proto_ws_ros2/src/DynamixelSDK/dynamixel_sdk'
[0.360s] INFO:colcon.colcon_core.plugin_system:Skipping extension 'colcon_core.shell.bat': Not used on non-Windows systems
[0.360s] INFO:colcon.colcon_core.shell:Skip shell extension 'powershell' for command environment: Not usable outside of PowerShell
[0.360s] DEBUG:colcon.colcon_core.shell:Skip shell extension 'dsv' for command environment
[0.364s] INFO:colcon.colcon_ros.task.ament_cmake.build:Building ROS package in '/home/adrien/proto_ws_ros2/src/DynamixelSDK/dynamixel_sdk_custom_interfaces' with build type 'ament_cmake'
[0.364s] INFO:colcon.colcon_cmake.task.cmake.build:Building CMake package in '/home/adrien/proto_ws_ros2/src/DynamixelSDK/dynamixel_sdk_custom_interfaces'
[0.365s] INFO:colcon.colcon_core.shell:Skip shell extension 'powershell' for command environment: Not usable outside of PowerShell
[0.365s] DEBUG:colcon.colcon_core.shell:Skip shell extension 'dsv' for command environment
[0.376s] DEBUG:colcon.colcon_core.event_handler.log_command:Invoking command in '/home/adrien/proto_ws_ros2/build/dynamixel_sdk': CMAKE_PREFIX_PATH=${CMAKE_PREFIX_PATH}:/opt/ros/humble /usr/bin/cmake --build /home/adrien/proto_ws_ros2/build/dynamixel_sdk -- -j16 -l16
[0.379s] DEBUG:colcon.colcon_core.event_handler.log_command:Invoking command in '/home/adrien/proto_ws_ros2/build/dynamixel_sdk_custom_interfaces': CMAKE_PREFIX_PATH=${CMAKE_PREFIX_PATH}:/opt/ros/humble /usr/bin/cmake --build /home/adrien/proto_ws_ros2/build/dynamixel_sdk_custom_interfaces -- -j16 -l16
[0.454s] DEBUG:colcon.colcon_core.event_handler.log_command:Invoked command in '/home/adrien/proto_ws_ros2/build/dynamixel_sdk' returned '0': CMAKE_PREFIX_PATH=${CMAKE_PREFIX_PATH}:/opt/ros/humble /usr/bin/cmake --build /home/adrien/proto_ws_ros2/build/dynamixel_sdk -- -j16 -l16
[0.519s] DEBUG:colcon.colcon_core.event_handler.log_command:Invoking command in '/home/adrien/proto_ws_ros2/build/dynamixel_sdk': CMAKE_PREFIX_PATH=${CMAKE_PREFIX_PATH}:/opt/ros/humble /usr/bin/cmake --install /home/adrien/proto_ws_ros2/build/dynamixel_sdk
[0.532s] Level 1:colcon.colcon_core.environment:create_environment_scripts_only(dynamixel_sdk)
[0.533s] DEBUG:colcon.colcon_core.event_handler.log_command:Invoked command in '/home/adrien/proto_ws_ros2/build/dynamixel_sdk' returned '0': CMAKE_PREFIX_PATH=${CMAKE_PREFIX_PATH}:/opt/ros/humble /usr/bin/cmake --install /home/adrien/proto_ws_ros2/build/dynamixel_sdk
[0.539s] Level 1:colcon.colcon_core.environment:checking '/home/adrien/proto_ws_ros2/install/dynamixel_sdk' for CMake module files
[0.539s] Level 1:colcon.colcon_core.environment:checking '/home/adrien/proto_ws_ros2/install/dynamixel_sdk' for CMake config files
[0.540s] Level 1:colcon.colcon_core.shell:create_environment_hook('dynamixel_sdk', 'cmake_prefix_path')
[0.542s] INFO:colcon.colcon_core.shell:Creating environment hook '/home/adrien/proto_ws_ros2/install/dynamixel_sdk/share/dynamixel_sdk/hook/cmake_prefix_path.ps1'
[0.543s] INFO:colcon.colcon_core.shell:Creating environment descriptor '/home/adrien/proto_ws_ros2/install/dynamixel_sdk/share/dynamixel_sdk/hook/cmake_prefix_path.dsv'
[0.544s] INFO:colcon.colcon_core.shell:Creating environment hook '/home/adrien/proto_ws_ros2/install/dynamixel_sdk/share/dynamixel_sdk/hook/cmake_prefix_path.sh'
[0.545s] Level 1:colcon.colcon_core.environment:checking '/home/adrien/proto_ws_ros2/install/dynamixel_sdk/lib'
[0.545s] Level 1:colcon.colcon_core.shell:create_environment_hook('dynamixel_sdk', 'ld_library_path_lib')
[0.547s] INFO:colcon.colcon_core.shell:Creating environment hook '/home/adrien/proto_ws_ros2/install/dynamixel_sdk/share/dynamixel_sdk/hook/ld_library_path_lib.ps1'
[0.548s] INFO:colcon.colcon_core.shell:Creating environment descriptor '/home/adrien/proto_ws_ros2/install/dynamixel_sdk/share/dynamixel_sdk/hook/ld_library_path_lib.dsv'
[0.548s] INFO:colcon.colcon_core.shell:Creating environment hook '/home/adrien/proto_ws_ros2/install/dynamixel_sdk/share/dynamixel_sdk/hook/ld_library_path_lib.sh'
[0.549s] Level 1:colcon.colcon_core.environment:checking '/home/adrien/proto_ws_ros2/install/dynamixel_sdk/bin'
[0.549s] Level 1:colcon.colcon_core.environment:checking '/home/adrien/proto_ws_ros2/install/dynamixel_sdk/lib/pkgconfig/dynamixel_sdk.pc'
[0.549s] Level 1:colcon.colcon_core.environment:checking '/home/adrien/proto_ws_ros2/install/dynamixel_sdk/lib/python3.10/site-packages'
[0.550s] Level 1:colcon.colcon_core.environment:checking '/home/adrien/proto_ws_ros2/install/dynamixel_sdk/bin'
[0.552s] INFO:colcon.colcon_core.shell:Creating package script '/home/adrien/proto_ws_ros2/install/dynamixel_sdk/share/dynamixel_sdk/package.ps1'
[0.553s] INFO:colcon.colcon_core.shell:Creating package descriptor '/home/adrien/proto_ws_ros2/install/dynamixel_sdk/share/dynamixel_sdk/package.dsv'
[0.555s] INFO:colcon.colcon_core.shell:Creating package script '/home/adrien/proto_ws_ros2/install/dynamixel_sdk/share/dynamixel_sdk/package.sh'
[0.556s] INFO:colcon.colcon_core.shell:Creating package script '/home/adrien/proto_ws_ros2/install/dynamixel_sdk/share/dynamixel_sdk/package.bash'
[0.557s] INFO:colcon.colcon_core.shell:Creating package script '/home/adrien/proto_ws_ros2/install/dynamixel_sdk/share/dynamixel_sdk/package.zsh'
[0.558s] Level 1:colcon.colcon_core.environment:create_file_with_runtime_dependencies(/home/adrien/proto_ws_ros2/install/dynamixel_sdk/share/colcon-core/packages/dynamixel_sdk)
[0.616s] Level 1:colcon.colcon_core.environment:create_environment_scripts_only(dynamixel_sdk)
[0.619s] Level 1:colcon.colcon_core.environment:checking '/home/adrien/proto_ws_ros2/install/dynamixel_sdk' for CMake module files
[0.620s] Level 1:colcon.colcon_core.environment:checking '/home/adrien/proto_ws_ros2/install/dynamixel_sdk' for CMake config files
[0.620s] Level 1:colcon.colcon_core.shell:create_environment_hook('dynamixel_sdk', 'cmake_prefix_path')
[0.622s] INFO:colcon.colcon_core.shell:Creating environment hook '/home/adrien/proto_ws_ros2/install/dynamixel_sdk/share/dynamixel_sdk/hook/cmake_prefix_path.ps1'
[0.623s] INFO:colcon.colcon_core.shell:Creating environment descriptor '/home/adrien/proto_ws_ros2/install/dynamixel_sdk/share/dynamixel_sdk/hook/cmake_prefix_path.dsv'
[0.624s] INFO:colcon.colcon_core.shell:Creating environment hook '/home/adrien/proto_ws_ros2/install/dynamixel_sdk/share/dynamixel_sdk/hook/cmake_prefix_path.sh'
[0.625s] Level 1:colcon.colcon_core.environment:checking '/home/adrien/proto_ws_ros2/install/dynamixel_sdk/lib'
[0.625s] Level 1:colcon.colcon_core.shell:create_environment_hook('dynamixel_sdk', 'ld_library_path_lib')
[0.627s] INFO:colcon.colcon_core.shell:Creating environment hook '/home/adrien/proto_ws_ros2/install/dynamixel_sdk/share/dynamixel_sdk/hook/ld_library_path_lib.ps1'
[0.627s] INFO:colcon.colcon_core.shell:Creating environment descriptor '/home/adrien/proto_ws_ros2/install/dynamixel_sdk/share/dynamixel_sdk/hook/ld_library_path_lib.dsv'
[0.628s] INFO:colcon.colcon_core.shell:Creating environment hook '/home/adrien/proto_ws_ros2/install/dynamixel_sdk/share/dynamixel_sdk/hook/ld_library_path_lib.sh'
[0.628s] Level 1:colcon.colcon_core.environment:checking '/home/adrien/proto_ws_ros2/install/dynamixel_sdk/bin'
[0.629s] Level 1:colcon.colcon_core.environment:checking '/home/adrien/proto_ws_ros2/install/dynamixel_sdk/lib/pkgconfig/dynamixel_sdk.pc'
[0.629s] Level 1:colcon.colcon_core.environment:checking '/home/adrien/proto_ws_ros2/install/dynamixel_sdk/lib/python3.10/site-packages'
[0.629s] Level 1:colcon.colcon_core.environment:checking '/home/adrien/proto_ws_ros2/install/dynamixel_sdk/bin'
[0.631s] INFO:colcon.colcon_core.shell:Creating package script '/home/adrien/proto_ws_ros2/install/dynamixel_sdk/share/dynamixel_sdk/package.ps1'
[0.632s] INFO:colcon.colcon_core.shell:Creating package descriptor '/home/adrien/proto_ws_ros2/install/dynamixel_sdk/share/dynamixel_sdk/package.dsv'
[0.633s] INFO:colcon.colcon_core.shell:Creating package script '/home/adrien/proto_ws_ros2/install/dynamixel_sdk/share/dynamixel_sdk/package.sh'
[0.634s] INFO:colcon.colcon_core.shell:Creating package script '/home/adrien/proto_ws_ros2/install/dynamixel_sdk/share/dynamixel_sdk/package.bash'
[0.635s] INFO:colcon.colcon_core.shell:Creating package script '/home/adrien/proto_ws_ros2/install/dynamixel_sdk/share/dynamixel_sdk/package.zsh'
[0.635s] Level 1:colcon.colcon_core.environment:create_file_with_runtime_dependencies(/home/adrien/proto_ws_ros2/install/dynamixel_sdk/share/colcon-core/packages/dynamixel_sdk)
[0.715s] DEBUG:colcon.colcon_core.event_handler.log_command:Invoked command in '/home/adrien/proto_ws_ros2/build/dynamixel_sdk_custom_interfaces' returned '0': CMAKE_PREFIX_PATH=${CMAKE_PREFIX_PATH}:/opt/ros/humble /usr/bin/cmake --build /home/adrien/proto_ws_ros2/build/dynamixel_sdk_custom_interfaces -- -j16 -l16
[0.883s] DEBUG:colcon.colcon_core.event_handler.log_command:Invoking command in '/home/adrien/proto_ws_ros2/build/dynamixel_sdk_custom_interfaces': CMAKE_PREFIX_PATH=${CMAKE_PREFIX_PATH}:/opt/ros/humble /usr/bin/cmake --install /home/adrien/proto_ws_ros2/build/dynamixel_sdk_custom_interfaces
[0.974s] Level 1:colcon.colcon_core.environment:create_environment_scripts_only(dynamixel_sdk_custom_interfaces)
[0.977s] Level 1:colcon.colcon_core.environment:checking '/home/adrien/proto_ws_ros2/install/dynamixel_sdk_custom_interfaces' for CMake module files
[0.978s] DEBUG:colcon.colcon_core.event_handler.log_command:Invoked command in '/home/adrien/proto_ws_ros2/build/dynamixel_sdk_custom_interfaces' returned '0': CMAKE_PREFIX_PATH=${CMAKE_PREFIX_PATH}:/opt/ros/humble /usr/bin/cmake --install /home/adrien/proto_ws_ros2/build/dynamixel_sdk_custom_interfaces
[0.979s] Level 1:colcon.colcon_core.environment:checking '/home/adrien/proto_ws_ros2/install/dynamixel_sdk_custom_interfaces' for CMake config files
[0.979s] Level 1:colcon.colcon_core.shell:create_environment_hook('dynamixel_sdk_custom_interfaces', 'cmake_prefix_path')
[0.981s] INFO:colcon.colcon_core.shell:Creating environment hook '/home/adrien/proto_ws_ros2/install/dynamixel_sdk_custom_interfaces/share/dynamixel_sdk_custom_interfaces/hook/cmake_prefix_path.ps1'
[0.982s] INFO:colcon.colcon_core.shell:Creating environment descriptor '/home/adrien/proto_ws_ros2/install/dynamixel_sdk_custom_interfaces/share/dynamixel_sdk_custom_interfaces/hook/cmake_prefix_path.dsv'
[0.982s] INFO:colcon.colcon_core.shell:Creating environment hook '/home/adrien/proto_ws_ros2/install/dynamixel_sdk_custom_interfaces/share/dynamixel_sdk_custom_interfaces/hook/cmake_prefix_path.sh'
[0.983s] Level 1:colcon.colcon_core.environment:checking '/home/adrien/proto_ws_ros2/install/dynamixel_sdk_custom_interfaces/lib'
[0.983s] Level 1:colcon.colcon_core.shell:create_environment_hook('dynamixel_sdk_custom_interfaces', 'ld_library_path_lib')
[0.985s] INFO:colcon.colcon_core.shell:Creating environment hook '/home/adrien/proto_ws_ros2/install/dynamixel_sdk_custom_interfaces/share/dynamixel_sdk_custom_interfaces/hook/ld_library_path_lib.ps1'
[0.986s] INFO:colcon.colcon_core.shell:Creating environment descriptor '/home/adrien/proto_ws_ros2/install/dynamixel_sdk_custom_interfaces/share/dynamixel_sdk_custom_interfaces/hook/ld_library_path_lib.dsv'
[0.986s] INFO:colcon.colcon_core.shell:Creating environment hook '/home/adrien/proto_ws_ros2/install/dynamixel_sdk_custom_interfaces/share/dynamixel_sdk_custom_interfaces/hook/ld_library_path_lib.sh'
[0.987s] Level 1:colcon.colcon_core.environment:checking '/home/adrien/proto_ws_ros2/install/dynamixel_sdk_custom_interfaces/bin'
[0.987s] Level 1:colcon.colcon_core.environment:checking '/home/adrien/proto_ws_ros2/install/dynamixel_sdk_custom_interfaces/lib/pkgconfig/dynamixel_sdk_custom_interfaces.pc'
[0.987s] Level 1:colcon.colcon_core.environment:checking '/home/adrien/proto_ws_ros2/install/dynamixel_sdk_custom_interfaces/lib/python3.10/site-packages'
[0.988s] Level 1:colcon.colcon_core.environment:checking '/home/adrien/proto_ws_ros2/install/dynamixel_sdk_custom_interfaces/bin'
[0.990s] INFO:colcon.colcon_core.shell:Creating package script '/home/adrien/proto_ws_ros2/install/dynamixel_sdk_custom_interfaces/share/dynamixel_sdk_custom_interfaces/package.ps1'
[0.991s] INFO:colcon.colcon_core.shell:Creating package descriptor '/home/adrien/proto_ws_ros2/install/dynamixel_sdk_custom_interfaces/share/dynamixel_sdk_custom_interfaces/package.dsv'
[0.991s] INFO:colcon.colcon_core.shell:Creating package script '/home/adrien/proto_ws_ros2/install/dynamixel_sdk_custom_interfaces/share/dynamixel_sdk_custom_interfaces/package.sh'
[0.992s] INFO:colcon.colcon_core.shell:Creating package script '/home/adrien/proto_ws_ros2/install/dynamixel_sdk_custom_interfaces/share/dynamixel_sdk_custom_interfaces/package.bash'
[0.992s] INFO:colcon.colcon_core.shell:Creating package script '/home/adrien/proto_ws_ros2/install/dynamixel_sdk_custom_interfaces/share/dynamixel_sdk_custom_interfaces/package.zsh'
[0.993s] Level 1:colcon.colcon_core.environment:create_file_with_runtime_dependencies(/home/adrien/proto_ws_ros2/install/dynamixel_sdk_custom_interfaces/share/colcon-core/packages/dynamixel_sdk_custom_interfaces)
[1.155s] Level 1:colcon.colcon_core.environment:create_environment_scripts_only(dynamixel_sdk_custom_interfaces)
[1.156s] Level 1:colcon.colcon_core.environment:checking '/home/adrien/proto_ws_ros2/install/dynamixel_sdk_custom_interfaces' for CMake module files
[1.157s] Level 1:colcon.colcon_core.environment:checking '/home/adrien/proto_ws_ros2/install/dynamixel_sdk_custom_interfaces' for CMake config files
[1.157s] Level 1:colcon.colcon_core.shell:create_environment_hook('dynamixel_sdk_custom_interfaces', 'cmake_prefix_path')
[1.158s] INFO:colcon.colcon_core.shell:Creating environment hook '/home/adrien/proto_ws_ros2/install/dynamixel_sdk_custom_interfaces/share/dynamixel_sdk_custom_interfaces/hook/cmake_prefix_path.ps1'
[1.159s] INFO:colcon.colcon_core.shell:Creating environment descriptor '/home/adrien/proto_ws_ros2/install/dynamixel_sdk_custom_interfaces/share/dynamixel_sdk_custom_interfaces/hook/cmake_prefix_path.dsv'
[1.159s] INFO:colcon.colcon_core.shell:Creating environment hook '/home/adrien/proto_ws_ros2/install/dynamixel_sdk_custom_interfaces/share/dynamixel_sdk_custom_interfaces/hook/cmake_prefix_path.sh'
[1.159s] Level 1:colcon.colcon_core.environment:checking '/home/adrien/proto_ws_ros2/install/dynamixel_sdk_custom_interfaces/lib'
[1.159s] Level 1:colcon.colcon_core.shell:create_environment_hook('dynamixel_sdk_custom_interfaces', 'ld_library_path_lib')
[1.161s] INFO:colcon.colcon_core.shell:Creating environment hook '/home/adrien/proto_ws_ros2/install/dynamixel_sdk_custom_interfaces/share/dynamixel_sdk_custom_interfaces/hook/ld_library_path_lib.ps1'
[1.161s] INFO:colcon.colcon_core.shell:Creating environment descriptor '/home/adrien/proto_ws_ros2/install/dynamixel_sdk_custom_interfaces/share/dynamixel_sdk_custom_interfaces/hook/ld_library_path_lib.dsv'
[1.161s] INFO:colcon.colcon_core.shell:Creating environment hook '/home/adrien/proto_ws_ros2/install/dynamixel_sdk_custom_interfaces/share/dynamixel_sdk_custom_interfaces/hook/ld_library_path_lib.sh'
[1.162s] Level 1:colcon.colcon_core.environment:checking '/home/adrien/proto_ws_ros2/install/dynamixel_sdk_custom_interfaces/bin'
[1.162s] Level 1:colcon.colcon_core.environment:checking '/home/adrien/proto_ws_ros2/install/dynamixel_sdk_custom_interfaces/lib/pkgconfig/dynamixel_sdk_custom_interfaces.pc'
[1.162s] Level 1:colcon.colcon_core.environment:checking '/home/adrien/proto_ws_ros2/install/dynamixel_sdk_custom_interfaces/lib/python3.10/site-packages'
[1.162s] Level 1:colcon.colcon_core.environment:checking '/home/adrien/proto_ws_ros2/install/dynamixel_sdk_custom_interfaces/bin'
[1.163s] INFO:colcon.colcon_core.shell:Creating package script '/home/adrien/proto_ws_ros2/install/dynamixel_sdk_custom_interfaces/share/dynamixel_sdk_custom_interfaces/package.ps1'
[1.163s] INFO:colcon.colcon_core.shell:Creating package descriptor '/home/adrien/proto_ws_ros2/install/dynamixel_sdk_custom_interfaces/share/dynamixel_sdk_custom_interfaces/package.dsv'
[1.164s] INFO:colcon.colcon_core.shell:Creating package script '/home/adrien/proto_ws_ros2/install/dynamixel_sdk_custom_interfaces/share/dynamixel_sdk_custom_interfaces/package.sh'
[1.164s] INFO:colcon.colcon_core.shell:Creating package script '/home/adrien/proto_ws_ros2/install/dynamixel_sdk_custom_interfaces/share/dynamixel_sdk_custom_interfaces/package.bash'
[1.164s] INFO:colcon.colcon_core.shell:Creating package script '/home/adrien/proto_ws_ros2/install/dynamixel_sdk_custom_interfaces/share/dynamixel_sdk_custom_interfaces/package.zsh'
[1.165s] Level 1:colcon.colcon_core.environment:create_file_with_runtime_dependencies(/home/adrien/proto_ws_ros2/install/dynamixel_sdk_custom_interfaces/share/colcon-core/packages/dynamixel_sdk_custom_interfaces)
[1.165s] INFO:colcon.colcon_ros.task.ament_cmake.build:Building ROS package in '/home/adrien/proto_ws_ros2/src/DynamixelSDK/dynamixel_sdk_examples' with build type 'ament_cmake'
[1.165s] INFO:colcon.colcon_cmake.task.cmake.build:Building CMake package in '/home/adrien/proto_ws_ros2/src/DynamixelSDK/dynamixel_sdk_examples'
[1.166s] INFO:colcon.colcon_core.shell:Skip shell extension 'powershell' for command environment: Not usable outside of PowerShell
[1.166s] DEBUG:colcon.colcon_core.shell:Skip shell extension 'dsv' for command environment
[1.182s] DEBUG:colcon.colcon_core.event_handler.log_command:Invoking command in '/home/adrien/proto_ws_ros2/build/dynamixel_sdk_examples': CMAKE_PREFIX_PATH=/home/adrien/proto_ws_ros2/install/dynamixel_sdk_custom_interfaces:/home/adrien/proto_ws_ros2/install/dynamixel_sdk:/home/adrien/proto_ws_ros2/install/dynamixel_sdk_examples:/opt/ros/humble /usr/bin/cmake --build /home/adrien/proto_ws_ros2/build/dynamixel_sdk_examples -- -j16 -l16
[5.120s] DEBUG:colcon.colcon_core.event_handler.log_command:Invoked command in '/home/adrien/proto_ws_ros2/build/dynamixel_sdk_examples' returned '2': CMAKE_PREFIX_PATH=/home/adrien/proto_ws_ros2/install/dynamixel_sdk_custom_interfaces:/home/adrien/proto_ws_ros2/install/dynamixel_sdk:/home/adrien/proto_ws_ros2/install/dynamixel_sdk_examples:/opt/ros/humble /usr/bin/cmake --build /home/adrien/proto_ws_ros2/build/dynamixel_sdk_examples -- -j16 -l16
[5.171s] Level 1:colcon.colcon_core.environment:create_environment_scripts_only(dynamixel_sdk_examples)
[5.172s] Level 1:colcon.colcon_core.environment:checking '/home/adrien/proto_ws_ros2/install/dynamixel_sdk_examples' for CMake module files
[5.172s] Level 1:colcon.colcon_core.environment:checking '/home/adrien/proto_ws_ros2/install/dynamixel_sdk_examples' for CMake config files
[5.172s] Level 1:colcon.colcon_core.shell:create_environment_hook('dynamixel_sdk_examples', 'cmake_prefix_path')
[5.173s] INFO:colcon.colcon_core.shell:Creating environment hook '/home/adrien/proto_ws_ros2/install/dynamixel_sdk_examples/share/dynamixel_sdk_examples/hook/cmake_prefix_path.ps1'
[5.174s] INFO:colcon.colcon_core.shell:Creating environment descriptor '/home/adrien/proto_ws_ros2/install/dynamixel_sdk_examples/share/dynamixel_sdk_examples/hook/cmake_prefix_path.dsv'
[5.174s] INFO:colcon.colcon_core.shell:Creating environment hook '/home/adrien/proto_ws_ros2/install/dynamixel_sdk_examples/share/dynamixel_sdk_examples/hook/cmake_prefix_path.sh'
[5.174s] Level 1:colcon.colcon_core.environment:checking '/home/adrien/proto_ws_ros2/install/dynamixel_sdk_examples/lib'
[5.174s] Level 1:colcon.colcon_core.environment:checking '/home/adrien/proto_ws_ros2/install/dynamixel_sdk_examples/bin'
[5.175s] Level 1:colcon.colcon_core.environment:checking '/home/adrien/proto_ws_ros2/install/dynamixel_sdk_examples/lib/pkgconfig/dynamixel_sdk_examples.pc'
[5.175s] Level 1:colcon.colcon_core.environment:checking '/home/adrien/proto_ws_ros2/install/dynamixel_sdk_examples/lib/python3.10/site-packages'
[5.175s] Level 1:colcon.colcon_core.environment:checking '/home/adrien/proto_ws_ros2/install/dynamixel_sdk_examples/bin'
[5.176s] INFO:colcon.colcon_core.shell:Creating package script '/home/adrien/proto_ws_ros2/install/dynamixel_sdk_examples/share/dynamixel_sdk_examples/package.ps1'
[5.176s] INFO:colcon.colcon_core.shell:Creating package descriptor '/home/adrien/proto_ws_ros2/install/dynamixel_sdk_examples/share/dynamixel_sdk_examples/package.dsv'
[5.176s] INFO:colcon.colcon_core.shell:Creating package script '/home/adrien/proto_ws_ros2/install/dynamixel_sdk_examples/share/dynamixel_sdk_examples/package.sh'
[5.177s] INFO:colcon.colcon_core.shell:Creating package script '/home/adrien/proto_ws_ros2/install/dynamixel_sdk_examples/share/dynamixel_sdk_examples/package.bash'
[5.177s] INFO:colcon.colcon_core.shell:Creating package script '/home/adrien/proto_ws_ros2/install/dynamixel_sdk_examples/share/dynamixel_sdk_examples/package.zsh'
[5.177s] Level 1:colcon.colcon_core.environment:create_file_with_runtime_dependencies(/home/adrien/proto_ws_ros2/install/dynamixel_sdk_examples/share/colcon-core/packages/dynamixel_sdk_examples)
[5.178s] DEBUG:colcon.colcon_parallel_executor.executor.parallel:closing loop
[5.178s] DEBUG:colcon.colcon_parallel_executor.executor.parallel:loop closed
[5.178s] DEBUG:colcon.colcon_parallel_executor.executor.parallel:run_until_complete finished with '2'
[5.178s] DEBUG:colcon.colcon_core.event_reactor:joining thread
[5.182s] INFO:colcon.colcon_core.plugin_system:Skipping extension 'colcon_notification.desktop_notification.terminal_notifier': Not used on non-Darwin systems
[5.183s] INFO:colcon.colcon_core.plugin_system:Skipping extension 'colcon_notification.desktop_notification.win32': Not used on non-Windows systems
[5.183s] INFO:colcon.colcon_notification.desktop_notification:Sending desktop notification using 'notify2'
[5.194s] DEBUG:colcon.colcon_core.event_reactor:joined thread
[5.195s] INFO:colcon.colcon_core.shell:Creating prefix script '/home/adrien/proto_ws_ros2/install/local_setup.ps1'
[5.196s] INFO:colcon.colcon_core.shell:Creating prefix util module '/home/adrien/proto_ws_ros2/install/_local_setup_util_ps1.py'
[5.196s] INFO:colcon.colcon_core.shell:Creating prefix chain script '/home/adrien/proto_ws_ros2/install/setup.ps1'
[5.198s] INFO:colcon.colcon_core.shell:Creating prefix script '/home/adrien/proto_ws_ros2/install/local_setup.sh'
[5.198s] INFO:colcon.colcon_core.shell:Creating prefix util module '/home/adrien/proto_ws_ros2/install/_local_setup_util_sh.py'
[5.198s] INFO:colcon.colcon_core.shell:Creating prefix chain script '/home/adrien/proto_ws_ros2/install/setup.sh'
[5.200s] INFO:colcon.colcon_core.shell:Creating prefix script '/home/adrien/proto_ws_ros2/install/local_setup.bash'
[5.200s] INFO:colcon.colcon_core.shell:Creating prefix chain script '/home/adrien/proto_ws_ros2/install/setup.bash'
[5.201s] INFO:colcon.colcon_core.shell:Creating prefix script '/home/adrien/proto_ws_ros2/install/local_setup.zsh'
[5.202s] INFO:colcon.colcon_core.shell:Creating prefix chain script '/home/adrien/proto_ws_ros2/install/setup.zsh'
