[0.025s] Invoking command in '/home/adrien/proto_ws_ros2/build/dynamixel_sdk_examples': CMAKE_PREFIX_PATH=/home/adrien/proto_ws_ros2/install/dynamixel_sdk_custom_interfaces:/home/adrien/proto_ws_ros2/install/dynamixel_sdk:/home/adrien/proto_ws_ros2/install/dynamixel_sdk_examples:/opt/ros/humble /usr/bin/cmake --build /home/adrien/proto_ws_ros2/build/dynamixel_sdk_examples -- -j16 -l16
[0.102s] [35m[1mConsolidate compiler generated dependencies of target read_write_node[0m
[0.130s] [100%] Built target read_write_node
[0.144s] Invoked command in '/home/adrien/proto_ws_ros2/build/dynamixel_sdk_examples' returned '0': CMAKE_PREFIX_PATH=/home/adrien/proto_ws_ros2/install/dynamixel_sdk_custom_interfaces:/home/adrien/proto_ws_ros2/install/dynamixel_sdk:/home/adrien/proto_ws_ros2/install/dynamixel_sdk_examples:/opt/ros/humble /usr/bin/cmake --build /home/adrien/proto_ws_ros2/build/dynamixel_sdk_examples -- -j16 -l16
[0.194s] Invoking command in '/home/adrien/proto_ws_ros2/build/dynamixel_sdk_examples': CMAKE_PREFIX_PATH=/home/adrien/proto_ws_ros2/install/dynamixel_sdk_custom_interfaces:/home/adrien/proto_ws_ros2/install/dynamixel_sdk:/home/adrien/proto_ws_ros2/install/dynamixel_sdk_examples:/opt/ros/humble /usr/bin/cmake --install /home/adrien/proto_ws_ros2/build/dynamixel_sdk_examples
[0.211s] -- Install configuration: ""
[0.212s] -- Up-to-date: /home/adrien/proto_ws_ros2/install/dynamixel_sdk_examples/lib/dynamixel_sdk_examples/read_write_node
[0.212s] -- Up-to-date: /home/adrien/proto_ws_ros2/install/dynamixel_sdk_examples/share/ament_index/resource_index/package_run_dependencies/dynamixel_sdk_examples
[0.213s] -- Up-to-date: /home/adrien/proto_ws_ros2/install/dynamixel_sdk_examples/share/ament_index/resource_index/parent_prefix_path/dynamixel_sdk_examples
[0.213s] -- Up-to-date: /home/adrien/proto_ws_ros2/install/dynamixel_sdk_examples/share/dynamixel_sdk_examples/environment/ament_prefix_path.sh
[0.213s] -- Up-to-date: /home/adrien/proto_ws_ros2/install/dynamixel_sdk_examples/share/dynamixel_sdk_examples/environment/ament_prefix_path.dsv
[0.213s] -- Up-to-date: /home/adrien/proto_ws_ros2/install/dynamixel_sdk_examples/share/dynamixel_sdk_examples/environment/path.sh
[0.213s] -- Up-to-date: /home/adrien/proto_ws_ros2/install/dynamixel_sdk_examples/share/dynamixel_sdk_examples/environment/path.dsv
[0.214s] -- Up-to-date: /home/adrien/proto_ws_ros2/install/dynamixel_sdk_examples/share/dynamixel_sdk_examples/local_setup.bash
[0.214s] -- Up-to-date: /home/adrien/proto_ws_ros2/install/dynamixel_sdk_examples/share/dynamixel_sdk_examples/local_setup.sh
[0.214s] -- Up-to-date: /home/adrien/proto_ws_ros2/install/dynamixel_sdk_examples/share/dynamixel_sdk_examples/local_setup.zsh
[0.214s] -- Up-to-date: /home/adrien/proto_ws_ros2/install/dynamixel_sdk_examples/share/dynamixel_sdk_examples/local_setup.dsv
[0.214s] -- Installing: /home/adrien/proto_ws_ros2/install/dynamixel_sdk_examples/share/dynamixel_sdk_examples/package.dsv
[0.214s] -- Up-to-date: /home/adrien/proto_ws_ros2/install/dynamixel_sdk_examples/share/ament_index/resource_index/packages/dynamixel_sdk_examples
[0.215s] -- Up-to-date: /home/adrien/proto_ws_ros2/install/dynamixel_sdk_examples/share/dynamixel_sdk_examples/cmake/dynamixel_sdk_examplesConfig.cmake
[0.215s] -- Up-to-date: /home/adrien/proto_ws_ros2/install/dynamixel_sdk_examples/share/dynamixel_sdk_examples/cmake/dynamixel_sdk_examplesConfig-version.cmake
[0.215s] -- Up-to-date: /home/adrien/proto_ws_ros2/install/dynamixel_sdk_examples/share/dynamixel_sdk_examples/package.xml
[0.223s] Invoked command in '/home/adrien/proto_ws_ros2/build/dynamixel_sdk_examples' returned '0': CMAKE_PREFIX_PATH=/home/adrien/proto_ws_ros2/install/dynamixel_sdk_custom_interfaces:/home/adrien/proto_ws_ros2/install/dynamixel_sdk:/home/adrien/proto_ws_ros2/install/dynamixel_sdk_examples:/opt/ros/humble /usr/bin/cmake --install /home/adrien/proto_ws_ros2/build/dynamixel_sdk_examples
