[0.010s] Invoking command in '/home/adrien/proto_ws_ros2/build/dynamixel_sdk_custom_interfaces': CMAKE_PREFIX_PATH=/opt/ros/humble /usr/bin/cmake --build /home/adrien/proto_ws_ros2/build/dynamixel_sdk_custom_interfaces -- -j16 -l16
[0.078s] [35m[1mConsolidate compiler generated dependencies of target dynamixel_sdk_custom_interfaces__rosidl_generator_c[0m
[0.089s] [  2%] Built target dynamixel_sdk_custom_interfaces__cpp
[0.092s] [ 12%] Built target dynamixel_sdk_custom_interfaces__rosidl_generator_c
[0.102s] [35m[1mConsolidate compiler generated dependencies of target dynamixel_sdk_custom_interfaces__rosidl_typesupport_cpp[0m
[0.102s] [35m[1mConsolidate compiler generated dependencies of target dynamixel_sdk_custom_interfaces__rosidl_typesupport_fastrtps_cpp[0m
[0.103s] [35m[1mConsolidate compiler generated dependencies of target dynamixel_sdk_custom_interfaces__rosidl_typesupport_introspection_cpp[0m
[0.104s] [35m[1mConsolidate compiler generated dependencies of target dynamixel_sdk_custom_interfaces__rosidl_typesupport_introspection_c[0m
[0.104s] [35m[1mConsolidate compiler generated dependencies of target dynamixel_sdk_custom_interfaces__rosidl_typesupport_fastrtps_c[0m
[0.107s] [35m[1mConsolidate compiler generated dependencies of target dynamixel_sdk_custom_interfaces__rosidl_typesupport_c[0m
[0.113s] [ 12%] Built target ament_cmake_python_copy_dynamixel_sdk_custom_interfaces
[0.118s] [ 33%] Built target dynamixel_sdk_custom_interfaces__rosidl_typesupport_introspection_c
[0.118s] [ 33%] Built target dynamixel_sdk_custom_interfaces__rosidl_typesupport_cpp
[0.119s] [ 43%] Built target dynamixel_sdk_custom_interfaces__rosidl_typesupport_c
[0.120s] [ 64%] Built target dynamixel_sdk_custom_interfaces__rosidl_typesupport_fastrtps_cpp
[0.120s] [ 64%] Built target dynamixel_sdk_custom_interfaces__rosidl_typesupport_introspection_cpp
[0.123s] [ 74%] Built target dynamixel_sdk_custom_interfaces__rosidl_typesupport_fastrtps_c
[0.146s] [ 74%] Built target dynamixel_sdk_custom_interfaces
[0.171s] [ 76%] Built target dynamixel_sdk_custom_interfaces__py
[0.184s] [35m[1mConsolidate compiler generated dependencies of target dynamixel_sdk_custom_interfaces__rosidl_generator_py[0m
[0.201s] [ 84%] Built target dynamixel_sdk_custom_interfaces__rosidl_generator_py
[0.213s] [35m[1mConsolidate compiler generated dependencies of target dynamixel_sdk_custom_interfaces__rosidl_typesupport_fastrtps_c__pyext[0m
[0.213s] [35m[1mConsolidate compiler generated dependencies of target dynamixel_sdk_custom_interfaces__rosidl_typesupport_c__pyext[0m
[0.214s] [35m[1mConsolidate compiler generated dependencies of target dynamixel_sdk_custom_interfaces__rosidl_typesupport_introspection_c__pyext[0m
[0.228s] [ 94%] Built target dynamixel_sdk_custom_interfaces__rosidl_typesupport_c__pyext
[0.228s] [ 94%] Built target dynamixel_sdk_custom_interfaces__rosidl_typesupport_fastrtps_c__pyext
[0.229s] [100%] Built target dynamixel_sdk_custom_interfaces__rosidl_typesupport_introspection_c__pyext
[0.321s] running egg_info
[0.322s] writing dynamixel_sdk_custom_interfaces.egg-info/PKG-INFO
[0.322s] writing dependency_links to dynamixel_sdk_custom_interfaces.egg-info/dependency_links.txt
[0.322s] writing top-level names to dynamixel_sdk_custom_interfaces.egg-info/top_level.txt
[0.325s] reading manifest file 'dynamixel_sdk_custom_interfaces.egg-info/SOURCES.txt'
[0.325s] writing manifest file 'dynamixel_sdk_custom_interfaces.egg-info/SOURCES.txt'
[0.354s] [100%] Built target ament_cmake_python_build_dynamixel_sdk_custom_interfaces_egg
[0.369s] Invoked command in '/home/adrien/proto_ws_ros2/build/dynamixel_sdk_custom_interfaces' returned '0': CMAKE_PREFIX_PATH=/opt/ros/humble /usr/bin/cmake --build /home/adrien/proto_ws_ros2/build/dynamixel_sdk_custom_interfaces -- -j16 -l16
[0.511s] Invoking command in '/home/adrien/proto_ws_ros2/build/dynamixel_sdk_custom_interfaces': CMAKE_PREFIX_PATH=/opt/ros/humble /usr/bin/cmake --install /home/adrien/proto_ws_ros2/build/dynamixel_sdk_custom_interfaces
[0.520s] -- Install configuration: ""
[0.520s] -- Up-to-date: /home/adrien/proto_ws_ros2/install/dynamixel_sdk_custom_interfaces/share/ament_index/resource_index/rosidl_interfaces/dynamixel_sdk_custom_interfaces
[0.520s] -- Up-to-date: /home/adrien/proto_ws_ros2/install/dynamixel_sdk_custom_interfaces/include/dynamixel_sdk_custom_interfaces/dynamixel_sdk_custom_interfaces
[0.520s] -- Up-to-date: /home/adrien/proto_ws_ros2/install/dynamixel_sdk_custom_interfaces/include/dynamixel_sdk_custom_interfaces/dynamixel_sdk_custom_interfaces/srv
[0.520s] -- Up-to-date: /home/adrien/proto_ws_ros2/install/dynamixel_sdk_custom_interfaces/include/dynamixel_sdk_custom_interfaces/dynamixel_sdk_custom_interfaces/srv/detail
[0.521s] -- Up-to-date: /home/adrien/proto_ws_ros2/install/dynamixel_sdk_custom_interfaces/include/dynamixel_sdk_custom_interfaces/dynamixel_sdk_custom_interfaces/srv/detail/get_position__functions.c
[0.521s] -- Up-to-date: /home/adrien/proto_ws_ros2/install/dynamixel_sdk_custom_interfaces/include/dynamixel_sdk_custom_interfaces/dynamixel_sdk_custom_interfaces/srv/detail/get_position__struct.h
[0.521s] -- Up-to-date: /home/adrien/proto_ws_ros2/install/dynamixel_sdk_custom_interfaces/include/dynamixel_sdk_custom_interfaces/dynamixel_sdk_custom_interfaces/srv/detail/get_position__functions.h
[0.521s] -- Up-to-date: /home/adrien/proto_ws_ros2/install/dynamixel_sdk_custom_interfaces/include/dynamixel_sdk_custom_interfaces/dynamixel_sdk_custom_interfaces/srv/detail/get_position__type_support.h
[0.521s] -- Up-to-date: /home/adrien/proto_ws_ros2/install/dynamixel_sdk_custom_interfaces/include/dynamixel_sdk_custom_interfaces/dynamixel_sdk_custom_interfaces/srv/get_position.h
[0.521s] -- Up-to-date: /home/adrien/proto_ws_ros2/install/dynamixel_sdk_custom_interfaces/include/dynamixel_sdk_custom_interfaces/dynamixel_sdk_custom_interfaces/msg
[0.521s] -- Up-to-date: /home/adrien/proto_ws_ros2/install/dynamixel_sdk_custom_interfaces/include/dynamixel_sdk_custom_interfaces/dynamixel_sdk_custom_interfaces/msg/rosidl_generator_c__visibility_control.h
[0.521s] -- Up-to-date: /home/adrien/proto_ws_ros2/install/dynamixel_sdk_custom_interfaces/include/dynamixel_sdk_custom_interfaces/dynamixel_sdk_custom_interfaces/msg/detail
[0.521s] -- Up-to-date: /home/adrien/proto_ws_ros2/install/dynamixel_sdk_custom_interfaces/include/dynamixel_sdk_custom_interfaces/dynamixel_sdk_custom_interfaces/msg/detail/set_position__functions.c
[0.521s] -- Up-to-date: /home/adrien/proto_ws_ros2/install/dynamixel_sdk_custom_interfaces/include/dynamixel_sdk_custom_interfaces/dynamixel_sdk_custom_interfaces/msg/detail/set_position__struct.h
[0.522s] -- Up-to-date: /home/adrien/proto_ws_ros2/install/dynamixel_sdk_custom_interfaces/include/dynamixel_sdk_custom_interfaces/dynamixel_sdk_custom_interfaces/msg/detail/set_position__functions.h
[0.522s] -- Up-to-date: /home/adrien/proto_ws_ros2/install/dynamixel_sdk_custom_interfaces/include/dynamixel_sdk_custom_interfaces/dynamixel_sdk_custom_interfaces/msg/detail/set_position__type_support.h
[0.522s] -- Up-to-date: /home/adrien/proto_ws_ros2/install/dynamixel_sdk_custom_interfaces/include/dynamixel_sdk_custom_interfaces/dynamixel_sdk_custom_interfaces/msg/set_position.h
[0.522s] -- Up-to-date: /home/adrien/proto_ws_ros2/install/dynamixel_sdk_custom_interfaces/share/dynamixel_sdk_custom_interfaces/environment/library_path.sh
[0.522s] -- Up-to-date: /home/adrien/proto_ws_ros2/install/dynamixel_sdk_custom_interfaces/share/dynamixel_sdk_custom_interfaces/environment/library_path.dsv
[0.522s] -- Up-to-date: /home/adrien/proto_ws_ros2/install/dynamixel_sdk_custom_interfaces/lib/libdynamixel_sdk_custom_interfaces__rosidl_generator_c.so
[0.522s] -- Up-to-date: /home/adrien/proto_ws_ros2/install/dynamixel_sdk_custom_interfaces/include/dynamixel_sdk_custom_interfaces/dynamixel_sdk_custom_interfaces
[0.522s] -- Up-to-date: /home/adrien/proto_ws_ros2/install/dynamixel_sdk_custom_interfaces/include/dynamixel_sdk_custom_interfaces/dynamixel_sdk_custom_interfaces/srv
[0.522s] -- Up-to-date: /home/adrien/proto_ws_ros2/install/dynamixel_sdk_custom_interfaces/include/dynamixel_sdk_custom_interfaces/dynamixel_sdk_custom_interfaces/srv/detail
[0.522s] -- Up-to-date: /home/adrien/proto_ws_ros2/install/dynamixel_sdk_custom_interfaces/include/dynamixel_sdk_custom_interfaces/dynamixel_sdk_custom_interfaces/srv/detail/get_position__rosidl_typesupport_fastrtps_c.h
[0.523s] -- Up-to-date: /home/adrien/proto_ws_ros2/install/dynamixel_sdk_custom_interfaces/include/dynamixel_sdk_custom_interfaces/dynamixel_sdk_custom_interfaces/msg
[0.523s] -- Up-to-date: /home/adrien/proto_ws_ros2/install/dynamixel_sdk_custom_interfaces/include/dynamixel_sdk_custom_interfaces/dynamixel_sdk_custom_interfaces/msg/detail
[0.523s] -- Up-to-date: /home/adrien/proto_ws_ros2/install/dynamixel_sdk_custom_interfaces/include/dynamixel_sdk_custom_interfaces/dynamixel_sdk_custom_interfaces/msg/detail/set_position__rosidl_typesupport_fastrtps_c.h
[0.523s] -- Up-to-date: /home/adrien/proto_ws_ros2/install/dynamixel_sdk_custom_interfaces/include/dynamixel_sdk_custom_interfaces/dynamixel_sdk_custom_interfaces/msg/rosidl_typesupport_fastrtps_c__visibility_control.h
[0.523s] -- Up-to-date: /home/adrien/proto_ws_ros2/install/dynamixel_sdk_custom_interfaces/lib/libdynamixel_sdk_custom_interfaces__rosidl_typesupport_fastrtps_c.so
[0.523s] -- Up-to-date: /home/adrien/proto_ws_ros2/install/dynamixel_sdk_custom_interfaces/include/dynamixel_sdk_custom_interfaces/dynamixel_sdk_custom_interfaces
[0.523s] -- Up-to-date: /home/adrien/proto_ws_ros2/install/dynamixel_sdk_custom_interfaces/include/dynamixel_sdk_custom_interfaces/dynamixel_sdk_custom_interfaces/srv
[0.523s] -- Up-to-date: /home/adrien/proto_ws_ros2/install/dynamixel_sdk_custom_interfaces/include/dynamixel_sdk_custom_interfaces/dynamixel_sdk_custom_interfaces/srv/detail
[0.523s] -- Up-to-date: /home/adrien/proto_ws_ros2/install/dynamixel_sdk_custom_interfaces/include/dynamixel_sdk_custom_interfaces/dynamixel_sdk_custom_interfaces/srv/detail/get_position__builder.hpp
[0.523s] -- Up-to-date: /home/adrien/proto_ws_ros2/install/dynamixel_sdk_custom_interfaces/include/dynamixel_sdk_custom_interfaces/dynamixel_sdk_custom_interfaces/srv/detail/get_position__traits.hpp
[0.524s] -- Up-to-date: /home/adrien/proto_ws_ros2/install/dynamixel_sdk_custom_interfaces/include/dynamixel_sdk_custom_interfaces/dynamixel_sdk_custom_interfaces/srv/detail/get_position__struct.hpp
[0.524s] -- Up-to-date: /home/adrien/proto_ws_ros2/install/dynamixel_sdk_custom_interfaces/include/dynamixel_sdk_custom_interfaces/dynamixel_sdk_custom_interfaces/srv/get_position.hpp
[0.524s] -- Up-to-date: /home/adrien/proto_ws_ros2/install/dynamixel_sdk_custom_interfaces/include/dynamixel_sdk_custom_interfaces/dynamixel_sdk_custom_interfaces/msg
[0.524s] -- Up-to-date: /home/adrien/proto_ws_ros2/install/dynamixel_sdk_custom_interfaces/include/dynamixel_sdk_custom_interfaces/dynamixel_sdk_custom_interfaces/msg/detail
[0.524s] -- Up-to-date: /home/adrien/proto_ws_ros2/install/dynamixel_sdk_custom_interfaces/include/dynamixel_sdk_custom_interfaces/dynamixel_sdk_custom_interfaces/msg/detail/set_position__builder.hpp
[0.524s] -- Up-to-date: /home/adrien/proto_ws_ros2/install/dynamixel_sdk_custom_interfaces/include/dynamixel_sdk_custom_interfaces/dynamixel_sdk_custom_interfaces/msg/detail/set_position__struct.hpp
[0.524s] -- Up-to-date: /home/adrien/proto_ws_ros2/install/dynamixel_sdk_custom_interfaces/include/dynamixel_sdk_custom_interfaces/dynamixel_sdk_custom_interfaces/msg/detail/set_position__traits.hpp
[0.524s] -- Up-to-date: /home/adrien/proto_ws_ros2/install/dynamixel_sdk_custom_interfaces/include/dynamixel_sdk_custom_interfaces/dynamixel_sdk_custom_interfaces/msg/set_position.hpp
[0.524s] -- Up-to-date: /home/adrien/proto_ws_ros2/install/dynamixel_sdk_custom_interfaces/include/dynamixel_sdk_custom_interfaces/dynamixel_sdk_custom_interfaces
[0.525s] -- Up-to-date: /home/adrien/proto_ws_ros2/install/dynamixel_sdk_custom_interfaces/include/dynamixel_sdk_custom_interfaces/dynamixel_sdk_custom_interfaces/srv
[0.525s] -- Up-to-date: /home/adrien/proto_ws_ros2/install/dynamixel_sdk_custom_interfaces/include/dynamixel_sdk_custom_interfaces/dynamixel_sdk_custom_interfaces/srv/detail
[0.525s] -- Up-to-date: /home/adrien/proto_ws_ros2/install/dynamixel_sdk_custom_interfaces/include/dynamixel_sdk_custom_interfaces/dynamixel_sdk_custom_interfaces/srv/detail/dds_fastrtps
[0.525s] -- Up-to-date: /home/adrien/proto_ws_ros2/install/dynamixel_sdk_custom_interfaces/include/dynamixel_sdk_custom_interfaces/dynamixel_sdk_custom_interfaces/srv/detail/get_position__rosidl_typesupport_fastrtps_cpp.hpp
[0.525s] -- Up-to-date: /home/adrien/proto_ws_ros2/install/dynamixel_sdk_custom_interfaces/include/dynamixel_sdk_custom_interfaces/dynamixel_sdk_custom_interfaces/msg
[0.525s] -- Up-to-date: /home/adrien/proto_ws_ros2/install/dynamixel_sdk_custom_interfaces/include/dynamixel_sdk_custom_interfaces/dynamixel_sdk_custom_interfaces/msg/detail
[0.525s] -- Up-to-date: /home/adrien/proto_ws_ros2/install/dynamixel_sdk_custom_interfaces/include/dynamixel_sdk_custom_interfaces/dynamixel_sdk_custom_interfaces/msg/detail/dds_fastrtps
[0.525s] -- Up-to-date: /home/adrien/proto_ws_ros2/install/dynamixel_sdk_custom_interfaces/include/dynamixel_sdk_custom_interfaces/dynamixel_sdk_custom_interfaces/msg/detail/set_position__rosidl_typesupport_fastrtps_cpp.hpp
[0.525s] -- Up-to-date: /home/adrien/proto_ws_ros2/install/dynamixel_sdk_custom_interfaces/include/dynamixel_sdk_custom_interfaces/dynamixel_sdk_custom_interfaces/msg/rosidl_typesupport_fastrtps_cpp__visibility_control.h
[0.525s] -- Up-to-date: /home/adrien/proto_ws_ros2/install/dynamixel_sdk_custom_interfaces/lib/libdynamixel_sdk_custom_interfaces__rosidl_typesupport_fastrtps_cpp.so
[0.526s] -- Up-to-date: /home/adrien/proto_ws_ros2/install/dynamixel_sdk_custom_interfaces/include/dynamixel_sdk_custom_interfaces/dynamixel_sdk_custom_interfaces
[0.526s] -- Up-to-date: /home/adrien/proto_ws_ros2/install/dynamixel_sdk_custom_interfaces/include/dynamixel_sdk_custom_interfaces/dynamixel_sdk_custom_interfaces/srv
[0.526s] -- Up-to-date: /home/adrien/proto_ws_ros2/install/dynamixel_sdk_custom_interfaces/include/dynamixel_sdk_custom_interfaces/dynamixel_sdk_custom_interfaces/srv/detail
[0.526s] -- Up-to-date: /home/adrien/proto_ws_ros2/install/dynamixel_sdk_custom_interfaces/include/dynamixel_sdk_custom_interfaces/dynamixel_sdk_custom_interfaces/srv/detail/get_position__type_support.c
[0.526s] -- Up-to-date: /home/adrien/proto_ws_ros2/install/dynamixel_sdk_custom_interfaces/include/dynamixel_sdk_custom_interfaces/dynamixel_sdk_custom_interfaces/srv/detail/get_position__rosidl_typesupport_introspection_c.h
[0.526s] -- Up-to-date: /home/adrien/proto_ws_ros2/install/dynamixel_sdk_custom_interfaces/include/dynamixel_sdk_custom_interfaces/dynamixel_sdk_custom_interfaces/msg
[0.526s] -- Up-to-date: /home/adrien/proto_ws_ros2/install/dynamixel_sdk_custom_interfaces/include/dynamixel_sdk_custom_interfaces/dynamixel_sdk_custom_interfaces/msg/detail
[0.526s] -- Up-to-date: /home/adrien/proto_ws_ros2/install/dynamixel_sdk_custom_interfaces/include/dynamixel_sdk_custom_interfaces/dynamixel_sdk_custom_interfaces/msg/detail/set_position__type_support.c
[0.526s] -- Up-to-date: /home/adrien/proto_ws_ros2/install/dynamixel_sdk_custom_interfaces/include/dynamixel_sdk_custom_interfaces/dynamixel_sdk_custom_interfaces/msg/detail/set_position__rosidl_typesupport_introspection_c.h
[0.526s] -- Up-to-date: /home/adrien/proto_ws_ros2/install/dynamixel_sdk_custom_interfaces/include/dynamixel_sdk_custom_interfaces/dynamixel_sdk_custom_interfaces/msg/rosidl_typesupport_introspection_c__visibility_control.h
[0.526s] -- Up-to-date: /home/adrien/proto_ws_ros2/install/dynamixel_sdk_custom_interfaces/lib/libdynamixel_sdk_custom_interfaces__rosidl_typesupport_introspection_c.so
[0.526s] -- Up-to-date: /home/adrien/proto_ws_ros2/install/dynamixel_sdk_custom_interfaces/lib/libdynamixel_sdk_custom_interfaces__rosidl_typesupport_c.so
[0.527s] -- Up-to-date: /home/adrien/proto_ws_ros2/install/dynamixel_sdk_custom_interfaces/include/dynamixel_sdk_custom_interfaces/dynamixel_sdk_custom_interfaces
[0.527s] -- Up-to-date: /home/adrien/proto_ws_ros2/install/dynamixel_sdk_custom_interfaces/include/dynamixel_sdk_custom_interfaces/dynamixel_sdk_custom_interfaces/srv
[0.527s] -- Up-to-date: /home/adrien/proto_ws_ros2/install/dynamixel_sdk_custom_interfaces/include/dynamixel_sdk_custom_interfaces/dynamixel_sdk_custom_interfaces/srv/detail
[0.527s] -- Up-to-date: /home/adrien/proto_ws_ros2/install/dynamixel_sdk_custom_interfaces/include/dynamixel_sdk_custom_interfaces/dynamixel_sdk_custom_interfaces/srv/detail/get_position__rosidl_typesupport_introspection_cpp.hpp
[0.527s] -- Up-to-date: /home/adrien/proto_ws_ros2/install/dynamixel_sdk_custom_interfaces/include/dynamixel_sdk_custom_interfaces/dynamixel_sdk_custom_interfaces/srv/detail/get_position__type_support.cpp
[0.527s] -- Up-to-date: /home/adrien/proto_ws_ros2/install/dynamixel_sdk_custom_interfaces/include/dynamixel_sdk_custom_interfaces/dynamixel_sdk_custom_interfaces/msg
[0.527s] -- Up-to-date: /home/adrien/proto_ws_ros2/install/dynamixel_sdk_custom_interfaces/include/dynamixel_sdk_custom_interfaces/dynamixel_sdk_custom_interfaces/msg/detail
[0.527s] -- Up-to-date: /home/adrien/proto_ws_ros2/install/dynamixel_sdk_custom_interfaces/include/dynamixel_sdk_custom_interfaces/dynamixel_sdk_custom_interfaces/msg/detail/set_position__rosidl_typesupport_introspection_cpp.hpp
[0.527s] -- Up-to-date: /home/adrien/proto_ws_ros2/install/dynamixel_sdk_custom_interfaces/include/dynamixel_sdk_custom_interfaces/dynamixel_sdk_custom_interfaces/msg/detail/set_position__type_support.cpp
[0.527s] -- Up-to-date: /home/adrien/proto_ws_ros2/install/dynamixel_sdk_custom_interfaces/lib/libdynamixel_sdk_custom_interfaces__rosidl_typesupport_introspection_cpp.so
[0.528s] -- Up-to-date: /home/adrien/proto_ws_ros2/install/dynamixel_sdk_custom_interfaces/lib/libdynamixel_sdk_custom_interfaces__rosidl_typesupport_cpp.so
[0.528s] -- Up-to-date: /home/adrien/proto_ws_ros2/install/dynamixel_sdk_custom_interfaces/share/dynamixel_sdk_custom_interfaces/environment/pythonpath.sh
[0.528s] -- Up-to-date: /home/adrien/proto_ws_ros2/install/dynamixel_sdk_custom_interfaces/share/dynamixel_sdk_custom_interfaces/environment/pythonpath.dsv
[0.528s] -- Up-to-date: /home/adrien/proto_ws_ros2/install/dynamixel_sdk_custom_interfaces/local/lib/python3.10/dist-packages/dynamixel_sdk_custom_interfaces-3.7.60-py3.10.egg-info
[0.528s] -- Installing: /home/adrien/proto_ws_ros2/install/dynamixel_sdk_custom_interfaces/local/lib/python3.10/dist-packages/dynamixel_sdk_custom_interfaces-3.7.60-py3.10.egg-info/PKG-INFO
[0.528s] -- Installing: /home/adrien/proto_ws_ros2/install/dynamixel_sdk_custom_interfaces/local/lib/python3.10/dist-packages/dynamixel_sdk_custom_interfaces-3.7.60-py3.10.egg-info/top_level.txt
[0.528s] -- Installing: /home/adrien/proto_ws_ros2/install/dynamixel_sdk_custom_interfaces/local/lib/python3.10/dist-packages/dynamixel_sdk_custom_interfaces-3.7.60-py3.10.egg-info/dependency_links.txt
[0.528s] -- Installing: /home/adrien/proto_ws_ros2/install/dynamixel_sdk_custom_interfaces/local/lib/python3.10/dist-packages/dynamixel_sdk_custom_interfaces-3.7.60-py3.10.egg-info/SOURCES.txt
[0.528s] -- Up-to-date: /home/adrien/proto_ws_ros2/install/dynamixel_sdk_custom_interfaces/local/lib/python3.10/dist-packages/dynamixel_sdk_custom_interfaces
[0.528s] -- Up-to-date: /home/adrien/proto_ws_ros2/install/dynamixel_sdk_custom_interfaces/local/lib/python3.10/dist-packages/dynamixel_sdk_custom_interfaces/dynamixel_sdk_custom_interfaces_s__rosidl_typesupport_fastrtps_c.cpython-310-x86_64-linux-gnu.so
[0.528s] -- Up-to-date: /home/adrien/proto_ws_ros2/install/dynamixel_sdk_custom_interfaces/local/lib/python3.10/dist-packages/dynamixel_sdk_custom_interfaces/dynamixel_sdk_custom_interfaces_s__rosidl_typesupport_introspection_c.cpython-310-x86_64-linux-gnu.so
[0.528s] -- Up-to-date: /home/adrien/proto_ws_ros2/install/dynamixel_sdk_custom_interfaces/local/lib/python3.10/dist-packages/dynamixel_sdk_custom_interfaces/_dynamixel_sdk_custom_interfaces_s.ep.rosidl_typesupport_c.c
[0.529s] -- Up-to-date: /home/adrien/proto_ws_ros2/install/dynamixel_sdk_custom_interfaces/local/lib/python3.10/dist-packages/dynamixel_sdk_custom_interfaces/srv
[0.529s] -- Up-to-date: /home/adrien/proto_ws_ros2/install/dynamixel_sdk_custom_interfaces/local/lib/python3.10/dist-packages/dynamixel_sdk_custom_interfaces/srv/_get_position.py
[0.529s] -- Up-to-date: /home/adrien/proto_ws_ros2/install/dynamixel_sdk_custom_interfaces/local/lib/python3.10/dist-packages/dynamixel_sdk_custom_interfaces/srv/_get_position_s.c
[0.529s] -- Up-to-date: /home/adrien/proto_ws_ros2/install/dynamixel_sdk_custom_interfaces/local/lib/python3.10/dist-packages/dynamixel_sdk_custom_interfaces/srv/__init__.py
[0.529s] -- Up-to-date: /home/adrien/proto_ws_ros2/install/dynamixel_sdk_custom_interfaces/local/lib/python3.10/dist-packages/dynamixel_sdk_custom_interfaces/__init__.py
[0.529s] -- Up-to-date: /home/adrien/proto_ws_ros2/install/dynamixel_sdk_custom_interfaces/local/lib/python3.10/dist-packages/dynamixel_sdk_custom_interfaces/msg
[0.529s] -- Up-to-date: /home/adrien/proto_ws_ros2/install/dynamixel_sdk_custom_interfaces/local/lib/python3.10/dist-packages/dynamixel_sdk_custom_interfaces/msg/_set_position_s.c
[0.529s] -- Up-to-date: /home/adrien/proto_ws_ros2/install/dynamixel_sdk_custom_interfaces/local/lib/python3.10/dist-packages/dynamixel_sdk_custom_interfaces/msg/__init__.py
[0.529s] -- Up-to-date: /home/adrien/proto_ws_ros2/install/dynamixel_sdk_custom_interfaces/local/lib/python3.10/dist-packages/dynamixel_sdk_custom_interfaces/msg/_set_position.py
[0.529s] -- Up-to-date: /home/adrien/proto_ws_ros2/install/dynamixel_sdk_custom_interfaces/local/lib/python3.10/dist-packages/dynamixel_sdk_custom_interfaces/_dynamixel_sdk_custom_interfaces_s.ep.rosidl_typesupport_introspection_c.c
[0.529s] -- Up-to-date: /home/adrien/proto_ws_ros2/install/dynamixel_sdk_custom_interfaces/local/lib/python3.10/dist-packages/dynamixel_sdk_custom_interfaces/_dynamixel_sdk_custom_interfaces_s.ep.rosidl_typesupport_fastrtps_c.c
[0.529s] -- Up-to-date: /home/adrien/proto_ws_ros2/install/dynamixel_sdk_custom_interfaces/local/lib/python3.10/dist-packages/dynamixel_sdk_custom_interfaces/libdynamixel_sdk_custom_interfaces__rosidl_generator_py.so
[0.530s] -- Up-to-date: /home/adrien/proto_ws_ros2/install/dynamixel_sdk_custom_interfaces/local/lib/python3.10/dist-packages/dynamixel_sdk_custom_interfaces/dynamixel_sdk_custom_interfaces_s__rosidl_typesupport_c.cpython-310-x86_64-linux-gnu.so
[0.561s] Listing '/home/adrien/proto_ws_ros2/install/dynamixel_sdk_custom_interfaces/local/lib/python3.10/dist-packages/dynamixel_sdk_custom_interfaces'...
[0.562s] Listing '/home/adrien/proto_ws_ros2/install/dynamixel_sdk_custom_interfaces/local/lib/python3.10/dist-packages/dynamixel_sdk_custom_interfaces/msg'...
[0.562s] Listing '/home/adrien/proto_ws_ros2/install/dynamixel_sdk_custom_interfaces/local/lib/python3.10/dist-packages/dynamixel_sdk_custom_interfaces/srv'...
[0.566s] -- Up-to-date: /home/adrien/proto_ws_ros2/install/dynamixel_sdk_custom_interfaces/local/lib/python3.10/dist-packages/dynamixel_sdk_custom_interfaces/dynamixel_sdk_custom_interfaces_s__rosidl_typesupport_fastrtps_c.cpython-310-x86_64-linux-gnu.so
[0.566s] -- Up-to-date: /home/adrien/proto_ws_ros2/install/dynamixel_sdk_custom_interfaces/local/lib/python3.10/dist-packages/dynamixel_sdk_custom_interfaces/dynamixel_sdk_custom_interfaces_s__rosidl_typesupport_introspection_c.cpython-310-x86_64-linux-gnu.so
[0.566s] -- Up-to-date: /home/adrien/proto_ws_ros2/install/dynamixel_sdk_custom_interfaces/local/lib/python3.10/dist-packages/dynamixel_sdk_custom_interfaces/dynamixel_sdk_custom_interfaces_s__rosidl_typesupport_c.cpython-310-x86_64-linux-gnu.so
[0.567s] -- Up-to-date: /home/adrien/proto_ws_ros2/install/dynamixel_sdk_custom_interfaces/lib/libdynamixel_sdk_custom_interfaces__rosidl_generator_py.so
[0.567s] -- Up-to-date: /home/adrien/proto_ws_ros2/install/dynamixel_sdk_custom_interfaces/share/dynamixel_sdk_custom_interfaces/msg/SetPosition.idl
[0.567s] -- Up-to-date: /home/adrien/proto_ws_ros2/install/dynamixel_sdk_custom_interfaces/share/dynamixel_sdk_custom_interfaces/srv/GetPosition.idl
[0.567s] -- Up-to-date: /home/adrien/proto_ws_ros2/install/dynamixel_sdk_custom_interfaces/share/dynamixel_sdk_custom_interfaces/msg/SetPosition.msg
[0.567s] -- Up-to-date: /home/adrien/proto_ws_ros2/install/dynamixel_sdk_custom_interfaces/share/dynamixel_sdk_custom_interfaces/srv/GetPosition.srv
[0.567s] -- Up-to-date: /home/adrien/proto_ws_ros2/install/dynamixel_sdk_custom_interfaces/share/dynamixel_sdk_custom_interfaces/srv/GetPosition_Request.msg
[0.567s] -- Up-to-date: /home/adrien/proto_ws_ros2/install/dynamixel_sdk_custom_interfaces/share/dynamixel_sdk_custom_interfaces/srv/GetPosition_Response.msg
[0.568s] -- Up-to-date: /home/adrien/proto_ws_ros2/install/dynamixel_sdk_custom_interfaces/share/ament_index/resource_index/package_run_dependencies/dynamixel_sdk_custom_interfaces
[0.568s] -- Up-to-date: /home/adrien/proto_ws_ros2/install/dynamixel_sdk_custom_interfaces/share/ament_index/resource_index/parent_prefix_path/dynamixel_sdk_custom_interfaces
[0.568s] -- Up-to-date: /home/adrien/proto_ws_ros2/install/dynamixel_sdk_custom_interfaces/share/dynamixel_sdk_custom_interfaces/environment/ament_prefix_path.sh
[0.568s] -- Up-to-date: /home/adrien/proto_ws_ros2/install/dynamixel_sdk_custom_interfaces/share/dynamixel_sdk_custom_interfaces/environment/ament_prefix_path.dsv
[0.568s] -- Up-to-date: /home/adrien/proto_ws_ros2/install/dynamixel_sdk_custom_interfaces/share/dynamixel_sdk_custom_interfaces/environment/path.sh
[0.568s] -- Up-to-date: /home/adrien/proto_ws_ros2/install/dynamixel_sdk_custom_interfaces/share/dynamixel_sdk_custom_interfaces/environment/path.dsv
[0.568s] -- Up-to-date: /home/adrien/proto_ws_ros2/install/dynamixel_sdk_custom_interfaces/share/dynamixel_sdk_custom_interfaces/local_setup.bash
[0.568s] -- Up-to-date: /home/adrien/proto_ws_ros2/install/dynamixel_sdk_custom_interfaces/share/dynamixel_sdk_custom_interfaces/local_setup.sh
[0.568s] -- Up-to-date: /home/adrien/proto_ws_ros2/install/dynamixel_sdk_custom_interfaces/share/dynamixel_sdk_custom_interfaces/local_setup.zsh
[0.568s] -- Up-to-date: /home/adrien/proto_ws_ros2/install/dynamixel_sdk_custom_interfaces/share/dynamixel_sdk_custom_interfaces/local_setup.dsv
[0.568s] -- Installing: /home/adrien/proto_ws_ros2/install/dynamixel_sdk_custom_interfaces/share/dynamixel_sdk_custom_interfaces/package.dsv
[0.569s] -- Up-to-date: /home/adrien/proto_ws_ros2/install/dynamixel_sdk_custom_interfaces/share/ament_index/resource_index/packages/dynamixel_sdk_custom_interfaces
[0.569s] -- Up-to-date: /home/adrien/proto_ws_ros2/install/dynamixel_sdk_custom_interfaces/share/dynamixel_sdk_custom_interfaces/cmake/export_dynamixel_sdk_custom_interfaces__rosidl_generator_cExport.cmake
[0.569s] -- Up-to-date: /home/adrien/proto_ws_ros2/install/dynamixel_sdk_custom_interfaces/share/dynamixel_sdk_custom_interfaces/cmake/export_dynamixel_sdk_custom_interfaces__rosidl_generator_cExport-noconfig.cmake
[0.569s] -- Up-to-date: /home/adrien/proto_ws_ros2/install/dynamixel_sdk_custom_interfaces/share/dynamixel_sdk_custom_interfaces/cmake/export_dynamixel_sdk_custom_interfaces__rosidl_typesupport_fastrtps_cExport.cmake
[0.569s] -- Up-to-date: /home/adrien/proto_ws_ros2/install/dynamixel_sdk_custom_interfaces/share/dynamixel_sdk_custom_interfaces/cmake/export_dynamixel_sdk_custom_interfaces__rosidl_typesupport_fastrtps_cExport-noconfig.cmake
[0.569s] -- Up-to-date: /home/adrien/proto_ws_ros2/install/dynamixel_sdk_custom_interfaces/share/dynamixel_sdk_custom_interfaces/cmake/export_dynamixel_sdk_custom_interfaces__rosidl_generator_cppExport.cmake
[0.569s] -- Up-to-date: /home/adrien/proto_ws_ros2/install/dynamixel_sdk_custom_interfaces/share/dynamixel_sdk_custom_interfaces/cmake/export_dynamixel_sdk_custom_interfaces__rosidl_typesupport_fastrtps_cppExport.cmake
[0.569s] -- Up-to-date: /home/adrien/proto_ws_ros2/install/dynamixel_sdk_custom_interfaces/share/dynamixel_sdk_custom_interfaces/cmake/export_dynamixel_sdk_custom_interfaces__rosidl_typesupport_fastrtps_cppExport-noconfig.cmake
[0.569s] -- Up-to-date: /home/adrien/proto_ws_ros2/install/dynamixel_sdk_custom_interfaces/share/dynamixel_sdk_custom_interfaces/cmake/dynamixel_sdk_custom_interfaces__rosidl_typesupport_introspection_cExport.cmake
[0.569s] -- Up-to-date: /home/adrien/proto_ws_ros2/install/dynamixel_sdk_custom_interfaces/share/dynamixel_sdk_custom_interfaces/cmake/dynamixel_sdk_custom_interfaces__rosidl_typesupport_introspection_cExport-noconfig.cmake
[0.570s] -- Up-to-date: /home/adrien/proto_ws_ros2/install/dynamixel_sdk_custom_interfaces/share/dynamixel_sdk_custom_interfaces/cmake/dynamixel_sdk_custom_interfaces__rosidl_typesupport_cExport.cmake
[0.570s] -- Up-to-date: /home/adrien/proto_ws_ros2/install/dynamixel_sdk_custom_interfaces/share/dynamixel_sdk_custom_interfaces/cmake/dynamixel_sdk_custom_interfaces__rosidl_typesupport_cExport-noconfig.cmake
[0.570s] -- Up-to-date: /home/adrien/proto_ws_ros2/install/dynamixel_sdk_custom_interfaces/share/dynamixel_sdk_custom_interfaces/cmake/dynamixel_sdk_custom_interfaces__rosidl_typesupport_introspection_cppExport.cmake
[0.570s] -- Up-to-date: /home/adrien/proto_ws_ros2/install/dynamixel_sdk_custom_interfaces/share/dynamixel_sdk_custom_interfaces/cmake/dynamixel_sdk_custom_interfaces__rosidl_typesupport_introspection_cppExport-noconfig.cmake
[0.570s] -- Up-to-date: /home/adrien/proto_ws_ros2/install/dynamixel_sdk_custom_interfaces/share/dynamixel_sdk_custom_interfaces/cmake/dynamixel_sdk_custom_interfaces__rosidl_typesupport_cppExport.cmake
[0.570s] -- Up-to-date: /home/adrien/proto_ws_ros2/install/dynamixel_sdk_custom_interfaces/share/dynamixel_sdk_custom_interfaces/cmake/dynamixel_sdk_custom_interfaces__rosidl_typesupport_cppExport-noconfig.cmake
[0.570s] -- Up-to-date: /home/adrien/proto_ws_ros2/install/dynamixel_sdk_custom_interfaces/share/dynamixel_sdk_custom_interfaces/cmake/export_dynamixel_sdk_custom_interfaces__rosidl_generator_pyExport.cmake
[0.571s] -- Up-to-date: /home/adrien/proto_ws_ros2/install/dynamixel_sdk_custom_interfaces/share/dynamixel_sdk_custom_interfaces/cmake/export_dynamixel_sdk_custom_interfaces__rosidl_generator_pyExport-noconfig.cmake
[0.571s] -- Up-to-date: /home/adrien/proto_ws_ros2/install/dynamixel_sdk_custom_interfaces/share/dynamixel_sdk_custom_interfaces/cmake/rosidl_cmake-extras.cmake
[0.571s] -- Up-to-date: /home/adrien/proto_ws_ros2/install/dynamixel_sdk_custom_interfaces/share/dynamixel_sdk_custom_interfaces/cmake/ament_cmake_export_dependencies-extras.cmake
[0.571s] -- Up-to-date: /home/adrien/proto_ws_ros2/install/dynamixel_sdk_custom_interfaces/share/dynamixel_sdk_custom_interfaces/cmake/ament_cmake_export_include_directories-extras.cmake
[0.571s] -- Up-to-date: /home/adrien/proto_ws_ros2/install/dynamixel_sdk_custom_interfaces/share/dynamixel_sdk_custom_interfaces/cmake/ament_cmake_export_libraries-extras.cmake
[0.571s] -- Up-to-date: /home/adrien/proto_ws_ros2/install/dynamixel_sdk_custom_interfaces/share/dynamixel_sdk_custom_interfaces/cmake/ament_cmake_export_targets-extras.cmake
[0.571s] -- Up-to-date: /home/adrien/proto_ws_ros2/install/dynamixel_sdk_custom_interfaces/share/dynamixel_sdk_custom_interfaces/cmake/rosidl_cmake_export_typesupport_targets-extras.cmake
[0.571s] -- Up-to-date: /home/adrien/proto_ws_ros2/install/dynamixel_sdk_custom_interfaces/share/dynamixel_sdk_custom_interfaces/cmake/rosidl_cmake_export_typesupport_libraries-extras.cmake
[0.571s] -- Up-to-date: /home/adrien/proto_ws_ros2/install/dynamixel_sdk_custom_interfaces/share/dynamixel_sdk_custom_interfaces/cmake/dynamixel_sdk_custom_interfacesConfig.cmake
[0.571s] -- Up-to-date: /home/adrien/proto_ws_ros2/install/dynamixel_sdk_custom_interfaces/share/dynamixel_sdk_custom_interfaces/cmake/dynamixel_sdk_custom_interfacesConfig-version.cmake
[0.571s] -- Up-to-date: /home/adrien/proto_ws_ros2/install/dynamixel_sdk_custom_interfaces/share/dynamixel_sdk_custom_interfaces/package.xml
[0.577s] Invoked command in '/home/adrien/proto_ws_ros2/build/dynamixel_sdk_custom_interfaces' returned '0': CMAKE_PREFIX_PATH=/opt/ros/humble /usr/bin/cmake --install /home/adrien/proto_ws_ros2/build/dynamixel_sdk_custom_interfaces
